Step: build-step-credential-initializer-rzb49:

Unable to retrieve container logs for docker://a9b2f7c50b2dc8691e6db6cd9afae44dccd2e5dc06810d4d448b670e9c15f909
Step: build-step-working-dir-initializer-l64kf:

Unable to retrieve container logs for docker://83387068e6309137f1fd37a3cec73d4b8fe9be3af61b8b55166964583df1bb0d
Step: build-step-place-tools:

Unable to retrieve container logs for docker://61bc432d0fda2e2419f3c650056e64766ce40aca1222846fc37d01c10b537353
Step: build-step-git-source-jenkins-x-jenkins-x-builders-ml-4klks:

{"level":"warn","ts":1565606001.7582917,"logger":"fallback-logger","caller":"logging/config.go:65","msg":"Fetch GitHub commit ID from kodata failed: \"ref: refs/heads/master\" is not a valid GitHub commit ID"}
{"level":"info","ts":1565606003.1805182,"logger":"fallback-logger","caller":"git/git.go:102","msg":"Successfully cloned https://github.com/jenkins-x/jenkins-x-builders-ml @ 9e68c04fe8d81d6880891cb8b2e0a574c5df66d7 in path /workspace/source"}
Step: build-step-git-merge:

Warning failed to load version: failed to parse version -dev+9e73adc0b: No Major.Minor.Patch elements found
time="2019-08-12T10:33:24Z" level=info msg="got "
Using SHAs from PULL_REFS=master:2579beb2833b90f5a39d4dec34df3e0e8b957bb2,44:9e68c04fe8d81d6880891cb8b2e0a574c5df66d7
ran git fetch --unshallow origin 9e68c04fe8d81d6880891cb8b2e0a574c5df66d7: 2579beb2833b90f5a39d4dec34df3e0e8b957bb2: in 
ran git checkout master in 
ran git reset --hard 2579beb2833b90f5a39d4dec34df3e0e8b957bb2 in 
ran clean --force -d . in 
ran git merge 9e68c04fe8d81d6880891cb8b2e0a574c5df66d7 in 
Step: build-step-step2:

/builder/home/kaniko-secret.json
Step: build-step-warm-cache:

Step: build-step-build-and-push-machine-learning-gpu:

[36mINFO[0m[0000] Resolved base name gcr.io/jenkinsxio/builder-base:0.0.44 to gcr.io/jenkinsxio/builder-base:0.0.44 
[36mINFO[0m[0000] Resolved base name gcr.io/jenkinsxio/builder-base:0.0.44 to gcr.io/jenkinsxio/builder-base:0.0.44 
[36mINFO[0m[0000] Downloading base image gcr.io/jenkinsxio/builder-base:0.0.44 
[36mINFO[0m[0001] Found sha256:f889e888c351a595832da82ebbc375d22984bab79073185de16affdfcef40f73 in local cache 
[36mINFO[0m[0001] Found manifest at /workspace/sha256:f889e888c351a595832da82ebbc375d22984bab79073185de16affdfcef40f73.json 
[36mINFO[0m[0001] Built cross stage deps: map[]                
[36mINFO[0m[0001] Downloading base image gcr.io/jenkinsxio/builder-base:0.0.44 
[36mINFO[0m[0001] Found sha256:f889e888c351a595832da82ebbc375d22984bab79073185de16affdfcef40f73 in local cache 
[36mINFO[0m[0001] Found manifest at /workspace/sha256:f889e888c351a595832da82ebbc375d22984bab79073185de16affdfcef40f73.json 
[36mINFO[0m[0001] Checking for cached layer gcr.io/jenkinsxio/cache:6a0116863371be36736d34925436e37a721fa8fe4a752a37b11090fb7f0ca814... 
[36mINFO[0m[0002] Using caching version of cmd: RUN echo $'[cudarepo]\nname=Cuda Repository\nbaseurl=https://developer.download.nvidia.com/compute/cuda/repos/rhel7/x86_64/\nenabled=1\ngpgcheck=1\ngpgkey=https://developer.download.nvidia.com/compute/cuda/repos/rhel7/x86_64/7fa2af80.pub\n'>/etc/yum.repos.d/cuda.repo 
[36mINFO[0m[0002] Checking for cached layer gcr.io/jenkinsxio/cache:d6d32630cde1ce3a77596fc0f691996baec9dc9cc56ff425c1979735d6da40b2... 
[36mINFO[0m[0003] Using caching version of cmd: RUN yum clean all && yum -y install cuda-toolkit-10-0 
[36mINFO[0m[0003] Checking for cached layer gcr.io/jenkinsxio/cache:15ecac086f2347de73a77d62ea65381bf1e8ec6a41b6b82d622aef4d89010195... 
[36mINFO[0m[0004] Using caching version of cmd: RUN echo "/usr/local/nvidia/lib" >> /etc/ld.so.conf.d/nvidia.conf &&     echo "/usr/local/nvidia/lib64" >> /etc/ld.so.conf.d/nvidia.conf 
[36mINFO[0m[0004] Checking for cached layer gcr.io/jenkinsxio/cache:e02bb2189d3f6d65cf55c7b58cf3a77235be55cb2d86476df5eaf82d232b7400... 
[36mINFO[0m[0005] Using caching version of cmd: RUN curl -fLo anaconda.sh https://repo.anaconda.com/archive/Anaconda${ANACONDAVERSION}-Linux-x86_64.sh && sh ./anaconda.sh -b && eval "$(/root/anaconda3/bin/conda shell.bash hook)" && conda init && conda install -c conda-forge -c pytorch onnx=1.5.0 flake8=3.7.7 hypothesis=4.10.0 pytorch=1.1.0 -y && rm anaconda.sh 
[36mINFO[0m[0005] Checking for cached layer gcr.io/jenkinsxio/cache:90b2923a5a781e59103ef27cbf1e26720defc8d0a4dd1291aa8b50d7516e2156... 
[36mINFO[0m[0006] Using caching version of cmd: RUN mkdir git-lfs && curl "https://api.github.com/repos/git-lfs/git-lfs/releases/latest" |     grep '"tag_name":' |     sed -E 's/.*"([^"]+)".*/\1/' |     xargs -I {} curl -fL 'https://github.com/git-lfs/git-lfs/releases/download/'{}'/git-lfs-linux-amd64-'{}'.tar.gz' | tar xzvC git-lfs && git-lfs/install.sh && rm -rf git-lfs 
[36mINFO[0m[0006] Checking for cached layer gcr.io/jenkinsxio/cache:2318d046ed9f1aae14cdb323821c2df30bfbb79eb6563fbbce63b9fd7a2f013c... 
[36mINFO[0m[0006] No cached layer found for cmd RUN curl -f -L https://github.com/jenkins-x/**/releases/download/v${JX_VERSION}/**-linux-amd64.tar.gz | tar xzv &&   mv ** /usr/bin/ 
[36mINFO[0m[0006] Unpacking rootfs as cmd RUN curl -f -L https://github.com/jenkins-x/**/releases/download/v${JX_VERSION}/**-linux-amd64.tar.gz | tar xzv &&   mv ** /usr/bin/ requires it. 
[36mINFO[0m[0088] Taking snapshot of full filesystem...        
[36mINFO[0m[0167] RUN echo $'[cudarepo]\nname=Cuda Repository\nbaseurl=https://developer.download.nvidia.com/compute/cuda/repos/rhel7/x86_64/\nenabled=1\ngpgcheck=1\ngpgkey=https://developer.download.nvidia.com/compute/cuda/repos/rhel7/x86_64/7fa2af80.pub\n'>/etc/yum.repos.d/cuda.repo 
[36mINFO[0m[0167] Found cached layer, extracting to filesystem 
[36mINFO[0m[0168] Taking snapshot of files...                  
[36mINFO[0m[0168] RUN yum clean all && yum -y install cuda-toolkit-10-0 
[36mINFO[0m[0168] Found cached layer, extracting to filesystem 
[36mINFO[0m[0285] Taking snapshot of files...                  
[36mINFO[0m[0391] RUN echo "/usr/local/nvidia/lib" >> /etc/ld.so.conf.d/nvidia.conf &&     echo "/usr/local/nvidia/lib64" >> /etc/ld.so.conf.d/nvidia.conf 
[36mINFO[0m[0391] Found cached layer, extracting to filesystem 
[36mINFO[0m[0391] Taking snapshot of files...                  
[36mINFO[0m[0391] ENV PATH /usr/local/nvidia/bin:/usr/local/cuda/bin:${PATH} 
[36mINFO[0m[0391] No files changed in this command, skipping snapshotting. 
[36mINFO[0m[0391] ENV LD_LIBRARY_PATH /usr/local/nvidia/lib:/usr/local/nvidia/lib64 
[36mINFO[0m[0391] No files changed in this command, skipping snapshotting. 
[36mINFO[0m[0391] ENV NVIDIA_VISIBLE_DEVICES all               
[36mINFO[0m[0391] No files changed in this command, skipping snapshotting. 
[36mINFO[0m[0391] ENV NVIDIA_DRIVER_CAPABILITIES compute,utility 
[36mINFO[0m[0391] No files changed in this command, skipping snapshotting. 
[36mINFO[0m[0391] ENV NVIDIA_REQUIRE_CUDA "cuda>=10.0 brand=tesla,driver>=384,driver<385 brand=tesla,driver>=410,driver<411" 
[36mINFO[0m[0391] No files changed in this command, skipping snapshotting. 
[36mINFO[0m[0391] ENV ANACONDAVERSION 3-2019.03                
[36mINFO[0m[0391] No files changed in this command, skipping snapshotting. 
[36mINFO[0m[0391] RUN curl -fLo anaconda.sh https://repo.anaconda.com/archive/Anaconda${ANACONDAVERSION}-Linux-x86_64.sh && sh ./anaconda.sh -b && eval "$(/root/anaconda3/bin/conda shell.bash hook)" && conda init && conda install -c conda-forge -c pytorch onnx=1.5.0 flake8=3.7.7 hypothesis=4.10.0 pytorch=1.1.0 -y && rm anaconda.sh 
[36mINFO[0m[0391] Found cached layer, extracting to filesystem 
[36mINFO[0m[0691] Taking snapshot of files...                  
[36mINFO[0m[1054] RUN mkdir git-lfs && curl "https://api.github.com/repos/git-lfs/git-lfs/releases/latest" |     grep '"tag_name":' |     sed -E 's/.*"([^"]+)".*/\1/' |     xargs -I {} curl -fL 'https://github.com/git-lfs/git-lfs/releases/download/'{}'/git-lfs-linux-amd64-'{}'.tar.gz' | tar xzvC git-lfs && git-lfs/install.sh && rm -rf git-lfs 
[36mINFO[0m[1054] Found cached layer, extracting to filesystem 
[36mINFO[0m[1055] Taking snapshot of files...                  
[36mINFO[0m[1055] ENV JX_VERSION 2.0.582                       
[36mINFO[0m[1055] No files changed in this command, skipping snapshotting. 
[36mINFO[0m[1055] RUN curl -f -L https://github.com/jenkins-x/**/releases/download/v${JX_VERSION}/**-linux-amd64.tar.gz | tar xzv &&   mv ** /usr/bin/ 
[36mINFO[0m[1055] cmd: /bin/sh                                 
[36mINFO[0m[1055] args: [-c curl -f -L https://github.com/jenkins-x/**/releases/download/v${JX_VERSION}/**-linux-amd64.tar.gz | tar xzv &&   mv ** /usr/bin/] 
  % Total    % Received % Xferd  Average Speed   Time    Time     Time  Current
                                 Dload  Upload   Total   Spent    Left  Speed
  0     0    0     0    0     0      0      0 --:--:-- --:--:-- --:--:--     0100   612    0   612    0     0    944      0 --:--:-- --:--:-- --:--:--   945
LICENSE
README.md
changelog.md
**
  0     0    0     0    0     0      0      0 --:--:-- --:--:-- --:--:--     0 12 65.5M   12 8142k    0     0  4315k      0  0:00:15  0:00:01  0:00:14 8561k 40 65.5M   40 26.7M    0     0  9477k      0  0:00:07  0:00:02  0:00:05 13.7M 73 65.5M   73 48.0M    0     0  12.3M      0  0:00:05  0:00:03  0:00:02 16.2M100 65.5M  100 65.5M    0     0  14.3M      0  0:00:04  0:00:04 --:--:-- 18.0M
[36mINFO[0m[1061] Taking snapshot of full filesystem...        
[36mINFO[0m[1068] Adding whiteout for /var/cache/yum/x86_64/7/epel/5bcd966a5e87d03e75963c79096fb0e5d5ad89a705a9f220c998fea556d32255-updateinfo.xml.bz2 
[36mINFO[0m[1068] Adding whiteout for /var/cache/yum/x86_64/7/base/gen/comps.xml 
[36mINFO[0m[1068] Adding whiteout for /var/cache/yum/x86_64/7/epel/d2d16b74b98b26292868d49413181da81c791150ce460be98bcf0628f3005bc7-updateinfo.xml.bz2 
[36mINFO[0m[1068] Adding whiteout for /var/cache/yum/x86_64/7/epel/gen/comps.xml 
[36mINFO[0m[1068] Adding whiteout for /var/cache/yum/x86_64/7/epel/67524caa6631e887a5ec38e3facaaa685101876958e16bcb69c6e7a5f77aa607-primary.sqlite.bz2 
[36mINFO[0m[1068] Adding whiteout for /var/cache/yum/x86_64/7/updates/2c2cf8e196fcaafe88087e86175911120578086d4648cb8260fbffc9326e2bcb-filelists.sqlite.bz2 
[36mINFO[0m[1068] Adding whiteout for /var/cache/yum/x86_64/7/updates/7303cbcc9806f8d266e12f27067a972b40e736f13800129e79d035fdd8883df6-primary.sqlite.bz2 
[36mINFO[0m[1068] Adding whiteout for /var/cache/yum/x86_64/7/updates/gen/filelists_db.sqlite 
[36mINFO[0m[1068] Adding whiteout for /var/cache/yum/x86_64/7/epel/90a58610660455abd8f6aa587347a572e9ebc7bf949fd777fd9358d3d7c0b481-primary.sqlite.bz2 
[36mINFO[0m[1068] Adding whiteout for /var/cache/yum/x86_64/7/base/gen/filelists_db.sqlite 
[36mINFO[0m[1068] Adding whiteout for /var/cache/yum/x86_64/7/updates/c317d43ffabba63436dd2fd246cd83fb0fef9cce712f8b67ef371e29e81aef4a-primary.sqlite.bz2 
[36mINFO[0m[1068] Adding whiteout for /var/cache/yum/x86_64/7/base/a0ec5a4708a1026db100d4799c404c9ed48a9371a4bab234a1355f86628a244a-filelists.sqlite.bz2 
[36mINFO[0m[2169] RUN cp /root/.bash_profile /etc/profile.d/bash_profile.sh 
[36mINFO[0m[2169] cmd: /bin/sh                                 
[36mINFO[0m[2169] args: [-c cp /root/.bash_profile /etc/profile.d/bash_profile.sh] 
[36mINFO[0m[2169] Taking snapshot of full filesystem...        
[36mINFO[0m[2170] Pushing layer gcr.io/jenkinsxio/cache:2318d046ed9f1aae14cdb323821c2df30bfbb79eb6563fbbce63b9fd7a2f013c to cache now 
2019/08/12 11:10:05 pushed blob: sha256:e825c11875aff14f21544c5c4ef6f48856a3d5631c59be5b9a0b4083b4f5d5bb
2019/08/12 11:10:13 pushed blob: sha256:1a8deecde7c9002f7e7122cf0781ee987d25c9da7c5cd1965594082c51873554
2019/08/12 11:10:14 gcr.io/jenkinsxio/cache:2318d046ed9f1aae14cdb323821c2df30bfbb79eb6563fbbce63b9fd7a2f013c: digest: sha256:f601e3d97acc08c9a044851eaf445962e54d2e51c2af58bf0f6323232bd5385e size: 429
[36mINFO[0m[2372] RUN mkdir -p /usr/src/app                    
[36mINFO[0m[2372] cmd: /bin/sh                                 
[36mINFO[0m[2372] args: [-c mkdir -p /usr/src/app]             
[36mINFO[0m[2372] Pushing layer gcr.io/jenkinsxio/cache:6a6fd04fed62329ac476d9f3558ccf0024ef49f053ad57e993d19de494c07118 to cache now 
[36mINFO[0m[2372] Taking snapshot of full filesystem...        
2019/08/12 11:13:27 pushed blob: sha256:d00a9c8c5f266e92a936a4b1c88cbe9fb234b3467c5504f30bf283271325dc5d
2019/08/12 11:13:27 pushed blob: sha256:699a9e40577ddf6b7926ab49d1014ab736c721d819f4d7c05082e69779598085
2019/08/12 11:13:28 gcr.io/jenkinsxio/cache:6a6fd04fed62329ac476d9f3558ccf0024ef49f053ad57e993d19de494c07118: digest: sha256:bd44f84bdea906ba75a17b96e06b9bc573467d90c535cb97b7282aaea9e7628e size: 424
[36mINFO[0m[2442] RUN rm /etc/profile.d/bash_profile.sh        
[36mINFO[0m[2442] cmd: /bin/sh                                 
[36mINFO[0m[2442] args: [-c rm /etc/profile.d/bash_profile.sh] 
[36mINFO[0m[2442] Pushing layer gcr.io/jenkinsxio/cache:00b2f5f99d06f252552ebea5ace6f1c5c8fc83f5a0775d004107d29733b9edae to cache now 
[36mINFO[0m[2442] Taking snapshot of full filesystem...        
[36mINFO[0m[2444] Adding whiteout for /etc/profile.d/bash_profile.sh 
2019/08/12 11:14:37 pushed blob: sha256:9a53f1316f0e50f588e7a48e410957fe050ea8429fbaaa270c0be4a8e1767935
2019/08/12 11:14:37 pushed blob: sha256:3600c1df5569755b92df6d4ab77f3994eb945e072cf355c7e8bf85d875936885
2019/08/12 11:14:38 gcr.io/jenkinsxio/cache:00b2f5f99d06f252552ebea5ace6f1c5c8fc83f5a0775d004107d29733b9edae: digest: sha256:37f0d74c2bfacb900029775c1999b71ad2892783ff84c21565a03e53105799f8 size: 424
[36mINFO[0m[2512] CMD ["conda", "--version"]                   
[36mINFO[0m[2512] No files changed in this command, skipping snapshotting. 
[36mINFO[0m[2512] Pushing layer gcr.io/jenkinsxio/cache:bfeeb1b2593e6ec1593883ba87453a211d6b4eea7ba5ff877c0a08441389eb59 to cache now 
2019/08/12 11:15:47 pushed blob: sha256:97d06385a4090168eb9529bc0a6fed17c6c7994afca4b574d471609777264e04
2019/08/12 11:15:47 pushed blob: sha256:219ef8d86150c06154922d838a16d426e5179751d0aa774eb8dddabac197b2ad
2019/08/12 11:15:49 gcr.io/jenkinsxio/cache:bfeeb1b2593e6ec1593883ba87453a211d6b4eea7ba5ff877c0a08441389eb59: digest: sha256:3f7d97bdabb58ed68cbc488ffc60efca32bedaf548c20142a806ae7b4cff1845 size: 424
2019/08/12 11:15:49 existing blob: sha256:8ba884070f611d31cb2c42eddb691319dc9facf5e0ec67672fcfa135181ab3df
2019/08/12 11:15:49 existing blob: sha256:897e54f35a4b2ed07f22d316f09a9aa9ea68765f226654989a175bb51361e86e
2019/08/12 11:15:49 existing blob: sha256:97d06385a4090168eb9529bc0a6fed17c6c7994afca4b574d471609777264e04
2019/08/12 11:15:49 existing blob: sha256:2cde0a33cb63aa41a1ab3fbdc3afc787a086314a625c30f7b68bc7ac02c6660e
2019/08/12 11:15:49 existing blob: sha256:ce53723240799b4450ccf6661e55e7277a52d14666b060a129af4125a69ac70e
2019/08/12 11:15:49 existing blob: sha256:a8354d42e6911ab8001edfffa1934a1a9b357d1541f5cecc792b9a4172d76f46
2019/08/12 11:15:49 existing blob: sha256:7ec2ffb56c90d8cad824dd30eeb4abbbc7321596c47a7dca90095935c3c2b656
2019/08/12 11:15:49 existing blob: sha256:6d138d81df365a45ab5fcf8e3f3da8357c45afe495207ecd09d2af0eb98505c5
2019/08/12 11:15:49 existing blob: sha256:6756e87e029cdeb551ccf519eaebcf80e3441dd2bb37ed39b7c2268b4774b10b
2019/08/12 11:15:49 existing blob: sha256:7c017636a6a609d8d318a4bebb3b6cc13feaf476f6a2ecc83d28e117314d5f6f
2019/08/12 11:15:49 existing blob: sha256:9a53f1316f0e50f588e7a48e410957fe050ea8429fbaaa270c0be4a8e1767935
2019/08/12 11:15:49 existing blob: sha256:e5e2dacee7b09f7927bbd054ec3859e5555a27d569da5193f4cabac285053f9b
2019/08/12 11:15:49 existing blob: sha256:d773df446b2002f5750748d96b7929546effb66991006aa6fb556a70823be462
2019/08/12 11:15:49 existing blob: sha256:f92a8369d697ee4bd7673d9254752c241eecc4a23096bbb32f3034d11811b5a1
2019/08/12 11:15:49 existing blob: sha256:94b3b7648b5544a05178b5994d088a23b3b253f02d4aa676b986f9e7fb36a10e
2019/08/12 11:15:49 existing blob: sha256:429b38434357f169ce8a79a4bb39ca386ccf658ae7482b6ff602a86e6191960e
2019/08/12 11:15:49 existing blob: sha256:1a8deecde7c9002f7e7122cf0781ee987d25c9da7c5cd1965594082c51873554
2019/08/12 11:15:49 existing blob: sha256:f9443307d73a890bbffbe23bbf8ce9a8e5e6d99b3a206bbd1959c80ea2cea61f
2019/08/12 11:15:49 existing blob: sha256:92ade984df77a2da628fb1374cdf03f767152d12cd5df74465e4bc8bb39edb58
2019/08/12 11:15:49 existing blob: sha256:b1c1d1dc3c9b9ab62839f55f0b0da8856c9afa9d6fd1df987a48f582cc28183c
2019/08/12 11:15:49 existing blob: sha256:f25494c611ea091e11b157eb61a293f87abd08ed88d620a7c339749a5df70962
2019/08/12 11:15:49 existing blob: sha256:065e519718393bdd264839cafc4d57eb600832a903765af6d41af5819dd4d160
2019/08/12 11:15:49 existing blob: sha256:d8c575b2b52888c9ee09cee8dba37cd3b3035555769295d514229d43fbf47d8e
2019/08/12 11:15:49 existing blob: sha256:05ee8f48257315be25616db5b2ef5381d577bdee423068b8408404125b64fde4
2019/08/12 11:15:49 existing blob: sha256:bee0a13648017886c5915ce5dec608f24dbea7b8a1e044c8fb2105ceea408afa
2019/08/12 11:15:49 existing blob: sha256:b6fba42ef133eece995deb10c314cf8baa51ec1bd7dbea9ab259a5d79dcdfda1
2019/08/12 11:15:49 existing blob: sha256:5069d699406c01c82af4f4e6147348dc551cb5d39e0d20dd1750bdce5b49c585
2019/08/12 11:15:49 existing blob: sha256:699a9e40577ddf6b7926ab49d1014ab736c721d819f4d7c05082e69779598085
2019/08/12 11:15:49 existing blob: sha256:7f205009ed1da43f1f35b5edc07400e345ce6c01cb46e1ae41365386e9434c45
2019/08/12 11:15:49 existing blob: sha256:5470abb626135f17b82fe46ee94962781a8aba7069a4c0b1898182daa4f429e3
2019/08/12 11:15:49 existing blob: sha256:b1587e65165c461940963893326da19b2bc15471f6191bfdd9194758cb886aa6
2019/08/12 11:15:49 existing blob: sha256:f49b7820967adb88e448f3c2a00267d9ea953eabbd3a81db6b7906a4920623b4
2019/08/12 11:15:49 existing blob: sha256:d1f08e18f79c532c470770e5fb7824e610deebfdcfe3775f6a1ad385b65e5e95
2019/08/12 11:15:49 existing blob: sha256:beeb2bddff350965322c530827ce314058a5af7f4f628d9ef9c97dd73e48d016
2019/08/12 11:15:52 pushed blob: sha256:90b59ac5caa551917f9fc685eb0941221b3c24f9975c6995ea8ad1ca21641154
2019/08/12 11:15:52 pushed blob: sha256:af190aed74facc517ad3522e7f47ac17a5b0b75ae8133b1fd5a5ac1cb1ae3a42
2019/08/12 11:15:52 pushed blob: sha256:d836943d994acaa3f3c77115d8ee37381e671d16362020cc6a155a814aecd07b
2019/08/12 11:15:53 pushed blob: sha256:2495e549ab2a25293dffe64af70fb067bbbdb3c86a45d6fe0799821db1ab1171
2019/08/12 11:21:04 pushed blob: sha256:a601ed7c3aa5c66a63a70945a458bccf924e90355ffe68c743483ccc907d0d34
2019/08/12 11:23:02 pushed blob: sha256:214cd7daf106f372909a576cde7c3f2265b89f715b84f0c85ea06be37e37887f
2019/08/12 11:23:04 gcr.io/jenkinsxio/builder-machine-learning-gpu:0.0.0-SNAPSHOT-PR-44-21: digest: sha256:1e41aab14c3f697e019ddc1783889895011d11e817e83663bcc7891411ab57e3 size: 6656
