Step: build-step-credential-initializer-2kq66:

{"level":"warn","ts":1565614243.0070195,"logger":"fallback-logger","caller":"logging/config.go:65","msg":"Fetch GitHub commit ID from kodata failed: \"ref: refs/heads/master\" is not a valid GitHub commit ID"}
{"level":"info","ts":1565614243.007607,"logger":"fallback-logger","caller":"creds-init/main.go:40","msg":"Credentials initialized."}
Step: build-step-working-dir-initializer-grm84:

{"level":"warn","ts":1565614244.2730749,"logger":"fallback-logger","caller":"logging/config.go:65","msg":"Fetch GitHub commit ID from kodata failed: open /var/run/ko/HEAD: no such file or directory"}
{"level":"info","ts":1565614244.2752783,"logger":"fallback-logger","caller":"bash/main.go:65","msg":"Successfully executed command \"mkdir -p /workspace/source\""}
Step: build-step-place-tools:

Step: build-step-git-source-jenkins-x-jenkins-x-builders-ml-wg59z:

{"level":"warn","ts":1565614246.4140596,"logger":"fallback-logger","caller":"logging/config.go:65","msg":"Fetch GitHub commit ID from kodata failed: \"ref: refs/heads/master\" is not a valid GitHub commit ID"}
{"level":"info","ts":1565614247.627989,"logger":"fallback-logger","caller":"git/git.go:102","msg":"Successfully cloned https://github.com/jenkins-x/jenkins-x-builders-ml @ 68de7ac277f3a0d3925bba7674473f4b7275c679 in path /workspace/source"}
Step: build-step-git-merge:

Warning failed to load version: failed to parse version -dev+9e73adc0b: No Major.Minor.Patch elements found
time="2019-08-12T12:50:47Z" level=info msg="got "
Using SHAs from PULL_REFS=master:8c7065bb323b52a66005733e081a9bd9e2ebbd69,45:68de7ac277f3a0d3925bba7674473f4b7275c679
ran git fetch --unshallow origin 68de7ac277f3a0d3925bba7674473f4b7275c679: 8c7065bb323b52a66005733e081a9bd9e2ebbd69: in 
ran git checkout master in 
ran git reset --hard 8c7065bb323b52a66005733e081a9bd9e2ebbd69 in 
ran clean --force -d . in 
ran git merge 68de7ac277f3a0d3925bba7674473f4b7275c679 in 
Step: build-step-step2:

/builder/home/kaniko-secret.json
Step: build-step-warm-cache:

Step: build-step-build-and-push-machine-learning-gpu:

[36mINFO[0m[0000] Resolved base name gcr.io/jenkinsxio/builder-base:0.0.44 to gcr.io/jenkinsxio/builder-base:0.0.44 
[36mINFO[0m[0000] Resolved base name gcr.io/jenkinsxio/builder-base:0.0.44 to gcr.io/jenkinsxio/builder-base:0.0.44 
[36mINFO[0m[0000] Downloading base image gcr.io/jenkinsxio/builder-base:0.0.44 
[36mINFO[0m[0000] Found sha256:f889e888c351a595832da82ebbc375d22984bab79073185de16affdfcef40f73 in local cache 
[36mINFO[0m[0001] Found manifest at /workspace/sha256:f889e888c351a595832da82ebbc375d22984bab79073185de16affdfcef40f73.json 
[36mINFO[0m[0001] Built cross stage deps: map[]                
[36mINFO[0m[0001] Downloading base image gcr.io/jenkinsxio/builder-base:0.0.44 
[36mINFO[0m[0001] Found sha256:f889e888c351a595832da82ebbc375d22984bab79073185de16affdfcef40f73 in local cache 
[36mINFO[0m[0001] Found manifest at /workspace/sha256:f889e888c351a595832da82ebbc375d22984bab79073185de16affdfcef40f73.json 
[36mINFO[0m[0001] Checking for cached layer gcr.io/jenkinsxio/cache:6a0116863371be36736d34925436e37a721fa8fe4a752a37b11090fb7f0ca814... 
[36mINFO[0m[0001] Using caching version of cmd: RUN echo $'[cudarepo]\nname=Cuda Repository\nbaseurl=https://developer.download.nvidia.com/compute/cuda/repos/rhel7/x86_64/\nenabled=1\ngpgcheck=1\ngpgkey=https://developer.download.nvidia.com/compute/cuda/repos/rhel7/x86_64/7fa2af80.pub\n'>/etc/yum.repos.d/cuda.repo 
[36mINFO[0m[0001] Checking for cached layer gcr.io/jenkinsxio/cache:d6d32630cde1ce3a77596fc0f691996baec9dc9cc56ff425c1979735d6da40b2... 
[36mINFO[0m[0002] Using caching version of cmd: RUN yum clean all && yum -y install cuda-toolkit-10-0 
[36mINFO[0m[0002] Checking for cached layer gcr.io/jenkinsxio/cache:15ecac086f2347de73a77d62ea65381bf1e8ec6a41b6b82d622aef4d89010195... 
[36mINFO[0m[0003] Using caching version of cmd: RUN echo "/usr/local/nvidia/lib" >> /etc/ld.so.conf.d/nvidia.conf &&     echo "/usr/local/nvidia/lib64" >> /etc/ld.so.conf.d/nvidia.conf 
[36mINFO[0m[0003] Checking for cached layer gcr.io/jenkinsxio/cache:e02bb2189d3f6d65cf55c7b58cf3a77235be55cb2d86476df5eaf82d232b7400... 
[36mINFO[0m[0003] Using caching version of cmd: RUN curl -fLo anaconda.sh https://repo.anaconda.com/archive/Anaconda${ANACONDAVERSION}-Linux-x86_64.sh && sh ./anaconda.sh -b && eval "$(/root/anaconda3/bin/conda shell.bash hook)" && conda init && conda install -c conda-forge -c pytorch onnx=1.5.0 flake8=3.7.7 hypothesis=4.10.0 pytorch=1.1.0 -y && rm anaconda.sh 
[36mINFO[0m[0003] Checking for cached layer gcr.io/jenkinsxio/cache:90b2923a5a781e59103ef27cbf1e26720defc8d0a4dd1291aa8b50d7516e2156... 
[36mINFO[0m[0004] Using caching version of cmd: RUN mkdir git-lfs && curl "https://api.github.com/repos/git-lfs/git-lfs/releases/latest" |     grep '"tag_name":' |     sed -E 's/.*"([^"]+)".*/\1/' |     xargs -I {} curl -fL 'https://github.com/git-lfs/git-lfs/releases/download/'{}'/git-lfs-linux-amd64-'{}'.tar.gz' | tar xzvC git-lfs && git-lfs/install.sh && rm -rf git-lfs 
[36mINFO[0m[0004] Checking for cached layer gcr.io/jenkinsxio/cache:1c805578595c978486c7e1338a5f321174f89b587cf723b0a2e6bef5ea3a6e5c... 
[36mINFO[0m[0004] No cached layer found for cmd RUN curl -f -L https://github.com/jenkins-x/**/releases/download/v${JX_VERSION}/**-linux-amd64.tar.gz | tar xzv &&   mv ** /usr/bin/ 
[36mINFO[0m[0004] Unpacking rootfs as cmd RUN curl -f -L https://github.com/jenkins-x/**/releases/download/v${JX_VERSION}/**-linux-amd64.tar.gz | tar xzv &&   mv ** /usr/bin/ requires it. 
[36mINFO[0m[0084] Taking snapshot of full filesystem...        
[36mINFO[0m[0170] RUN echo $'[cudarepo]\nname=Cuda Repository\nbaseurl=https://developer.download.nvidia.com/compute/cuda/repos/rhel7/x86_64/\nenabled=1\ngpgcheck=1\ngpgkey=https://developer.download.nvidia.com/compute/cuda/repos/rhel7/x86_64/7fa2af80.pub\n'>/etc/yum.repos.d/cuda.repo 
[36mINFO[0m[0170] Found cached layer, extracting to filesystem 
[36mINFO[0m[0170] Taking snapshot of files...                  
[36mINFO[0m[0170] RUN yum clean all && yum -y install cuda-toolkit-10-0 
[36mINFO[0m[0170] Found cached layer, extracting to filesystem 
[36mINFO[0m[0257] Taking snapshot of files...                  
[36mINFO[0m[0357] RUN echo "/usr/local/nvidia/lib" >> /etc/ld.so.conf.d/nvidia.conf &&     echo "/usr/local/nvidia/lib64" >> /etc/ld.so.conf.d/nvidia.conf 
[36mINFO[0m[0357] Found cached layer, extracting to filesystem 
[36mINFO[0m[0358] Taking snapshot of files...                  
[36mINFO[0m[0358] ENV PATH /usr/local/nvidia/bin:/usr/local/cuda/bin:${PATH} 
[36mINFO[0m[0358] No files changed in this command, skipping snapshotting. 
[36mINFO[0m[0358] ENV LD_LIBRARY_PATH /usr/local/nvidia/lib:/usr/local/nvidia/lib64 
[36mINFO[0m[0358] No files changed in this command, skipping snapshotting. 
[36mINFO[0m[0358] ENV NVIDIA_VISIBLE_DEVICES all               
[36mINFO[0m[0358] No files changed in this command, skipping snapshotting. 
[36mINFO[0m[0358] ENV NVIDIA_DRIVER_CAPABILITIES compute,utility 
[36mINFO[0m[0358] No files changed in this command, skipping snapshotting. 
[36mINFO[0m[0358] ENV NVIDIA_REQUIRE_CUDA "cuda>=10.0 brand=tesla,driver>=384,driver<385 brand=tesla,driver>=410,driver<411" 
[36mINFO[0m[0358] No files changed in this command, skipping snapshotting. 
[36mINFO[0m[0358] ENV ANACONDAVERSION 3-2019.03                
[36mINFO[0m[0358] No files changed in this command, skipping snapshotting. 
[36mINFO[0m[0358] RUN curl -fLo anaconda.sh https://repo.anaconda.com/archive/Anaconda${ANACONDAVERSION}-Linux-x86_64.sh && sh ./anaconda.sh -b && eval "$(/root/anaconda3/bin/conda shell.bash hook)" && conda init && conda install -c conda-forge -c pytorch onnx=1.5.0 flake8=3.7.7 hypothesis=4.10.0 pytorch=1.1.0 -y && rm anaconda.sh 
[36mINFO[0m[0358] Found cached layer, extracting to filesystem 
[36mINFO[0m[0595] Taking snapshot of files...                  
[36mINFO[0m[1000] RUN mkdir git-lfs && curl "https://api.github.com/repos/git-lfs/git-lfs/releases/latest" |     grep '"tag_name":' |     sed -E 's/.*"([^"]+)".*/\1/' |     xargs -I {} curl -fL 'https://github.com/git-lfs/git-lfs/releases/download/'{}'/git-lfs-linux-amd64-'{}'.tar.gz' | tar xzvC git-lfs && git-lfs/install.sh && rm -rf git-lfs 
[36mINFO[0m[1000] Found cached layer, extracting to filesystem 
[36mINFO[0m[1001] Taking snapshot of files...                  
[36mINFO[0m[1002] ENV JX_VERSION 2.0.583                       
[36mINFO[0m[1002] No files changed in this command, skipping snapshotting. 
[36mINFO[0m[1002] RUN curl -f -L https://github.com/jenkins-x/**/releases/download/v${JX_VERSION}/**-linux-amd64.tar.gz | tar xzv &&   mv ** /usr/bin/ 
[36mINFO[0m[1002] cmd: /bin/sh                                 
[36mINFO[0m[1002] args: [-c curl -f -L https://github.com/jenkins-x/**/releases/download/v${JX_VERSION}/**-linux-amd64.tar.gz | tar xzv &&   mv ** /usr/bin/] 
  % Total    % Received % Xferd  Average Speed   Time    Time     Time  Current
                                 Dload  Upload   Total   Spent    Left  Speed
  0     0    0     0    0     0      0      0 --:--:-- --:--:-- --:--:--     0  0     0    0     0    0     0      0      0 --:--:-- --:--:-- --:--:--     0100   612    0   612    0     0    982      0 --:--:-- --:--:-- --:--:--   982
LICENSE
README.md
changelog.md
**
  0 65.5M    0  594k    0     0   419k      0  0:02:40  0:00:01  0:02:39  419k 30 65.5M   30 20.3M    0     0  8627k      0  0:00:07  0:00:02  0:00:05 19.8M 70 65.5M   70 46.3M    0     0  13.5M      0  0:00:04  0:00:03  0:00:01 22.9M100 65.5M  100 65.5M    0     0  15.6M      0  0:00:04  0:00:04 --:--:-- 23.4M
[36mINFO[0m[1007] Taking snapshot of full filesystem...        
[36mINFO[0m[1019] Adding whiteout for /var/cache/yum/x86_64/7/updates/gen/filelists_db.sqlite 
[36mINFO[0m[1019] Adding whiteout for /var/cache/yum/x86_64/7/epel/gen/comps.xml 
[36mINFO[0m[1019] Adding whiteout for /var/cache/yum/x86_64/7/base/gen/filelists_db.sqlite 
[36mINFO[0m[1019] Adding whiteout for /var/cache/yum/x86_64/7/updates/7303cbcc9806f8d266e12f27067a972b40e736f13800129e79d035fdd8883df6-primary.sqlite.bz2 
[36mINFO[0m[1019] Adding whiteout for /var/cache/yum/x86_64/7/base/a0ec5a4708a1026db100d4799c404c9ed48a9371a4bab234a1355f86628a244a-filelists.sqlite.bz2 
[36mINFO[0m[1019] Adding whiteout for /var/cache/yum/x86_64/7/epel/5bcd966a5e87d03e75963c79096fb0e5d5ad89a705a9f220c998fea556d32255-updateinfo.xml.bz2 
[36mINFO[0m[1019] Adding whiteout for /var/cache/yum/x86_64/7/updates/c317d43ffabba63436dd2fd246cd83fb0fef9cce712f8b67ef371e29e81aef4a-primary.sqlite.bz2 
[36mINFO[0m[1019] Adding whiteout for /var/cache/yum/x86_64/7/epel/90a58610660455abd8f6aa587347a572e9ebc7bf949fd777fd9358d3d7c0b481-primary.sqlite.bz2 
[36mINFO[0m[1019] Adding whiteout for /var/cache/yum/x86_64/7/epel/67524caa6631e887a5ec38e3facaaa685101876958e16bcb69c6e7a5f77aa607-primary.sqlite.bz2 
[36mINFO[0m[1019] Adding whiteout for /var/cache/yum/x86_64/7/updates/2c2cf8e196fcaafe88087e86175911120578086d4648cb8260fbffc9326e2bcb-filelists.sqlite.bz2 
[36mINFO[0m[1019] Adding whiteout for /var/cache/yum/x86_64/7/base/gen/comps.xml 
[36mINFO[0m[1019] Adding whiteout for /var/cache/yum/x86_64/7/epel/d2d16b74b98b26292868d49413181da81c791150ce460be98bcf0628f3005bc7-updateinfo.xml.bz2 
[36mINFO[0m[1597] Pushing layer gcr.io/jenkinsxio/cache:1c805578595c978486c7e1338a5f321174f89b587cf723b0a2e6bef5ea3a6e5c to cache now 
[36mINFO[0m[1597] RUN cp /root/.bash_profile /etc/profile.d/bash_profile.sh 
[36mINFO[0m[1597] cmd: /bin/sh                                 
[36mINFO[0m[1597] args: [-c cp /root/.bash_profile /etc/profile.d/bash_profile.sh] 
[36mINFO[0m[1597] Taking snapshot of full filesystem...        
2019/08/12 13:17:53 pushed blob: sha256:faf4b069345aa09eca6a89cd5ace67f917678fed50f8c979275e66983defbf49
2019/08/12 13:18:02 pushed blob: sha256:c9f16d379ea09091e202187495eae7d67e8b7c7e921d51078e3e218f50856916
2019/08/12 13:18:03 gcr.io/jenkinsxio/cache:1c805578595c978486c7e1338a5f321174f89b587cf723b0a2e6bef5ea3a6e5c: digest: sha256:6b5ab461b4b39313e9c065980cb07172dd216001f606ff28f07777b5d53884b7 size: 429
[36mINFO[0m[2170] RUN mkdir -p /usr/src/app                    
[36mINFO[0m[2170] cmd: /bin/sh                                 
[36mINFO[0m[2170] args: [-c mkdir -p /usr/src/app]             
[36mINFO[0m[2170] Pushing layer gcr.io/jenkinsxio/cache:efd3c9f6a3734a0b03f36406a32f5afe45003cbdad0b7a11c336b53dfa6dc26b to cache now 
[36mINFO[0m[2170] Taking snapshot of full filesystem...        
2019/08/12 13:27:26 pushed blob: sha256:e2f2563500d601ec8a874dd7c8020c1d2d1d1654bda6ea6bf4370e325b22862b
2019/08/12 13:27:26 pushed blob: sha256:a44b2619b64c8f770ee85cd2c4fd3398d83dbea9d1116e95b33e1d7e1e28439f
2019/08/12 13:27:29 gcr.io/jenkinsxio/cache:efd3c9f6a3734a0b03f36406a32f5afe45003cbdad0b7a11c336b53dfa6dc26b: digest: sha256:f414339b1da1fcb3fd7a33d6305da67cb147e3327a258da5aaf79e48b22d7189 size: 424
[36mINFO[0m[2245] RUN rm /etc/profile.d/bash_profile.sh        
[36mINFO[0m[2245] cmd: /bin/sh                                 
[36mINFO[0m[2245] args: [-c rm /etc/profile.d/bash_profile.sh] 
[36mINFO[0m[2245] Pushing layer gcr.io/jenkinsxio/cache:fadd470bf038f93392d9bd27ed1e9e1055f48a7f77584a02fae5d20647af075f to cache now 
[36mINFO[0m[2245] Taking snapshot of full filesystem...        
[36mINFO[0m[2247] Adding whiteout for /etc/profile.d/bash_profile.sh 
2019/08/12 13:28:41 pushed blob: sha256:77e3dfe75f4c11a60a4242da158b058f854943baff30f5ac5ae8ea1ce3e8361e
2019/08/12 13:28:42 pushed blob: sha256:1d157a7fd10e79a26154094f8eff72f1d0d93879226a0d5250e2f46759c40f52
2019/08/12 13:28:43 gcr.io/jenkinsxio/cache:fadd470bf038f93392d9bd27ed1e9e1055f48a7f77584a02fae5d20647af075f: digest: sha256:71597a86313f7a5dcb9c3178ccc4c963a3c4fbb166002360dba88cb65e52541a size: 424
[36mINFO[0m[2316] CMD ["conda", "--version"]                   
[36mINFO[0m[2316] No files changed in this command, skipping snapshotting. 
[36mINFO[0m[2316] Pushing layer gcr.io/jenkinsxio/cache:384e53d55595f55cba6dad0826ddf41018361133219cfc355e04589953f05fef to cache now 
2019/08/12 13:29:53 pushed blob: sha256:19f3bc44c160693789ee59b66fdfc49935fa26ae777f0acf7d787c9edb3728bd
2019/08/12 13:29:53 pushed blob: sha256:a4db29efd3322fb38daa0a8020aed80914186a65e93d4e8de30f8c6a253de8e6
2019/08/12 13:29:54 gcr.io/jenkinsxio/cache:384e53d55595f55cba6dad0826ddf41018361133219cfc355e04589953f05fef: digest: sha256:6126dc8b4c9c3acfb3d04dc0fefcc76aeb109894043501a5ce0bbbf45db17389 size: 424
2019/08/12 13:29:55 existing blob: sha256:d773df446b2002f5750748d96b7929546effb66991006aa6fb556a70823be462
2019/08/12 13:29:55 existing blob: sha256:6d138d81df365a45ab5fcf8e3f3da8357c45afe495207ecd09d2af0eb98505c5
2019/08/12 13:29:55 existing blob: sha256:b1c1d1dc3c9b9ab62839f55f0b0da8856c9afa9d6fd1df987a48f582cc28183c
2019/08/12 13:29:55 existing blob: sha256:05ee8f48257315be25616db5b2ef5381d577bdee423068b8408404125b64fde4
2019/08/12 13:29:55 existing blob: sha256:ce53723240799b4450ccf6661e55e7277a52d14666b060a129af4125a69ac70e
2019/08/12 13:29:55 existing blob: sha256:f25494c611ea091e11b157eb61a293f87abd08ed88d620a7c339749a5df70962
2019/08/12 13:29:55 existing blob: sha256:e5e2dacee7b09f7927bbd054ec3859e5555a27d569da5193f4cabac285053f9b
2019/08/12 13:29:55 existing blob: sha256:94b3b7648b5544a05178b5994d088a23b3b253f02d4aa676b986f9e7fb36a10e
2019/08/12 13:29:55 existing blob: sha256:429b38434357f169ce8a79a4bb39ca386ccf658ae7482b6ff602a86e6191960e
2019/08/12 13:29:55 existing blob: sha256:2cde0a33cb63aa41a1ab3fbdc3afc787a086314a625c30f7b68bc7ac02c6660e
2019/08/12 13:29:55 existing blob: sha256:a4db29efd3322fb38daa0a8020aed80914186a65e93d4e8de30f8c6a253de8e6
2019/08/12 13:29:55 existing blob: sha256:d1f08e18f79c532c470770e5fb7824e610deebfdcfe3775f6a1ad385b65e5e95
2019/08/12 13:29:55 existing blob: sha256:897e54f35a4b2ed07f22d316f09a9aa9ea68765f226654989a175bb51361e86e
2019/08/12 13:29:55 existing blob: sha256:92ade984df77a2da628fb1374cdf03f767152d12cd5df74465e4bc8bb39edb58
2019/08/12 13:29:55 existing blob: sha256:6756e87e029cdeb551ccf519eaebcf80e3441dd2bb37ed39b7c2268b4774b10b
2019/08/12 13:29:55 existing blob: sha256:b6fba42ef133eece995deb10c314cf8baa51ec1bd7dbea9ab259a5d79dcdfda1
2019/08/12 13:29:55 existing blob: sha256:f92a8369d697ee4bd7673d9254752c241eecc4a23096bbb32f3034d11811b5a1
2019/08/12 13:29:55 existing blob: sha256:7c017636a6a609d8d318a4bebb3b6cc13feaf476f6a2ecc83d28e117314d5f6f
2019/08/12 13:29:55 existing blob: sha256:b1587e65165c461940963893326da19b2bc15471f6191bfdd9194758cb886aa6
2019/08/12 13:29:55 existing blob: sha256:e2f2563500d601ec8a874dd7c8020c1d2d1d1654bda6ea6bf4370e325b22862b
2019/08/12 13:29:55 existing blob: sha256:bee0a13648017886c5915ce5dec608f24dbea7b8a1e044c8fb2105ceea408afa
2019/08/12 13:29:55 existing blob: sha256:5470abb626135f17b82fe46ee94962781a8aba7069a4c0b1898182daa4f429e3
2019/08/12 13:29:55 existing blob: sha256:c9f16d379ea09091e202187495eae7d67e8b7c7e921d51078e3e218f50856916
2019/08/12 13:29:55 existing blob: sha256:5069d699406c01c82af4f4e6147348dc551cb5d39e0d20dd1750bdce5b49c585
2019/08/12 13:29:55 existing blob: sha256:7f205009ed1da43f1f35b5edc07400e345ce6c01cb46e1ae41365386e9434c45
2019/08/12 13:29:55 existing blob: sha256:7ec2ffb56c90d8cad824dd30eeb4abbbc7321596c47a7dca90095935c3c2b656
2019/08/12 13:29:55 existing blob: sha256:77e3dfe75f4c11a60a4242da158b058f854943baff30f5ac5ae8ea1ce3e8361e
2019/08/12 13:29:55 existing blob: sha256:8ba884070f611d31cb2c42eddb691319dc9facf5e0ec67672fcfa135181ab3df
2019/08/12 13:29:55 existing blob: sha256:f49b7820967adb88e448f3c2a00267d9ea953eabbd3a81db6b7906a4920623b4
2019/08/12 13:29:55 existing blob: sha256:f9443307d73a890bbffbe23bbf8ce9a8e5e6d99b3a206bbd1959c80ea2cea61f
2019/08/12 13:29:55 existing blob: sha256:065e519718393bdd264839cafc4d57eb600832a903765af6d41af5819dd4d160
2019/08/12 13:29:55 existing blob: sha256:d8c575b2b52888c9ee09cee8dba37cd3b3035555769295d514229d43fbf47d8e
2019/08/12 13:29:55 existing blob: sha256:a8354d42e6911ab8001edfffa1934a1a9b357d1541f5cecc792b9a4172d76f46
2019/08/12 13:29:55 existing blob: sha256:beeb2bddff350965322c530827ce314058a5af7f4f628d9ef9c97dd73e48d016
2019/08/12 13:29:58 pushed blob: sha256:c1c30ed8d2ee337102161bdfad7a8a243d1c7f852c400ae9c2d8b9132af96488
2019/08/12 13:29:58 pushed blob: sha256:849f1ac16207e69ab4ecb0f5f80b0dfbe02b30660f56198033e1e50a10664257
2019/08/12 13:29:58 pushed blob: sha256:1d7172ea491f9e9ff819ebfee1b81a1cc9135dbeae24799f9e35095c8dff9393
2019/08/12 13:29:59 pushed blob: sha256:7e03b293fc6ac368324422f1320266bceaa3f2f3de6be2e5fdff5e40107ef6da
2019/08/12 13:35:18 pushed blob: sha256:2efcab124f3db0efeef73f8f5ce1f71b6a9245099cd1fce59d59284370d29d75
2019/08/12 13:37:54 pushed blob: sha256:78b3b53cde0f003a509fed984fba224660c29b205772de104fd86b63e45123a0
2019/08/12 13:37:55 gcr.io/jenkinsxio/builder-machine-learning-gpu:0.0.0-SNAPSHOT-PR-45-22: digest: sha256:a4dded525fda23a75c53bf2537cd9930b9fffc8666f8950a223908b7e4edf6d4 size: 6656
