Step: build-step-credential-initializer-v7wfc:

{"level":"warn","ts":1565204877.1439967,"logger":"fallback-logger","caller":"logging/config.go:65","msg":"Fetch GitHub commit ID from kodata failed: \"ref: refs/heads/master\" is not a valid GitHub commit ID"}
{"level":"info","ts":1565204877.1457634,"logger":"fallback-logger","caller":"creds-init/main.go:40","msg":"Credentials initialized."}
Step: build-step-working-dir-initializer-76vs2:

{"level":"warn","ts":1565204878.175429,"logger":"fallback-logger","caller":"logging/config.go:65","msg":"Fetch GitHub commit ID from kodata failed: open /var/run/ko/HEAD: no such file or directory"}
{"level":"info","ts":1565204878.176879,"logger":"fallback-logger","caller":"bash/main.go:65","msg":"Successfully executed command \"mkdir -p /workspace/source\""}
Step: build-step-place-tools:

Step: build-step-git-source-jenkins-x-jenkins-x-builders-ml-nl8w4:

{"level":"warn","ts":1565204880.3068354,"logger":"fallback-logger","caller":"logging/config.go:65","msg":"Fetch GitHub commit ID from kodata failed: \"ref: refs/heads/master\" is not a valid GitHub commit ID"}
{"level":"info","ts":1565204882.316723,"logger":"fallback-logger","caller":"git/git.go:102","msg":"Successfully cloned https://github.com/jenkins-x/jenkins-x-builders-ml @ v0.1.592 in path /workspace/source"}
Step: build-step-git-merge:

Warning failed to load version: failed to parse version -dev+9e73adc0b: No Major.Minor.Patch elements found
time="2019-08-07T19:08:02Z" level=info msg="got "
Using SHAs from PULL_REFS=master:740e32efda5469f7d602d3000f54c3f550e2be97
time="2019-08-07T19:08:02Z" level=warning msg="no SHAs to merge, falling back to initial cloned commit"
Step: build-step-step2:

/builder/home/kaniko-secret.json
Step: build-step-warm-cache:

Step: build-step-build-and-push-machine-learning:

[36mINFO[0m[0006] Resolved base name gcr.io/jenkinsxio/builder-base:0.0.44 to gcr.io/jenkinsxio/builder-base:0.0.44 
[36mINFO[0m[0006] Resolved base name gcr.io/jenkinsxio/builder-base:0.0.44 to gcr.io/jenkinsxio/builder-base:0.0.44 
[36mINFO[0m[0006] Downloading base image gcr.io/jenkinsxio/builder-base:0.0.44 
[36mINFO[0m[0006] Found sha256:f889e888c351a595832da82ebbc375d22984bab79073185de16affdfcef40f73 in local cache 
[36mINFO[0m[0006] Found manifest at /workspace/sha256:f889e888c351a595832da82ebbc375d22984bab79073185de16affdfcef40f73.json 
[36mINFO[0m[0006] Built cross stage deps: map[]                
[36mINFO[0m[0006] Downloading base image gcr.io/jenkinsxio/builder-base:0.0.44 
[36mINFO[0m[0007] Found sha256:f889e888c351a595832da82ebbc375d22984bab79073185de16affdfcef40f73 in local cache 
[36mINFO[0m[0007] Found manifest at /workspace/sha256:f889e888c351a595832da82ebbc375d22984bab79073185de16affdfcef40f73.json 
[36mINFO[0m[0007] Checking for cached layer gcr.io/jenkinsxio/cache:be3cfe94fb272488aeb4220e009b4d5b8ee52676fd056eab0b5a5a24b57c5329... 
[36mINFO[0m[0007] Using caching version of cmd: RUN curl -fLo anaconda.sh https://repo.anaconda.com/archive/Anaconda${ANACONDAVERSION}-Linux-x86_64.sh && sh ./anaconda.sh -b && eval "$(/root/anaconda3/bin/conda shell.bash hook)" && conda init && conda install -c conda-forge -c pytorch onnx=1.4.1 flake8=3.7.7 hypothesis=4.10.0 pytorch=1.0.1 -y && rm anaconda.sh 
[36mINFO[0m[0007] Checking for cached layer gcr.io/jenkinsxio/cache:1151c0a402d63d5798732644b12728dabda842f69c8d6772f9dd4761a6eeb27e... 
[36mINFO[0m[0008] Using caching version of cmd: RUN mkdir git-lfs && curl "https://api.github.com/repos/git-lfs/git-lfs/releases/latest" |     grep '"tag_name":' |     sed -E 's/.*"([^"]+)".*/\1/' |     xargs -I {} curl -fL 'https://github.com/git-lfs/git-lfs/releases/download/'{}'/git-lfs-linux-amd64-'{}'.tar.gz' | tar xzvC git-lfs && git-lfs/install.sh && rm -rf git-lfs 
[36mINFO[0m[0008] Checking for cached layer gcr.io/jenkinsxio/cache:c0dd794b710cf50276946e70ca18356e7bcbd0c0895d0c7c0753abba5fd13ebf... 
[36mINFO[0m[0008] Using caching version of cmd: RUN curl -f -L https://github.com/jenkins-x/**/releases/download/v${JX_VERSION}/**-linux-amd64.tar.gz | tar xzv &&   mv ** /usr/bin/ 
[36mINFO[0m[0008] Checking for cached layer gcr.io/jenkinsxio/cache:010a6da3a89d41c130022ea0b7381b3a635ab3344d2984a58bc8603f963ad353... 
[36mINFO[0m[0009] Using caching version of cmd: RUN cp /root/.bash_profile /etc/profile.d/bash_profile.sh 
[36mINFO[0m[0009] Checking for cached layer gcr.io/jenkinsxio/cache:b5ff96108520655175b7771aa0175515a65a7fbbca73c1aa2773ccf3d962eeed... 
[36mINFO[0m[0010] Using caching version of cmd: RUN mkdir -p /usr/src/app 
[36mINFO[0m[0010] Skipping unpacking as no commands require it. 
[36mINFO[0m[0010] Taking snapshot of full filesystem...        
[36mINFO[0m[0016] ENV ANACONDAVERSION 3-2019.03                
[36mINFO[0m[0016] No files changed in this command, skipping snapshotting. 
[36mINFO[0m[0016] RUN curl -fLo anaconda.sh https://repo.anaconda.com/archive/Anaconda${ANACONDAVERSION}-Linux-x86_64.sh && sh ./anaconda.sh -b && eval "$(/root/anaconda3/bin/conda shell.bash hook)" && conda init && conda install -c conda-forge -c pytorch onnx=1.4.1 flake8=3.7.7 hypothesis=4.10.0 pytorch=1.0.1 -y && rm anaconda.sh 
[36mINFO[0m[0016] Found cached layer, extracting to filesystem 
[36mINFO[0m[0264] Taking snapshot of files...                  
[36mINFO[0m[0463] RUN mkdir git-lfs && curl "https://api.github.com/repos/git-lfs/git-lfs/releases/latest" |     grep '"tag_name":' |     sed -E 's/.*"([^"]+)".*/\1/' |     xargs -I {} curl -fL 'https://github.com/git-lfs/git-lfs/releases/download/'{}'/git-lfs-linux-amd64-'{}'.tar.gz' | tar xzvC git-lfs && git-lfs/install.sh && rm -rf git-lfs 
[36mINFO[0m[0463] Found cached layer, extracting to filesystem 
[36mINFO[0m[0464] Taking snapshot of files...                  
[36mINFO[0m[0465] ENV JX_VERSION 2.0.567                       
[36mINFO[0m[0465] No files changed in this command, skipping snapshotting. 
[36mINFO[0m[0465] RUN curl -f -L https://github.com/jenkins-x/**/releases/download/v${JX_VERSION}/**-linux-amd64.tar.gz | tar xzv &&   mv ** /usr/bin/ 
[36mINFO[0m[0465] Found cached layer, extracting to filesystem 
[36mINFO[0m[0471] Taking snapshot of files...                  
[36mINFO[0m[0478] RUN cp /root/.bash_profile /etc/profile.d/bash_profile.sh 
[36mINFO[0m[0478] Found cached layer, extracting to filesystem 
[36mINFO[0m[0479] Taking snapshot of files...                  
[36mINFO[0m[0479] RUN mkdir -p /usr/src/app                    
[36mINFO[0m[0479] Found cached layer, extracting to filesystem 
[36mINFO[0m[0479] Taking snapshot of files...                  
[36mINFO[0m[0479] CMD ["conda", "--version"]                   
[36mINFO[0m[0479] No files changed in this command, skipping snapshotting. 
2019/08/07 19:16:41 existing blob: sha256:7c017636a6a609d8d318a4bebb3b6cc13feaf476f6a2ecc83d28e117314d5f6f
2019/08/07 19:16:41 existing blob: sha256:05ee8f48257315be25616db5b2ef5381d577bdee423068b8408404125b64fde4
2019/08/07 19:16:41 existing blob: sha256:8ba884070f611d31cb2c42eddb691319dc9facf5e0ec67672fcfa135181ab3df
2019/08/07 19:16:41 existing blob: sha256:6d138d81df365a45ab5fcf8e3f3da8357c45afe495207ecd09d2af0eb98505c5
2019/08/07 19:16:41 existing blob: sha256:beeb2bddff350965322c530827ce314058a5af7f4f628d9ef9c97dd73e48d016
2019/08/07 19:16:41 existing blob: sha256:7f205009ed1da43f1f35b5edc07400e345ce6c01cb46e1ae41365386e9434c45
2019/08/07 19:16:41 existing blob: sha256:bee0a13648017886c5915ce5dec608f24dbea7b8a1e044c8fb2105ceea408afa
2019/08/07 19:16:41 existing blob: sha256:f9443307d73a890bbffbe23bbf8ce9a8e5e6d99b3a206bbd1959c80ea2cea61f
2019/08/07 19:16:41 existing blob: sha256:a8354d42e6911ab8001edfffa1934a1a9b357d1541f5cecc792b9a4172d76f46
2019/08/07 19:16:41 existing blob: sha256:b6fba42ef133eece995deb10c314cf8baa51ec1bd7dbea9ab259a5d79dcdfda1
2019/08/07 19:16:41 existing blob: sha256:d8c575b2b52888c9ee09cee8dba37cd3b3035555769295d514229d43fbf47d8e
2019/08/07 19:16:41 existing blob: sha256:92ade984df77a2da628fb1374cdf03f767152d12cd5df74465e4bc8bb39edb58
2019/08/07 19:16:41 existing blob: sha256:d1f08e18f79c532c470770e5fb7824e610deebfdcfe3775f6a1ad385b65e5e95
2019/08/07 19:16:41 existing blob: sha256:d773df446b2002f5750748d96b7929546effb66991006aa6fb556a70823be462
2019/08/07 19:16:41 existing blob: sha256:2cde0a33cb63aa41a1ab3fbdc3afc787a086314a625c30f7b68bc7ac02c6660e
2019/08/07 19:16:41 existing blob: sha256:429b38434357f169ce8a79a4bb39ca386ccf658ae7482b6ff602a86e6191960e
2019/08/07 19:16:41 existing blob: sha256:f92a8369d697ee4bd7673d9254752c241eecc4a23096bbb32f3034d11811b5a1
2019/08/07 19:16:41 existing blob: sha256:b1c1d1dc3c9b9ab62839f55f0b0da8856c9afa9d6fd1df987a48f582cc28183c
2019/08/07 19:16:41 existing blob: sha256:b1587e65165c461940963893326da19b2bc15471f6191bfdd9194758cb886aa6
2019/08/07 19:16:41 existing blob: sha256:5069d699406c01c82af4f4e6147348dc551cb5d39e0d20dd1750bdce5b49c585
2019/08/07 19:16:41 existing blob: sha256:e5e2dacee7b09f7927bbd054ec3859e5555a27d569da5193f4cabac285053f9b
2019/08/07 19:16:41 existing blob: sha256:f49b7820967adb88e448f3c2a00267d9ea953eabbd3a81db6b7906a4920623b4
2019/08/07 19:16:41 existing blob: sha256:7ec2ffb56c90d8cad824dd30eeb4abbbc7321596c47a7dca90095935c3c2b656
2019/08/07 19:16:41 existing blob: sha256:94b3b7648b5544a05178b5994d088a23b3b253f02d4aa676b986f9e7fb36a10e
2019/08/07 19:16:41 existing blob: sha256:f25494c611ea091e11b157eb61a293f87abd08ed88d620a7c339749a5df70962
2019/08/07 19:16:41 existing blob: sha256:897e54f35a4b2ed07f22d316f09a9aa9ea68765f226654989a175bb51361e86e
2019/08/07 19:16:41 existing blob: sha256:6756e87e029cdeb551ccf519eaebcf80e3441dd2bb37ed39b7c2268b4774b10b
2019/08/07 19:16:41 existing blob: sha256:ce53723240799b4450ccf6661e55e7277a52d14666b060a129af4125a69ac70e
2019/08/07 19:16:41 existing blob: sha256:5470abb626135f17b82fe46ee94962781a8aba7069a4c0b1898182daa4f429e3
2019/08/07 19:16:41 existing blob: sha256:065e519718393bdd264839cafc4d57eb600832a903765af6d41af5819dd4d160
2019/08/07 19:16:44 pushed blob: sha256:692f14358fe0acdb6c6c87b8ea7ea354b50d2b4d5326b6e803b4ff12f743029a
2019/08/07 19:16:44 pushed blob: sha256:684665a120767f1de8d5a3ae8817236f5b66a8c0f3dd095c2ad9a2a6d0c97ccb
2019/08/07 19:16:46 pushed blob: sha256:499753399f886e894c5b2e4175839d0d7315b1e2470798aedd0c6137f4bb04f5
2019/08/07 19:16:46 pushed blob: sha256:374ef0ef8b4e5fabaff028145e32b2f74c3665fb7545a639cfa5fb4d71b5d698
2019/08/07 19:17:00 pushed blob: sha256:e66e30e821144b454f7579d7dfd721c3c4153377f44eb68ef7f2c8bac525cc66
2019/08/07 19:22:40 pushed blob: sha256:08059de4300b9d653161c104176d389fcac4538a02b047707687fec9126fe3df
2019/08/07 19:22:42 gcr.io/jenkinsxio/builder-machine-learning:0.1.592: digest: sha256:983ea1994dbb477e97188c0481fd4ff363d42b6482b54cd547892b7552e597dc size: 6009
Step: build-step-build-and-push-machine-learning-gpu:

[36mINFO[0m[0001] Resolved base name gcr.io/jenkinsxio/builder-base:0.0.44 to gcr.io/jenkinsxio/builder-base:0.0.44 
[36mINFO[0m[0001] Resolved base name gcr.io/jenkinsxio/builder-base:0.0.44 to gcr.io/jenkinsxio/builder-base:0.0.44 
[36mINFO[0m[0001] Downloading base image gcr.io/jenkinsxio/builder-base:0.0.44 
[36mINFO[0m[0001] Found sha256:f889e888c351a595832da82ebbc375d22984bab79073185de16affdfcef40f73 in local cache 
[36mINFO[0m[0001] Found manifest at /workspace/sha256:f889e888c351a595832da82ebbc375d22984bab79073185de16affdfcef40f73.json 
[36mINFO[0m[0001] Built cross stage deps: map[]                
[36mINFO[0m[0001] Downloading base image gcr.io/jenkinsxio/builder-base:0.0.44 
[36mINFO[0m[0002] Found sha256:f889e888c351a595832da82ebbc375d22984bab79073185de16affdfcef40f73 in local cache 
[36mINFO[0m[0002] Found manifest at /workspace/sha256:f889e888c351a595832da82ebbc375d22984bab79073185de16affdfcef40f73.json 
[36mINFO[0m[0002] Checking for cached layer gcr.io/jenkinsxio/cache:6a0116863371be36736d34925436e37a721fa8fe4a752a37b11090fb7f0ca814... 
[36mINFO[0m[0003] Using caching version of cmd: RUN echo $'[cudarepo]\nname=Cuda Repository\nbaseurl=https://developer.download.nvidia.com/compute/cuda/repos/rhel7/x86_64/\nenabled=1\ngpgcheck=1\ngpgkey=https://developer.download.nvidia.com/compute/cuda/repos/rhel7/x86_64/7fa2af80.pub\n'>/etc/yum.repos.d/cuda.repo 
[36mINFO[0m[0003] Checking for cached layer gcr.io/jenkinsxio/cache:d6d32630cde1ce3a77596fc0f691996baec9dc9cc56ff425c1979735d6da40b2... 
[36mINFO[0m[0004] Using caching version of cmd: RUN yum clean all && yum -y install cuda-toolkit-10-0 
[36mINFO[0m[0004] Checking for cached layer gcr.io/jenkinsxio/cache:15ecac086f2347de73a77d62ea65381bf1e8ec6a41b6b82d622aef4d89010195... 
[36mINFO[0m[0004] Using caching version of cmd: RUN echo "/usr/local/nvidia/lib" >> /etc/ld.so.conf.d/nvidia.conf &&     echo "/usr/local/nvidia/lib64" >> /etc/ld.so.conf.d/nvidia.conf 
[36mINFO[0m[0004] Checking for cached layer gcr.io/jenkinsxio/cache:e02bb2189d3f6d65cf55c7b58cf3a77235be55cb2d86476df5eaf82d232b7400... 
[36mINFO[0m[0005] Using caching version of cmd: RUN curl -fLo anaconda.sh https://repo.anaconda.com/archive/Anaconda${ANACONDAVERSION}-Linux-x86_64.sh && sh ./anaconda.sh -b && eval "$(/root/anaconda3/bin/conda shell.bash hook)" && conda init && conda install -c conda-forge -c pytorch onnx=1.5.0 flake8=3.7.7 hypothesis=4.10.0 pytorch=1.1.0 -y && rm anaconda.sh 
[36mINFO[0m[0005] Checking for cached layer gcr.io/jenkinsxio/cache:90b2923a5a781e59103ef27cbf1e26720defc8d0a4dd1291aa8b50d7516e2156... 
[36mINFO[0m[0006] Using caching version of cmd: RUN mkdir git-lfs && curl "https://api.github.com/repos/git-lfs/git-lfs/releases/latest" |     grep '"tag_name":' |     sed -E 's/.*"([^"]+)".*/\1/' |     xargs -I {} curl -fL 'https://github.com/git-lfs/git-lfs/releases/download/'{}'/git-lfs-linux-amd64-'{}'.tar.gz' | tar xzvC git-lfs && git-lfs/install.sh && rm -rf git-lfs 
[36mINFO[0m[0006] Checking for cached layer gcr.io/jenkinsxio/cache:5485bb85cb09236a88c96394fff63c48ea100a92b70e5c7b4cece7390fb1d33b... 
[36mINFO[0m[0006] Using caching version of cmd: RUN curl -f -L https://github.com/jenkins-x/**/releases/download/v${JX_VERSION}/**-linux-amd64.tar.gz | tar xzv &&   mv ** /usr/bin/ 
[36mINFO[0m[0006] Checking for cached layer gcr.io/jenkinsxio/cache:4bffc3793bc76f69f52d6ded1c80e13d5194ccce39bf017293c9fb81f7715850... 
[36mINFO[0m[0007] Using caching version of cmd: RUN cp /root/.bash_profile /etc/profile.d/bash_profile.sh 
[36mINFO[0m[0007] Checking for cached layer gcr.io/jenkinsxio/cache:c815f6883f5a8e94b18b4db149d3cb03cec89a180861d25959178f29eb29a7fd... 
[36mINFO[0m[0008] Using caching version of cmd: RUN mkdir -p /usr/src/app 
[36mINFO[0m[0008] Checking for cached layer gcr.io/jenkinsxio/cache:9723b38cb8c6cb1ea06e453fdece281593f8bd1ffd34622aa5afee2006511d4d... 
[36mINFO[0m[0009] Using caching version of cmd: RUN rm /etc/profile.d/bash_profile.sh 
[36mINFO[0m[0009] Skipping unpacking as no commands require it. 
[36mINFO[0m[0009] Taking snapshot of full filesystem...        
[36mINFO[0m[0009] RUN echo $'[cudarepo]\nname=Cuda Repository\nbaseurl=https://developer.download.nvidia.com/compute/cuda/repos/rhel7/x86_64/\nenabled=1\ngpgcheck=1\ngpgkey=https://developer.download.nvidia.com/compute/cuda/repos/rhel7/x86_64/7fa2af80.pub\n'>/etc/yum.repos.d/cuda.repo 
[36mINFO[0m[0009] Found cached layer, extracting to filesystem 
[36mINFO[0m[0009] Taking snapshot of files...                  
[36mINFO[0m[0009] RUN yum clean all && yum -y install cuda-toolkit-10-0 
[36mINFO[0m[0009] Found cached layer, extracting to filesystem 
[36mINFO[0m[0093] Taking snapshot of files...                  
[36mINFO[0m[0180] RUN echo "/usr/local/nvidia/lib" >> /etc/ld.so.conf.d/nvidia.conf &&     echo "/usr/local/nvidia/lib64" >> /etc/ld.so.conf.d/nvidia.conf 
[36mINFO[0m[0180] Found cached layer, extracting to filesystem 
[36mINFO[0m[0180] Taking snapshot of files...                  
[36mINFO[0m[0180] ENV PATH /usr/local/nvidia/bin:/usr/local/cuda/bin:${PATH} 
[36mINFO[0m[0180] No files changed in this command, skipping snapshotting. 
[36mINFO[0m[0180] ENV LD_LIBRARY_PATH /usr/local/nvidia/lib:/usr/local/nvidia/lib64 
[36mINFO[0m[0180] No files changed in this command, skipping snapshotting. 
[36mINFO[0m[0180] ENV NVIDIA_VISIBLE_DEVICES all               
[36mINFO[0m[0180] No files changed in this command, skipping snapshotting. 
[36mINFO[0m[0180] ENV NVIDIA_DRIVER_CAPABILITIES compute,utility 
[36mINFO[0m[0180] No files changed in this command, skipping snapshotting. 
[36mINFO[0m[0180] ENV NVIDIA_REQUIRE_CUDA "cuda>=10.0 brand=tesla,driver>=384,driver<385 brand=tesla,driver>=410,driver<411" 
[36mINFO[0m[0180] No files changed in this command, skipping snapshotting. 
[36mINFO[0m[0180] ENV ANACONDAVERSION 3-2019.03                
[36mINFO[0m[0180] No files changed in this command, skipping snapshotting. 
[36mINFO[0m[0180] RUN curl -fLo anaconda.sh https://repo.anaconda.com/archive/Anaconda${ANACONDAVERSION}-Linux-x86_64.sh && sh ./anaconda.sh -b && eval "$(/root/anaconda3/bin/conda shell.bash hook)" && conda init && conda install -c conda-forge -c pytorch onnx=1.5.0 flake8=3.7.7 hypothesis=4.10.0 pytorch=1.1.0 -y && rm anaconda.sh 
[36mINFO[0m[0180] Found cached layer, extracting to filesystem 
[36mINFO[0m[0364] Taking snapshot of files...                  
[36mINFO[0m[0640] RUN mkdir git-lfs && curl "https://api.github.com/repos/git-lfs/git-lfs/releases/latest" |     grep '"tag_name":' |     sed -E 's/.*"([^"]+)".*/\1/' |     xargs -I {} curl -fL 'https://github.com/git-lfs/git-lfs/releases/download/'{}'/git-lfs-linux-amd64-'{}'.tar.gz' | tar xzvC git-lfs && git-lfs/install.sh && rm -rf git-lfs 
[36mINFO[0m[0640] Found cached layer, extracting to filesystem 
[36mINFO[0m[0641] Taking snapshot of files...                  
[36mINFO[0m[0641] ENV JX_VERSION 2.0.567                       
[36mINFO[0m[0641] No files changed in this command, skipping snapshotting. 
[36mINFO[0m[0641] RUN curl -f -L https://github.com/jenkins-x/**/releases/download/v${JX_VERSION}/**-linux-amd64.tar.gz | tar xzv &&   mv ** /usr/bin/ 
[36mINFO[0m[0641] Found cached layer, extracting to filesystem 
[36mINFO[0m[0648] Taking snapshot of files...                  
[36mINFO[0m[0654] RUN cp /root/.bash_profile /etc/profile.d/bash_profile.sh 
[36mINFO[0m[0654] Found cached layer, extracting to filesystem 
[36mINFO[0m[0654] Taking snapshot of files...                  
[36mINFO[0m[0654] RUN mkdir -p /usr/src/app                    
[36mINFO[0m[0654] Found cached layer, extracting to filesystem 
[36mINFO[0m[0655] Taking snapshot of files...                  
[36mINFO[0m[0655] RUN rm /etc/profile.d/bash_profile.sh        
[36mINFO[0m[0655] Found cached layer, extracting to filesystem 
[36mINFO[0m[0655] Taking snapshot of files...                  
[36mINFO[0m[0655] CMD ["conda", "--version"]                   
[36mINFO[0m[0655] No files changed in this command, skipping snapshotting. 
2019/08/07 19:33:44 existing blob: sha256:a8354d42e6911ab8001edfffa1934a1a9b357d1541f5cecc792b9a4172d76f46
2019/08/07 19:33:44 existing blob: sha256:f92a8369d697ee4bd7673d9254752c241eecc4a23096bbb32f3034d11811b5a1
2019/08/07 19:33:44 existing blob: sha256:05ee8f48257315be25616db5b2ef5381d577bdee423068b8408404125b64fde4
2019/08/07 19:33:44 existing blob: sha256:897e54f35a4b2ed07f22d316f09a9aa9ea68765f226654989a175bb51361e86e
2019/08/07 19:33:44 existing blob: sha256:6756e87e029cdeb551ccf519eaebcf80e3441dd2bb37ed39b7c2268b4774b10b
2019/08/07 19:33:44 existing blob: sha256:e5e2dacee7b09f7927bbd054ec3859e5555a27d569da5193f4cabac285053f9b
2019/08/07 19:33:44 existing blob: sha256:7f205009ed1da43f1f35b5edc07400e345ce6c01cb46e1ae41365386e9434c45
2019/08/07 19:33:44 existing blob: sha256:b6fba42ef133eece995deb10c314cf8baa51ec1bd7dbea9ab259a5d79dcdfda1
2019/08/07 19:33:44 existing blob: sha256:f49b7820967adb88e448f3c2a00267d9ea953eabbd3a81db6b7906a4920623b4
2019/08/07 19:33:44 existing blob: sha256:d773df446b2002f5750748d96b7929546effb66991006aa6fb556a70823be462
2019/08/07 19:33:44 existing blob: sha256:f25494c611ea091e11b157eb61a293f87abd08ed88d620a7c339749a5df70962
2019/08/07 19:33:44 existing blob: sha256:5069d699406c01c82af4f4e6147348dc551cb5d39e0d20dd1750bdce5b49c585
2019/08/07 19:33:44 existing blob: sha256:d8c575b2b52888c9ee09cee8dba37cd3b3035555769295d514229d43fbf47d8e
2019/08/07 19:33:44 existing blob: sha256:92ade984df77a2da628fb1374cdf03f767152d12cd5df74465e4bc8bb39edb58
2019/08/07 19:33:44 existing blob: sha256:5470abb626135f17b82fe46ee94962781a8aba7069a4c0b1898182daa4f429e3
2019/08/07 19:33:44 existing blob: sha256:6d138d81df365a45ab5fcf8e3f3da8357c45afe495207ecd09d2af0eb98505c5
2019/08/07 19:33:44 existing blob: sha256:065e519718393bdd264839cafc4d57eb600832a903765af6d41af5819dd4d160
2019/08/07 19:33:44 existing blob: sha256:7ec2ffb56c90d8cad824dd30eeb4abbbc7321596c47a7dca90095935c3c2b656
2019/08/07 19:33:44 existing blob: sha256:2cde0a33cb63aa41a1ab3fbdc3afc787a086314a625c30f7b68bc7ac02c6660e
2019/08/07 19:33:44 existing blob: sha256:b1587e65165c461940963893326da19b2bc15471f6191bfdd9194758cb886aa6
2019/08/07 19:33:44 existing blob: sha256:94b3b7648b5544a05178b5994d088a23b3b253f02d4aa676b986f9e7fb36a10e
2019/08/07 19:33:44 existing blob: sha256:b1c1d1dc3c9b9ab62839f55f0b0da8856c9afa9d6fd1df987a48f582cc28183c
2019/08/07 19:33:44 existing blob: sha256:8ba884070f611d31cb2c42eddb691319dc9facf5e0ec67672fcfa135181ab3df
2019/08/07 19:33:44 existing blob: sha256:ce53723240799b4450ccf6661e55e7277a52d14666b060a129af4125a69ac70e
2019/08/07 19:33:44 existing blob: sha256:429b38434357f169ce8a79a4bb39ca386ccf658ae7482b6ff602a86e6191960e
2019/08/07 19:33:44 existing blob: sha256:bee0a13648017886c5915ce5dec608f24dbea7b8a1e044c8fb2105ceea408afa
2019/08/07 19:33:44 existing blob: sha256:d1f08e18f79c532c470770e5fb7824e610deebfdcfe3775f6a1ad385b65e5e95
2019/08/07 19:33:44 existing blob: sha256:f9443307d73a890bbffbe23bbf8ce9a8e5e6d99b3a206bbd1959c80ea2cea61f
2019/08/07 19:33:44 existing blob: sha256:beeb2bddff350965322c530827ce314058a5af7f4f628d9ef9c97dd73e48d016
2019/08/07 19:33:44 existing blob: sha256:7c017636a6a609d8d318a4bebb3b6cc13feaf476f6a2ecc83d28e117314d5f6f
2019/08/07 19:33:47 pushed blob: sha256:36cd23b62fa898754f22c6c40dc10d1a3937d4cca4140775c39419563bed681d
2019/08/07 19:33:47 pushed blob: sha256:14d896e5feb29f20c2ad37c7eb030f827cf6522c4e59b41f38092c288a7f9f5a
2019/08/07 19:33:47 pushed blob: sha256:cf82b7e2a79bb83b4aeee4b22c37f376dded56c3a30e7afec3fb27dd4062297b
2019/08/07 19:33:47 pushed blob: sha256:ea51b790583d722e34ef73431bd222c5253888559f06e4683ec5473bf0904ed6
2019/08/07 19:33:47 pushed blob: sha256:03d118fd5b849ae4db39acd9c4e5a46663979b2187ddb1d9bc3c6067780f5f39
2019/08/07 19:33:47 pushed blob: sha256:d7eb85dd36b5d09cda15e19d18747da0b7dae432f5a7b939dda6d0769fb6460c
2019/08/07 19:33:49 pushed blob: sha256:92c52552255e3099177026629f951b2f38533a0504c924b306ce916b7ab3cd88
2019/08/07 19:34:06 pushed blob: sha256:2ea121072059440a845a89e506df201cfe0d0f7aea7353727ea58af962af674b
2019/08/07 19:39:25 pushed blob: sha256:8e0564fe97b838fcc1ad5746fb64dfdcd7a2ae0147f7fd212324c6768720fabc
2019/08/07 19:41:51 pushed blob: sha256:7802cc3bd0220925ecd8759dd1ca902469e1890b5aa4662386d9b018026f79c8
2019/08/07 19:41:53 gcr.io/jenkinsxio/builder-machine-learning-gpu:0.1.592: digest: sha256:9b18d1325ceacb99709e1760457d0882aa13858518a332582b4ed1a69b1c21af size: 6656
Step: build-step-update-bot:

Using https://github.com/jenkins-x/jenkins-x-builders-ml as source for change discovered from git repo in /workspace/source
Created Pull Request: https://github.com/jenkins-x/jenkins-x-platform/pull/5837
Added label updatebot to Pull Request https://github.com/jenkins-x/jenkins-x-platform/pull/5837
Using https://github.com/jenkins-x/jenkins-x-builders-ml as source for change discovered from git repo in /workspace/source
Updated Pull Request: https://github.com/jenkins-x/jenkins-x-platform/pull/5837
Step: build-step-changelog:

Converted /workspace/source to an unshallow repository
DEBUG: Using helmBinary helm with feature flag: template-mode
Generating change log from git ref 55cb3d1a0899617c9feaec8a305b1aba29b84c71 => 740e32efda5469f7d602d3000f54c3f550e2be97
DEBUG: merging pipeline secrets with local secrets
DEBUG: merging pipeline secrets with local secrets
DEBUG: Found commits:
DEBUG:   commit 740e32efda5469f7d602d3000f54c3f550e2be97
DEBUG:   Author: ************* <35031835+*************@users.noreply.github.com>
DEBUG:   Date: Wed Aug  7 20:05:57 2019
DEBUG:       
Merge pull request #32 from *************/bump-docker-version-a358fe23-b942-11e9-a243-a683d510705f

chore(deps): bump https://github.com/jenkins-x/** from 2.0.564 to 2.0.567


DEBUG:   commit 970f3454fd0b4fc9c6f7c86c8451057eba927bbb
DEBUG:   Author: ************* <jenkins-x@googlegroups.com>
DEBUG:   Date: Wed Aug  7 18:39:07 2019
DEBUG:       chore(deps): bump https://github.com/jenkins-x/** from 2.0.564 to 2.0.567

Command run was `./build/linux/** step create pr docker --name JX_VERSION --version 2.0.567 --repo https://github.com/jenkins-x/jenkins-x-builders.git --repo https://github.com/jenkins-x/jenkins-x-serverless.git --repo https://github.com/jenkins-x/dev-env-base.git --repo https://github.com/jenkins-x/jenkins-x-builders-ml.git`



WARNING: Failed to enrich commit 970f3454fd0b4fc9c6f7c86c8451057eba927bbb with issues: users.jenkins.io "x-0" already exists
WARNING: Failed to enrich commit 970f3454fd0b4fc9c6f7c86c8451057eba927bbb with issues: users.jenkins.io "x-0" already exists
DEBUG: merging pipeline secrets with local secrets
Finding issues in commit messages using git format
DEBUG: Generated release notes:

## Changes

### Chores

* deps: bump https://github.com/jenkins-x/** from 2.0.564 to 2.0.567

### Dependency Updates

| Dependency | Component | New Version | Old Version |
| ---------- | --------- | ----------- | ----------- |
| [jenkins-x/**](https://github.com/jenkins-x/**) |  | [2.0.567](https://github.com/jenkins-x/**/releases/tag/v2.0.567) | [2.0.564](https://github.com/jenkins-x/**/releases/tag/v2.0.564)|

WARNING: No release found for jenkins-x/jenkins-x-builders-ml and tag v0.1.592 so creating a new release
Updated the release information at https://github.com/jenkins-x/jenkins-x-builders-ml/releases/tag/v0.1.592
Uploaded /workspace/source/dependency-matrix/matrix.yaml to release asset https://github.com/jenkins-x/jenkins-x-builders-ml/releases/download/v0.1.592/dependency-matrix.yaml
Uploaded dependency-updates.yaml to release asset https://github.com/jenkins-x/jenkins-x-builders-ml/releases/download/v0.1.592/dependency-updates.yaml
generated: /workspace/source/templates/release.yaml
Created Release jenkins-x-builders-ml-0-1-592 resource in namespace **
Updating PipelineActivity jenkins-x-jenkins-x-builders-ml-master-50 with version 0.1.592
Updated PipelineActivities jenkins-x-jenkins-x-builders-ml-master-50 with release notes URL: https://github.com/jenkins-x/jenkins-x-builders-ml/releases/tag/v0.1.592
