Step: build-step-credential-initializer-m2vrt:

Unable to retrieve container logs for docker://fb3f000aa35ede6418a5e0c28271c96ba8d217d51a2bf36252e1de862a6ae72f
Step: build-step-working-dir-initializer-jclsj:

Unable to retrieve container logs for docker://36a1be9d30386e63ee11f0b406538a788b3d722fc95b57193cd4ad016d78a75a
Step: build-step-place-tools:

Unable to retrieve container logs for docker://d8a4f5479e04bc5787160d0e680192758bf77bea2171d6565ac2e2fb4aba9d40
Step: build-step-git-source-jenkins-x-jenkins-x-builders-ml-x42qr:

{"level":"warn","ts":1565212459.2673352,"logger":"fallback-logger","caller":"logging/config.go:65","msg":"Fetch GitHub commit ID from kodata failed: \"ref: refs/heads/master\" is not a valid GitHub commit ID"}
{"level":"info","ts":1565212460.5113695,"logger":"fallback-logger","caller":"git/git.go:102","msg":"Successfully cloned https://github.com/jenkins-x/jenkins-x-builders-ml @ v0.1.593 in path /workspace/source"}
Step: build-step-git-merge:

Warning failed to load version: failed to parse version -dev+9e73adc0b: No Major.Minor.Patch elements found
time="2019-08-07T21:14:21Z" level=info msg="got "
Using SHAs from PULL_REFS=master:bcbd13f6c3fc09cd21305a8bafb623cb80ccf995
time="2019-08-07T21:14:21Z" level=warning msg="no SHAs to merge, falling back to initial cloned commit"
Step: build-step-step2:

/builder/home/kaniko-secret.json
Step: build-step-warm-cache:

Step: build-step-build-and-push-machine-learning:

[36mINFO[0m[0000] Resolved base name gcr.io/jenkinsxio/builder-base:0.0.44 to gcr.io/jenkinsxio/builder-base:0.0.44 
[36mINFO[0m[0000] Resolved base name gcr.io/jenkinsxio/builder-base:0.0.44 to gcr.io/jenkinsxio/builder-base:0.0.44 
[36mINFO[0m[0000] Downloading base image gcr.io/jenkinsxio/builder-base:0.0.44 
[36mINFO[0m[0000] Found sha256:f889e888c351a595832da82ebbc375d22984bab79073185de16affdfcef40f73 in local cache 
[36mINFO[0m[0000] Found manifest at /workspace/sha256:f889e888c351a595832da82ebbc375d22984bab79073185de16affdfcef40f73.json 
[36mINFO[0m[0000] Built cross stage deps: map[]                
[36mINFO[0m[0000] Downloading base image gcr.io/jenkinsxio/builder-base:0.0.44 
[36mINFO[0m[0001] Found sha256:f889e888c351a595832da82ebbc375d22984bab79073185de16affdfcef40f73 in local cache 
[36mINFO[0m[0001] Found manifest at /workspace/sha256:f889e888c351a595832da82ebbc375d22984bab79073185de16affdfcef40f73.json 
[36mINFO[0m[0001] Checking for cached layer gcr.io/jenkinsxio/cache:be3cfe94fb272488aeb4220e009b4d5b8ee52676fd056eab0b5a5a24b57c5329... 
[36mINFO[0m[0002] Using caching version of cmd: RUN curl -fLo anaconda.sh https://repo.anaconda.com/archive/Anaconda${ANACONDAVERSION}-Linux-x86_64.sh && sh ./anaconda.sh -b && eval "$(/root/anaconda3/bin/conda shell.bash hook)" && conda init && conda install -c conda-forge -c pytorch onnx=1.4.1 flake8=3.7.7 hypothesis=4.10.0 pytorch=1.0.1 -y && rm anaconda.sh 
[36mINFO[0m[0002] Checking for cached layer gcr.io/jenkinsxio/cache:1151c0a402d63d5798732644b12728dabda842f69c8d6772f9dd4761a6eeb27e... 
[36mINFO[0m[0002] Using caching version of cmd: RUN mkdir git-lfs && curl "https://api.github.com/repos/git-lfs/git-lfs/releases/latest" |     grep '"tag_name":' |     sed -E 's/.*"([^"]+)".*/\1/' |     xargs -I {} curl -fL 'https://github.com/git-lfs/git-lfs/releases/download/'{}'/git-lfs-linux-amd64-'{}'.tar.gz' | tar xzvC git-lfs && git-lfs/install.sh && rm -rf git-lfs 
[36mINFO[0m[0002] Checking for cached layer gcr.io/jenkinsxio/cache:4eca81b12192c37dc3b474605b2216e00c518625c75918c0121ca9ef008e8304... 
[36mINFO[0m[0003] Using caching version of cmd: RUN curl -f -L https://github.com/jenkins-x/**/releases/download/v${JX_VERSION}/**-linux-amd64.tar.gz | tar xzv &&   mv ** /usr/bin/ 
[36mINFO[0m[0003] Checking for cached layer gcr.io/jenkinsxio/cache:285617239dada91acb7eb86a6bf326940781ae99fd86a49bc4f2470d38be2592... 
[36mINFO[0m[0004] Using caching version of cmd: RUN cp /root/.bash_profile /etc/profile.d/bash_profile.sh 
[36mINFO[0m[0004] Checking for cached layer gcr.io/jenkinsxio/cache:cf11563e938d6ae3b8170d1ca3adb7486ba77fc006061f9b224abe237ceca791... 
[36mINFO[0m[0004] Using caching version of cmd: RUN mkdir -p /usr/src/app 
[36mINFO[0m[0004] Skipping unpacking as no commands require it. 
[36mINFO[0m[0004] Taking snapshot of full filesystem...        
[36mINFO[0m[0008] ENV ANACONDAVERSION 3-2019.03                
[36mINFO[0m[0008] No files changed in this command, skipping snapshotting. 
[36mINFO[0m[0008] RUN curl -fLo anaconda.sh https://repo.anaconda.com/archive/Anaconda${ANACONDAVERSION}-Linux-x86_64.sh && sh ./anaconda.sh -b && eval "$(/root/anaconda3/bin/conda shell.bash hook)" && conda init && conda install -c conda-forge -c pytorch onnx=1.4.1 flake8=3.7.7 hypothesis=4.10.0 pytorch=1.0.1 -y && rm anaconda.sh 
[36mINFO[0m[0008] Found cached layer, extracting to filesystem 
[36mINFO[0m[0171] Taking snapshot of files...                  
[36mINFO[0m[0340] RUN mkdir git-lfs && curl "https://api.github.com/repos/git-lfs/git-lfs/releases/latest" |     grep '"tag_name":' |     sed -E 's/.*"([^"]+)".*/\1/' |     xargs -I {} curl -fL 'https://github.com/git-lfs/git-lfs/releases/download/'{}'/git-lfs-linux-amd64-'{}'.tar.gz' | tar xzvC git-lfs && git-lfs/install.sh && rm -rf git-lfs 
[36mINFO[0m[0340] Found cached layer, extracting to filesystem 
[36mINFO[0m[0341] Taking snapshot of files...                  
[36mINFO[0m[0341] ENV JX_VERSION 2.0.568                       
[36mINFO[0m[0341] No files changed in this command, skipping snapshotting. 
[36mINFO[0m[0341] RUN curl -f -L https://github.com/jenkins-x/**/releases/download/v${JX_VERSION}/**-linux-amd64.tar.gz | tar xzv &&   mv ** /usr/bin/ 
[36mINFO[0m[0341] Found cached layer, extracting to filesystem 
[36mINFO[0m[0346] Taking snapshot of files...                  
[36mINFO[0m[0350] RUN cp /root/.bash_profile /etc/profile.d/bash_profile.sh 
[36mINFO[0m[0350] Found cached layer, extracting to filesystem 
[36mINFO[0m[0351] Taking snapshot of files...                  
[36mINFO[0m[0351] RUN mkdir -p /usr/src/app                    
[36mINFO[0m[0351] Found cached layer, extracting to filesystem 
[36mINFO[0m[0351] Taking snapshot of files...                  
[36mINFO[0m[0351] CMD ["conda", "--version"]                   
[36mINFO[0m[0351] No files changed in this command, skipping snapshotting. 
2019/08/07 21:20:43 existing blob: sha256:beeb2bddff350965322c530827ce314058a5af7f4f628d9ef9c97dd73e48d016
2019/08/07 21:20:43 existing blob: sha256:e5e2dacee7b09f7927bbd054ec3859e5555a27d569da5193f4cabac285053f9b
2019/08/07 21:20:43 existing blob: sha256:a8354d42e6911ab8001edfffa1934a1a9b357d1541f5cecc792b9a4172d76f46
2019/08/07 21:20:43 existing blob: sha256:b1587e65165c461940963893326da19b2bc15471f6191bfdd9194758cb886aa6
2019/08/07 21:20:43 existing blob: sha256:d1f08e18f79c532c470770e5fb7824e610deebfdcfe3775f6a1ad385b65e5e95
2019/08/07 21:20:43 existing blob: sha256:2cde0a33cb63aa41a1ab3fbdc3afc787a086314a625c30f7b68bc7ac02c6660e
2019/08/07 21:20:43 existing blob: sha256:7c017636a6a609d8d318a4bebb3b6cc13feaf476f6a2ecc83d28e117314d5f6f
2019/08/07 21:20:43 existing blob: sha256:ce53723240799b4450ccf6661e55e7277a52d14666b060a129af4125a69ac70e
2019/08/07 21:20:43 existing blob: sha256:f92a8369d697ee4bd7673d9254752c241eecc4a23096bbb32f3034d11811b5a1
2019/08/07 21:20:43 existing blob: sha256:6d138d81df365a45ab5fcf8e3f3da8357c45afe495207ecd09d2af0eb98505c5
2019/08/07 21:20:43 existing blob: sha256:b6fba42ef133eece995deb10c314cf8baa51ec1bd7dbea9ab259a5d79dcdfda1
2019/08/07 21:20:43 existing blob: sha256:92ade984df77a2da628fb1374cdf03f767152d12cd5df74465e4bc8bb39edb58
2019/08/07 21:20:43 existing blob: sha256:5069d699406c01c82af4f4e6147348dc551cb5d39e0d20dd1750bdce5b49c585
2019/08/07 21:20:43 existing blob: sha256:5470abb626135f17b82fe46ee94962781a8aba7069a4c0b1898182daa4f429e3
2019/08/07 21:20:43 existing blob: sha256:065e519718393bdd264839cafc4d57eb600832a903765af6d41af5819dd4d160
2019/08/07 21:20:43 existing blob: sha256:05ee8f48257315be25616db5b2ef5381d577bdee423068b8408404125b64fde4
2019/08/07 21:20:43 existing blob: sha256:d8c575b2b52888c9ee09cee8dba37cd3b3035555769295d514229d43fbf47d8e
2019/08/07 21:20:43 existing blob: sha256:429b38434357f169ce8a79a4bb39ca386ccf658ae7482b6ff602a86e6191960e
2019/08/07 21:20:43 existing blob: sha256:f9443307d73a890bbffbe23bbf8ce9a8e5e6d99b3a206bbd1959c80ea2cea61f
2019/08/07 21:20:43 existing blob: sha256:bee0a13648017886c5915ce5dec608f24dbea7b8a1e044c8fb2105ceea408afa
2019/08/07 21:20:43 existing blob: sha256:8ba884070f611d31cb2c42eddb691319dc9facf5e0ec67672fcfa135181ab3df
2019/08/07 21:20:43 existing blob: sha256:7ec2ffb56c90d8cad824dd30eeb4abbbc7321596c47a7dca90095935c3c2b656
2019/08/07 21:20:43 existing blob: sha256:f25494c611ea091e11b157eb61a293f87abd08ed88d620a7c339749a5df70962
2019/08/07 21:20:43 existing blob: sha256:b1c1d1dc3c9b9ab62839f55f0b0da8856c9afa9d6fd1df987a48f582cc28183c
2019/08/07 21:20:43 existing blob: sha256:6756e87e029cdeb551ccf519eaebcf80e3441dd2bb37ed39b7c2268b4774b10b
2019/08/07 21:20:43 existing blob: sha256:d773df446b2002f5750748d96b7929546effb66991006aa6fb556a70823be462
2019/08/07 21:20:43 existing blob: sha256:897e54f35a4b2ed07f22d316f09a9aa9ea68765f226654989a175bb51361e86e
2019/08/07 21:20:43 existing blob: sha256:7f205009ed1da43f1f35b5edc07400e345ce6c01cb46e1ae41365386e9434c45
2019/08/07 21:20:43 existing blob: sha256:94b3b7648b5544a05178b5994d088a23b3b253f02d4aa676b986f9e7fb36a10e
2019/08/07 21:20:43 existing blob: sha256:f49b7820967adb88e448f3c2a00267d9ea953eabbd3a81db6b7906a4920623b4
2019/08/07 21:20:45 pushed blob: sha256:bc87a9a930cdeb13da045b642c6f53a39795ae4937e70c938120e29c11705e77
2019/08/07 21:20:45 pushed blob: sha256:cbb50026f68f674d409b2806efb33388ba023027fb2b506d87117bf337155bd1
2019/08/07 21:20:45 pushed blob: sha256:20b27c1ab5aeb30f3c2b3de38a6de679bd807640f56b22b0d996e7dc8fab074b
2019/08/07 21:20:47 pushed blob: sha256:f9361ef80c5e813ec3a9f12b427fe0fe6bd0d4204c997046a404df3c4ab4b010
2019/08/07 21:20:57 pushed blob: sha256:cee4e3356e7b38ea758863850aec4b39d994b5354f953a54c38b0c6b15b61585
2019/08/07 21:26:11 pushed blob: sha256:bc5db314a6221c8044dd43635c9925c31525341792bc56b6af6426a4d881c680
2019/08/07 21:26:13 gcr.io/jenkinsxio/builder-machine-learning:0.1.593: digest: sha256:49a413bee577f16b58ea4723d7d0b3e38fd38b12155dc260e6d7be1641aa6964 size: 6009
Step: build-step-build-and-push-machine-learning-gpu:

[36mINFO[0m[0000] Resolved base name gcr.io/jenkinsxio/builder-base:0.0.44 to gcr.io/jenkinsxio/builder-base:0.0.44 
[36mINFO[0m[0000] Resolved base name gcr.io/jenkinsxio/builder-base:0.0.44 to gcr.io/jenkinsxio/builder-base:0.0.44 
[36mINFO[0m[0000] Downloading base image gcr.io/jenkinsxio/builder-base:0.0.44 
[36mINFO[0m[0000] Found sha256:f889e888c351a595832da82ebbc375d22984bab79073185de16affdfcef40f73 in local cache 
[36mINFO[0m[0000] Found manifest at /workspace/sha256:f889e888c351a595832da82ebbc375d22984bab79073185de16affdfcef40f73.json 
[36mINFO[0m[0000] Built cross stage deps: map[]                
[36mINFO[0m[0000] Downloading base image gcr.io/jenkinsxio/builder-base:0.0.44 
[36mINFO[0m[0001] Found sha256:f889e888c351a595832da82ebbc375d22984bab79073185de16affdfcef40f73 in local cache 
[36mINFO[0m[0001] Found manifest at /workspace/sha256:f889e888c351a595832da82ebbc375d22984bab79073185de16affdfcef40f73.json 
[36mINFO[0m[0001] Checking for cached layer gcr.io/jenkinsxio/cache:6a0116863371be36736d34925436e37a721fa8fe4a752a37b11090fb7f0ca814... 
[36mINFO[0m[0002] Using caching version of cmd: RUN echo $'[cudarepo]\nname=Cuda Repository\nbaseurl=https://developer.download.nvidia.com/compute/cuda/repos/rhel7/x86_64/\nenabled=1\ngpgcheck=1\ngpgkey=https://developer.download.nvidia.com/compute/cuda/repos/rhel7/x86_64/7fa2af80.pub\n'>/etc/yum.repos.d/cuda.repo 
[36mINFO[0m[0002] Checking for cached layer gcr.io/jenkinsxio/cache:d6d32630cde1ce3a77596fc0f691996baec9dc9cc56ff425c1979735d6da40b2... 
[36mINFO[0m[0002] Using caching version of cmd: RUN yum clean all && yum -y install cuda-toolkit-10-0 
[36mINFO[0m[0002] Checking for cached layer gcr.io/jenkinsxio/cache:15ecac086f2347de73a77d62ea65381bf1e8ec6a41b6b82d622aef4d89010195... 
[36mINFO[0m[0003] Using caching version of cmd: RUN echo "/usr/local/nvidia/lib" >> /etc/ld.so.conf.d/nvidia.conf &&     echo "/usr/local/nvidia/lib64" >> /etc/ld.so.conf.d/nvidia.conf 
[36mINFO[0m[0003] Checking for cached layer gcr.io/jenkinsxio/cache:e02bb2189d3f6d65cf55c7b58cf3a77235be55cb2d86476df5eaf82d232b7400... 
[36mINFO[0m[0003] Using caching version of cmd: RUN curl -fLo anaconda.sh https://repo.anaconda.com/archive/Anaconda${ANACONDAVERSION}-Linux-x86_64.sh && sh ./anaconda.sh -b && eval "$(/root/anaconda3/bin/conda shell.bash hook)" && conda init && conda install -c conda-forge -c pytorch onnx=1.5.0 flake8=3.7.7 hypothesis=4.10.0 pytorch=1.1.0 -y && rm anaconda.sh 
[36mINFO[0m[0003] Checking for cached layer gcr.io/jenkinsxio/cache:90b2923a5a781e59103ef27cbf1e26720defc8d0a4dd1291aa8b50d7516e2156... 
[36mINFO[0m[0004] Using caching version of cmd: RUN mkdir git-lfs && curl "https://api.github.com/repos/git-lfs/git-lfs/releases/latest" |     grep '"tag_name":' |     sed -E 's/.*"([^"]+)".*/\1/' |     xargs -I {} curl -fL 'https://github.com/git-lfs/git-lfs/releases/download/'{}'/git-lfs-linux-amd64-'{}'.tar.gz' | tar xzvC git-lfs && git-lfs/install.sh && rm -rf git-lfs 
[36mINFO[0m[0004] Checking for cached layer gcr.io/jenkinsxio/cache:3c7e0f30cb4cdf191e5047369d6207ed970390794bffc1adb53395582f46676c... 
[36mINFO[0m[0005] Using caching version of cmd: RUN curl -f -L https://github.com/jenkins-x/**/releases/download/v${JX_VERSION}/**-linux-amd64.tar.gz | tar xzv &&   mv ** /usr/bin/ 
[36mINFO[0m[0005] Checking for cached layer gcr.io/jenkinsxio/cache:aae48f79e00450f16e576e57c6574396108444efdcf079340adc7e68f68da985... 
[36mINFO[0m[0006] Using caching version of cmd: RUN cp /root/.bash_profile /etc/profile.d/bash_profile.sh 
[36mINFO[0m[0006] Checking for cached layer gcr.io/jenkinsxio/cache:bb90538b840d56b7f0afa5e59523f6aaa0ac4c6dae74038dbb8cf7ddaef54b34... 
[36mINFO[0m[0006] Using caching version of cmd: RUN mkdir -p /usr/src/app 
[36mINFO[0m[0006] Checking for cached layer gcr.io/jenkinsxio/cache:ec43d15183f0c64e538858ea9190f9ab7f0676659dfdb9c46e2fc4ad43c76581... 
[36mINFO[0m[0007] Using caching version of cmd: RUN rm /etc/profile.d/bash_profile.sh 
[36mINFO[0m[0007] Skipping unpacking as no commands require it. 
[36mINFO[0m[0007] Taking snapshot of full filesystem...        
[36mINFO[0m[0007] RUN echo $'[cudarepo]\nname=Cuda Repository\nbaseurl=https://developer.download.nvidia.com/compute/cuda/repos/rhel7/x86_64/\nenabled=1\ngpgcheck=1\ngpgkey=https://developer.download.nvidia.com/compute/cuda/repos/rhel7/x86_64/7fa2af80.pub\n'>/etc/yum.repos.d/cuda.repo 
[36mINFO[0m[0007] Found cached layer, extracting to filesystem 
[36mINFO[0m[0007] Taking snapshot of files...                  
[36mINFO[0m[0007] RUN yum clean all && yum -y install cuda-toolkit-10-0 
[36mINFO[0m[0007] Found cached layer, extracting to filesystem 
[36mINFO[0m[0069] Taking snapshot of files...                  
[36mINFO[0m[0151] RUN echo "/usr/local/nvidia/lib" >> /etc/ld.so.conf.d/nvidia.conf &&     echo "/usr/local/nvidia/lib64" >> /etc/ld.so.conf.d/nvidia.conf 
[36mINFO[0m[0151] Found cached layer, extracting to filesystem 
[36mINFO[0m[0152] Taking snapshot of files...                  
[36mINFO[0m[0152] ENV PATH /usr/local/nvidia/bin:/usr/local/cuda/bin:${PATH} 
[36mINFO[0m[0152] No files changed in this command, skipping snapshotting. 
[36mINFO[0m[0152] ENV LD_LIBRARY_PATH /usr/local/nvidia/lib:/usr/local/nvidia/lib64 
[36mINFO[0m[0152] No files changed in this command, skipping snapshotting. 
[36mINFO[0m[0152] ENV NVIDIA_VISIBLE_DEVICES all               
[36mINFO[0m[0152] No files changed in this command, skipping snapshotting. 
[36mINFO[0m[0152] ENV NVIDIA_DRIVER_CAPABILITIES compute,utility 
[36mINFO[0m[0152] No files changed in this command, skipping snapshotting. 
[36mINFO[0m[0152] ENV NVIDIA_REQUIRE_CUDA "cuda>=10.0 brand=tesla,driver>=384,driver<385 brand=tesla,driver>=410,driver<411" 
[36mINFO[0m[0152] No files changed in this command, skipping snapshotting. 
[36mINFO[0m[0152] ENV ANACONDAVERSION 3-2019.03                
[36mINFO[0m[0152] No files changed in this command, skipping snapshotting. 
[36mINFO[0m[0152] RUN curl -fLo anaconda.sh https://repo.anaconda.com/archive/Anaconda${ANACONDAVERSION}-Linux-x86_64.sh && sh ./anaconda.sh -b && eval "$(/root/anaconda3/bin/conda shell.bash hook)" && conda init && conda install -c conda-forge -c pytorch onnx=1.5.0 flake8=3.7.7 hypothesis=4.10.0 pytorch=1.1.0 -y && rm anaconda.sh 
[36mINFO[0m[0152] Found cached layer, extracting to filesystem 
[36mINFO[0m[0322] Taking snapshot of files...                  
[36mINFO[0m[0499] RUN mkdir git-lfs && curl "https://api.github.com/repos/git-lfs/git-lfs/releases/latest" |     grep '"tag_name":' |     sed -E 's/.*"([^"]+)".*/\1/' |     xargs -I {} curl -fL 'https://github.com/git-lfs/git-lfs/releases/download/'{}'/git-lfs-linux-amd64-'{}'.tar.gz' | tar xzvC git-lfs && git-lfs/install.sh && rm -rf git-lfs 
[36mINFO[0m[0499] Found cached layer, extracting to filesystem 
[36mINFO[0m[0499] Taking snapshot of files...                  
[36mINFO[0m[0499] ENV JX_VERSION 2.0.568                       
[36mINFO[0m[0499] No files changed in this command, skipping snapshotting. 
[36mINFO[0m[0499] RUN curl -f -L https://github.com/jenkins-x/**/releases/download/v${JX_VERSION}/**-linux-amd64.tar.gz | tar xzv &&   mv ** /usr/bin/ 
[36mINFO[0m[0499] Found cached layer, extracting to filesystem 
[36mINFO[0m[0504] Taking snapshot of files...                  
[36mINFO[0m[0509] RUN cp /root/.bash_profile /etc/profile.d/bash_profile.sh 
[36mINFO[0m[0509] Found cached layer, extracting to filesystem 
[36mINFO[0m[0509] Taking snapshot of files...                  
[36mINFO[0m[0509] RUN mkdir -p /usr/src/app                    
[36mINFO[0m[0509] Found cached layer, extracting to filesystem 
[36mINFO[0m[0509] Taking snapshot of files...                  
[36mINFO[0m[0509] RUN rm /etc/profile.d/bash_profile.sh        
[36mINFO[0m[0509] Found cached layer, extracting to filesystem 
[36mINFO[0m[0510] Taking snapshot of files...                  
[36mINFO[0m[0510] CMD ["conda", "--version"]                   
[36mINFO[0m[0510] No files changed in this command, skipping snapshotting. 
2019/08/07 21:34:49 existing blob: sha256:7ec2ffb56c90d8cad824dd30eeb4abbbc7321596c47a7dca90095935c3c2b656
2019/08/07 21:34:49 existing blob: sha256:6756e87e029cdeb551ccf519eaebcf80e3441dd2bb37ed39b7c2268b4774b10b
2019/08/07 21:34:49 existing blob: sha256:f92a8369d697ee4bd7673d9254752c241eecc4a23096bbb32f3034d11811b5a1
2019/08/07 21:34:49 existing blob: sha256:6d138d81df365a45ab5fcf8e3f3da8357c45afe495207ecd09d2af0eb98505c5
2019/08/07 21:34:49 existing blob: sha256:065e519718393bdd264839cafc4d57eb600832a903765af6d41af5819dd4d160
2019/08/07 21:34:49 existing blob: sha256:2cde0a33cb63aa41a1ab3fbdc3afc787a086314a625c30f7b68bc7ac02c6660e
2019/08/07 21:34:49 existing blob: sha256:f9443307d73a890bbffbe23bbf8ce9a8e5e6d99b3a206bbd1959c80ea2cea61f
2019/08/07 21:34:49 existing blob: sha256:e5e2dacee7b09f7927bbd054ec3859e5555a27d569da5193f4cabac285053f9b
2019/08/07 21:34:49 existing blob: sha256:b1c1d1dc3c9b9ab62839f55f0b0da8856c9afa9d6fd1df987a48f582cc28183c
2019/08/07 21:34:49 existing blob: sha256:7c017636a6a609d8d318a4bebb3b6cc13feaf476f6a2ecc83d28e117314d5f6f
2019/08/07 21:34:49 existing blob: sha256:ce53723240799b4450ccf6661e55e7277a52d14666b060a129af4125a69ac70e
2019/08/07 21:34:49 existing blob: sha256:f25494c611ea091e11b157eb61a293f87abd08ed88d620a7c339749a5df70962
2019/08/07 21:34:49 existing blob: sha256:b1587e65165c461940963893326da19b2bc15471f6191bfdd9194758cb886aa6
2019/08/07 21:34:49 existing blob: sha256:7f205009ed1da43f1f35b5edc07400e345ce6c01cb46e1ae41365386e9434c45
2019/08/07 21:34:49 existing blob: sha256:5470abb626135f17b82fe46ee94962781a8aba7069a4c0b1898182daa4f429e3
2019/08/07 21:34:49 existing blob: sha256:d773df446b2002f5750748d96b7929546effb66991006aa6fb556a70823be462
2019/08/07 21:34:49 existing blob: sha256:92ade984df77a2da628fb1374cdf03f767152d12cd5df74465e4bc8bb39edb58
2019/08/07 21:34:49 existing blob: sha256:bee0a13648017886c5915ce5dec608f24dbea7b8a1e044c8fb2105ceea408afa
2019/08/07 21:34:49 existing blob: sha256:8ba884070f611d31cb2c42eddb691319dc9facf5e0ec67672fcfa135181ab3df
2019/08/07 21:34:49 existing blob: sha256:05ee8f48257315be25616db5b2ef5381d577bdee423068b8408404125b64fde4
2019/08/07 21:34:49 existing blob: sha256:f49b7820967adb88e448f3c2a00267d9ea953eabbd3a81db6b7906a4920623b4
2019/08/07 21:34:49 existing blob: sha256:b6fba42ef133eece995deb10c314cf8baa51ec1bd7dbea9ab259a5d79dcdfda1
2019/08/07 21:34:49 existing blob: sha256:beeb2bddff350965322c530827ce314058a5af7f4f628d9ef9c97dd73e48d016
2019/08/07 21:34:49 existing blob: sha256:897e54f35a4b2ed07f22d316f09a9aa9ea68765f226654989a175bb51361e86e
2019/08/07 21:34:49 existing blob: sha256:429b38434357f169ce8a79a4bb39ca386ccf658ae7482b6ff602a86e6191960e
2019/08/07 21:34:49 existing blob: sha256:a8354d42e6911ab8001edfffa1934a1a9b357d1541f5cecc792b9a4172d76f46
2019/08/07 21:34:49 existing blob: sha256:d1f08e18f79c532c470770e5fb7824e610deebfdcfe3775f6a1ad385b65e5e95
2019/08/07 21:34:49 existing blob: sha256:5069d699406c01c82af4f4e6147348dc551cb5d39e0d20dd1750bdce5b49c585
2019/08/07 21:34:49 existing blob: sha256:d8c575b2b52888c9ee09cee8dba37cd3b3035555769295d514229d43fbf47d8e
2019/08/07 21:34:49 existing blob: sha256:94b3b7648b5544a05178b5994d088a23b3b253f02d4aa676b986f9e7fb36a10e
2019/08/07 21:34:51 pushed blob: sha256:6e63eea2fced192e2f7b8b548322fd914a306e8e13bcca1b5e6a9140a0064970
2019/08/07 21:34:51 pushed blob: sha256:2b4606056364e2ecd1765cc7e393673de36028693cf0282e77fcae6f9cf15995
2019/08/07 21:34:51 pushed blob: sha256:3159acf16adf578faab84c2c09722e2106a24e413b394315e8db5157fd9f70df
2019/08/07 21:34:51 pushed blob: sha256:668cb2af79c323021ca2d0391d7c17f9b37f46ed1a32a419379943090067a5a6
2019/08/07 21:34:51 pushed blob: sha256:ef73222d6b073e191a0080395ba411ac33f1487a83584ab472d05358e2005690
2019/08/07 21:34:51 pushed blob: sha256:e39c1cdc4953f988078f25750b8a171df6374085df14c39711a605a81dada8da
2019/08/07 21:34:53 pushed blob: sha256:26f261f07f56175f769f114a97f9cb90cafe2c36dae07520a6c8c132bbb5f93c
2019/08/07 21:35:07 pushed blob: sha256:1d0ce017cbd59691c1aa07264d62366848b78e35b11e94f150eda5686656dc30
2019/08/07 21:39:08 pushed blob: sha256:f091fdf180e266fa4070364a5630b5efccf75b8e3bbb17414973b4a4799b2d1d
2019/08/07 21:42:15 pushed blob: sha256:9915f82d617f624f8d51ed90a008082095062207143971917a6ee5532d8e7c1e
2019/08/07 21:42:17 gcr.io/jenkinsxio/builder-machine-learning-gpu:0.1.593: digest: sha256:b50a58ee0df09e2c765917c35b50ca71e4285a9667d47dfac3fbefd828c9fa58 size: 6656
Step: build-step-update-bot:

Using https://github.com/jenkins-x/jenkins-x-builders-ml as source for change discovered from git repo in /workspace/source
Created Pull Request: https://github.com/jenkins-x/jenkins-x-platform/pull/5840
Added label updatebot to Pull Request https://github.com/jenkins-x/jenkins-x-platform/pull/5840
Using https://github.com/jenkins-x/jenkins-x-builders-ml as source for change discovered from git repo in /workspace/source
Updated Pull Request: https://github.com/jenkins-x/jenkins-x-platform/pull/5840
Step: build-step-changelog:

Converted /workspace/source to an unshallow repository
DEBUG: Using helmBinary helm with feature flag: template-mode
Generating change log from git ref 740e32efda5469f7d602d3000f54c3f550e2be97 => bcbd13f6c3fc09cd21305a8bafb623cb80ccf995
DEBUG: merging pipeline secrets with local secrets
DEBUG: merging pipeline secrets with local secrets
DEBUG: Found commits:
DEBUG:   commit bcbd13f6c3fc09cd21305a8bafb623cb80ccf995
DEBUG:   Author: ************* <35031835+*************@users.noreply.github.com>
DEBUG:   Date: Wed Aug  7 22:13:59 2019
DEBUG:       
Merge pull request #33 from *************/bump-docker-version-787f4cfc-b954-11e9-9bac-c2d45459c59d

chore(deps): bump https://github.com/jenkins-x/** from 2.0.567 to 2.0.568


DEBUG:   commit 5adbb4b9f252194f6020b660b84df1e8f8f3d8b0
DEBUG:   Author: ************* <jenkins-x@googlegroups.com>
DEBUG:   Date: Wed Aug  7 20:46:46 2019
DEBUG:       chore(deps): bump https://github.com/jenkins-x/** from 2.0.567 to 2.0.568

Command run was `./build/linux/** step create pr docker --name JX_VERSION --version 2.0.568 --repo https://github.com/jenkins-x/jenkins-x-builders.git --repo https://github.com/jenkins-x/jenkins-x-serverless.git --repo https://github.com/jenkins-x/dev-env-base.git --repo https://github.com/jenkins-x/jenkins-x-builders-ml.git`



WARNING: Failed to enrich commit 5adbb4b9f252194f6020b660b84df1e8f8f3d8b0 with issues: users.jenkins.io "x-0" already exists
WARNING: Failed to enrich commit 5adbb4b9f252194f6020b660b84df1e8f8f3d8b0 with issues: users.jenkins.io "x-0" already exists
DEBUG: merging pipeline secrets with local secrets
Finding issues in commit messages using git format
DEBUG: Generated release notes:

## Changes

### Chores

* deps: bump https://github.com/jenkins-x/** from 2.0.567 to 2.0.568

### Dependency Updates

| Dependency | Component | New Version | Old Version |
| ---------- | --------- | ----------- | ----------- |
| [jenkins-x/**](https://github.com/jenkins-x/**) |  | [2.0.568](https://github.com/jenkins-x/**/releases/tag/v2.0.568) | [2.0.567](https://github.com/jenkins-x/**/releases/tag/v2.0.567)|

WARNING: No release found for jenkins-x/jenkins-x-builders-ml and tag v0.1.593 so creating a new release
Updated the release information at https://github.com/jenkins-x/jenkins-x-builders-ml/releases/tag/v0.1.593
Uploaded /workspace/source/dependency-matrix/matrix.yaml to release asset https://github.com/jenkins-x/jenkins-x-builders-ml/releases/download/v0.1.593/dependency-matrix.yaml
Uploaded dependency-updates.yaml to release asset https://github.com/jenkins-x/jenkins-x-builders-ml/releases/download/v0.1.593/dependency-updates.yaml
generated: /workspace/source/templates/release.yaml
Created Release jenkins-x-builders-ml-0-1-593 resource in namespace **
Updating PipelineActivity jenkins-x-jenkins-x-builders-ml-master-52 with version 0.1.593
