Step: build-step-credential-initializer-2qt7j:

{"level":"warn","ts":1565276308.8602831,"logger":"fallback-logger","caller":"logging/config.go:65","msg":"Fetch GitHub commit ID from kodata failed: \"ref: refs/heads/master\" is not a valid GitHub commit ID"}
{"level":"info","ts":1565276308.860792,"logger":"fallback-logger","caller":"creds-init/main.go:40","msg":"Credentials initialized."}
Step: build-step-working-dir-initializer-nm246:

{"level":"warn","ts":1565276309.2610369,"logger":"fallback-logger","caller":"logging/config.go:65","msg":"Fetch GitHub commit ID from kodata failed: open /var/run/ko/HEAD: no such file or directory"}
{"level":"info","ts":1565276309.262881,"logger":"fallback-logger","caller":"bash/main.go:65","msg":"Successfully executed command \"mkdir -p /workspace/source\""}
Step: build-step-place-tools:

Step: build-step-git-source-jenkins-x-jenkins-x-builders-ml-g9knx:

{"level":"warn","ts":1565276311.897079,"logger":"fallback-logger","caller":"logging/config.go:65","msg":"Fetch GitHub commit ID from kodata failed: \"ref: refs/heads/master\" is not a valid GitHub commit ID"}
{"level":"info","ts":1565276313.7478435,"logger":"fallback-logger","caller":"git/git.go:102","msg":"Successfully cloned https://github.com/jenkins-x/jenkins-x-builders-ml @ v0.1.594 in path /workspace/source"}
Step: build-step-git-merge:

Warning failed to load version: failed to parse version -dev+9e73adc0b: No Major.Minor.Patch elements found
time="2019-08-08T14:58:37Z" level=info msg="got "
Using SHAs from PULL_REFS=master:6b430d3aea60366db1f010b0f663ccd80797929b
time="2019-08-08T14:58:38Z" level=warning msg="no SHAs to merge, falling back to initial cloned commit"
Step: build-step-step2:

/builder/home/kaniko-secret.json
Step: build-step-warm-cache:

Step: build-step-build-and-push-machine-learning:

[36mINFO[0m[0000] Resolved base name gcr.io/jenkinsxio/builder-base:0.0.44 to gcr.io/jenkinsxio/builder-base:0.0.44 
[36mINFO[0m[0000] Resolved base name gcr.io/jenkinsxio/builder-base:0.0.44 to gcr.io/jenkinsxio/builder-base:0.0.44 
[36mINFO[0m[0000] Downloading base image gcr.io/jenkinsxio/builder-base:0.0.44 
[36mINFO[0m[0000] Found sha256:f889e888c351a595832da82ebbc375d22984bab79073185de16affdfcef40f73 in local cache 
[36mINFO[0m[0000] Found manifest at /workspace/sha256:f889e888c351a595832da82ebbc375d22984bab79073185de16affdfcef40f73.json 
[36mINFO[0m[0000] Built cross stage deps: map[]                
[36mINFO[0m[0000] Downloading base image gcr.io/jenkinsxio/builder-base:0.0.44 
[36mINFO[0m[0001] Found sha256:f889e888c351a595832da82ebbc375d22984bab79073185de16affdfcef40f73 in local cache 
[36mINFO[0m[0001] Found manifest at /workspace/sha256:f889e888c351a595832da82ebbc375d22984bab79073185de16affdfcef40f73.json 
[36mINFO[0m[0001] Checking for cached layer gcr.io/jenkinsxio/cache:be3cfe94fb272488aeb4220e009b4d5b8ee52676fd056eab0b5a5a24b57c5329... 
[36mINFO[0m[0001] Using caching version of cmd: RUN curl -fLo anaconda.sh https://repo.anaconda.com/archive/Anaconda${ANACONDAVERSION}-Linux-x86_64.sh && sh ./anaconda.sh -b && eval "$(/root/anaconda3/bin/conda shell.bash hook)" && conda init && conda install -c conda-forge -c pytorch onnx=1.4.1 flake8=3.7.7 hypothesis=4.10.0 pytorch=1.0.1 -y && rm anaconda.sh 
[36mINFO[0m[0001] Checking for cached layer gcr.io/jenkinsxio/cache:1151c0a402d63d5798732644b12728dabda842f69c8d6772f9dd4761a6eeb27e... 
[36mINFO[0m[0002] Using caching version of cmd: RUN mkdir git-lfs && curl "https://api.github.com/repos/git-lfs/git-lfs/releases/latest" |     grep '"tag_name":' |     sed -E 's/.*"([^"]+)".*/\1/' |     xargs -I {} curl -fL 'https://github.com/git-lfs/git-lfs/releases/download/'{}'/git-lfs-linux-amd64-'{}'.tar.gz' | tar xzvC git-lfs && git-lfs/install.sh && rm -rf git-lfs 
[36mINFO[0m[0002] Checking for cached layer gcr.io/jenkinsxio/cache:9846e38277870abf205641c2317b7d5cdca516e9b32a654a68bf3c04fc67498e... 
[36mINFO[0m[0003] Using caching version of cmd: RUN curl -f -L https://github.com/jenkins-x/**/releases/download/v${JX_VERSION}/**-linux-amd64.tar.gz | tar xzv &&   mv ** /usr/bin/ 
[36mINFO[0m[0003] Checking for cached layer gcr.io/jenkinsxio/cache:1f284ea14dbb18d8e9efb9ce10ef6b07895dc652ec0c45c383a21ec0c8361376... 
[36mINFO[0m[0003] Using caching version of cmd: RUN cp /root/.bash_profile /etc/profile.d/bash_profile.sh 
[36mINFO[0m[0003] Checking for cached layer gcr.io/jenkinsxio/cache:8e2bda94bb8131e18f703d7f17374109bc6c9694d0f97bf93ed8a2297e34e84e... 
[36mINFO[0m[0004] Using caching version of cmd: RUN mkdir -p /usr/src/app 
[36mINFO[0m[0004] Skipping unpacking as no commands require it. 
[36mINFO[0m[0004] Taking snapshot of full filesystem...        
[36mINFO[0m[0018] ENV ANACONDAVERSION 3-2019.03                
[36mINFO[0m[0018] No files changed in this command, skipping snapshotting. 
[36mINFO[0m[0018] RUN curl -fLo anaconda.sh https://repo.anaconda.com/archive/Anaconda${ANACONDAVERSION}-Linux-x86_64.sh && sh ./anaconda.sh -b && eval "$(/root/anaconda3/bin/conda shell.bash hook)" && conda init && conda install -c conda-forge -c pytorch onnx=1.4.1 flake8=3.7.7 hypothesis=4.10.0 pytorch=1.0.1 -y && rm anaconda.sh 
[36mINFO[0m[0018] Found cached layer, extracting to filesystem 
[36mINFO[0m[0188] Taking snapshot of files...                  
[36mINFO[0m[0366] RUN mkdir git-lfs && curl "https://api.github.com/repos/git-lfs/git-lfs/releases/latest" |     grep '"tag_name":' |     sed -E 's/.*"([^"]+)".*/\1/' |     xargs -I {} curl -fL 'https://github.com/git-lfs/git-lfs/releases/download/'{}'/git-lfs-linux-amd64-'{}'.tar.gz' | tar xzvC git-lfs && git-lfs/install.sh && rm -rf git-lfs 
[36mINFO[0m[0366] Found cached layer, extracting to filesystem 
[36mINFO[0m[0366] Taking snapshot of files...                  
[36mINFO[0m[0366] ENV JX_VERSION 2.0.571                       
[36mINFO[0m[0366] No files changed in this command, skipping snapshotting. 
[36mINFO[0m[0366] RUN curl -f -L https://github.com/jenkins-x/**/releases/download/v${JX_VERSION}/**-linux-amd64.tar.gz | tar xzv &&   mv ** /usr/bin/ 
[36mINFO[0m[0366] Found cached layer, extracting to filesystem 
[36mINFO[0m[0371] Taking snapshot of files...                  
[36mINFO[0m[0376] RUN cp /root/.bash_profile /etc/profile.d/bash_profile.sh 
[36mINFO[0m[0376] Found cached layer, extracting to filesystem 
[36mINFO[0m[0376] Taking snapshot of files...                  
[36mINFO[0m[0376] RUN mkdir -p /usr/src/app                    
[36mINFO[0m[0376] Found cached layer, extracting to filesystem 
[36mINFO[0m[0377] Taking snapshot of files...                  
[36mINFO[0m[0377] CMD ["conda", "--version"]                   
[36mINFO[0m[0377] No files changed in this command, skipping snapshotting. 
2019/08/08 15:05:27 existing blob: sha256:7c017636a6a609d8d318a4bebb3b6cc13feaf476f6a2ecc83d28e117314d5f6f
2019/08/08 15:05:27 existing blob: sha256:d8c575b2b52888c9ee09cee8dba37cd3b3035555769295d514229d43fbf47d8e
2019/08/08 15:05:27 existing blob: sha256:7ec2ffb56c90d8cad824dd30eeb4abbbc7321596c47a7dca90095935c3c2b656
2019/08/08 15:05:27 existing blob: sha256:bee0a13648017886c5915ce5dec608f24dbea7b8a1e044c8fb2105ceea408afa
2019/08/08 15:05:27 existing blob: sha256:d1f08e18f79c532c470770e5fb7824e610deebfdcfe3775f6a1ad385b65e5e95
2019/08/08 15:05:27 existing blob: sha256:b1587e65165c461940963893326da19b2bc15471f6191bfdd9194758cb886aa6
2019/08/08 15:05:27 existing blob: sha256:6756e87e029cdeb551ccf519eaebcf80e3441dd2bb37ed39b7c2268b4774b10b
2019/08/08 15:05:27 existing blob: sha256:f9443307d73a890bbffbe23bbf8ce9a8e5e6d99b3a206bbd1959c80ea2cea61f
2019/08/08 15:05:27 existing blob: sha256:b1c1d1dc3c9b9ab62839f55f0b0da8856c9afa9d6fd1df987a48f582cc28183c
2019/08/08 15:05:27 existing blob: sha256:2cde0a33cb63aa41a1ab3fbdc3afc787a086314a625c30f7b68bc7ac02c6660e
2019/08/08 15:05:27 existing blob: sha256:5470abb626135f17b82fe46ee94962781a8aba7069a4c0b1898182daa4f429e3
2019/08/08 15:05:27 existing blob: sha256:f92a8369d697ee4bd7673d9254752c241eecc4a23096bbb32f3034d11811b5a1
2019/08/08 15:05:27 existing blob: sha256:897e54f35a4b2ed07f22d316f09a9aa9ea68765f226654989a175bb51361e86e
2019/08/08 15:05:27 existing blob: sha256:ce53723240799b4450ccf6661e55e7277a52d14666b060a129af4125a69ac70e
2019/08/08 15:05:27 existing blob: sha256:e5e2dacee7b09f7927bbd054ec3859e5555a27d569da5193f4cabac285053f9b
2019/08/08 15:05:27 existing blob: sha256:8ba884070f611d31cb2c42eddb691319dc9facf5e0ec67672fcfa135181ab3df
2019/08/08 15:05:27 existing blob: sha256:94b3b7648b5544a05178b5994d088a23b3b253f02d4aa676b986f9e7fb36a10e
2019/08/08 15:05:27 existing blob: sha256:7f205009ed1da43f1f35b5edc07400e345ce6c01cb46e1ae41365386e9434c45
2019/08/08 15:05:27 existing blob: sha256:05ee8f48257315be25616db5b2ef5381d577bdee423068b8408404125b64fde4
2019/08/08 15:05:27 existing blob: sha256:429b38434357f169ce8a79a4bb39ca386ccf658ae7482b6ff602a86e6191960e
2019/08/08 15:05:27 existing blob: sha256:f25494c611ea091e11b157eb61a293f87abd08ed88d620a7c339749a5df70962
2019/08/08 15:05:27 existing blob: sha256:a8354d42e6911ab8001edfffa1934a1a9b357d1541f5cecc792b9a4172d76f46
2019/08/08 15:05:27 existing blob: sha256:065e519718393bdd264839cafc4d57eb600832a903765af6d41af5819dd4d160
2019/08/08 15:05:27 existing blob: sha256:beeb2bddff350965322c530827ce314058a5af7f4f628d9ef9c97dd73e48d016
2019/08/08 15:05:27 existing blob: sha256:f49b7820967adb88e448f3c2a00267d9ea953eabbd3a81db6b7906a4920623b4
2019/08/08 15:05:27 existing blob: sha256:d773df446b2002f5750748d96b7929546effb66991006aa6fb556a70823be462
2019/08/08 15:05:27 existing blob: sha256:b6fba42ef133eece995deb10c314cf8baa51ec1bd7dbea9ab259a5d79dcdfda1
2019/08/08 15:05:27 existing blob: sha256:5069d699406c01c82af4f4e6147348dc551cb5d39e0d20dd1750bdce5b49c585
2019/08/08 15:05:27 existing blob: sha256:92ade984df77a2da628fb1374cdf03f767152d12cd5df74465e4bc8bb39edb58
2019/08/08 15:05:27 existing blob: sha256:6d138d81df365a45ab5fcf8e3f3da8357c45afe495207ecd09d2af0eb98505c5
2019/08/08 15:05:29 pushed blob: sha256:2296698c110b15b5ee3478fa45e8241554640c3ac68d82bb741a5e98300c3de2
2019/08/08 15:05:29 pushed blob: sha256:5b769a2f6499c683ebbd104722e42156e7c3b45b9d21b39a5bd1a0113989f9d7
2019/08/08 15:05:29 pushed blob: sha256:9b964974217be5c045ff92a607d79241054c4ef88e5cebbe87957327328b74f5
2019/08/08 15:05:31 pushed blob: sha256:5af36cce220206f7520571991b3f39151d49a39910be67ab80444eb62f4c6398
2019/08/08 15:05:42 pushed blob: sha256:f8de167d5e6b409f1f50817e29526d36efd6f0c426df9136d548d38f2477e11f
2019/08/08 15:11:26 pushed blob: sha256:1705dc70918315dffbb68bedb12b2f5352a9e47cd1290b24295942172d9278af
2019/08/08 15:11:28 gcr.io/jenkinsxio/builder-machine-learning:0.1.594: digest: sha256:b5f71dcad04c64953bdef49221ae323266ea31fe6e61856f96d5933915f4dd90 size: 6009
Step: build-step-build-and-push-machine-learning-gpu:

[36mINFO[0m[0000] Resolved base name gcr.io/jenkinsxio/builder-base:0.0.44 to gcr.io/jenkinsxio/builder-base:0.0.44 
[36mINFO[0m[0000] Resolved base name gcr.io/jenkinsxio/builder-base:0.0.44 to gcr.io/jenkinsxio/builder-base:0.0.44 
[36mINFO[0m[0000] Downloading base image gcr.io/jenkinsxio/builder-base:0.0.44 
[36mINFO[0m[0000] Found sha256:f889e888c351a595832da82ebbc375d22984bab79073185de16affdfcef40f73 in local cache 
[36mINFO[0m[0000] Found manifest at /workspace/sha256:f889e888c351a595832da82ebbc375d22984bab79073185de16affdfcef40f73.json 
[36mINFO[0m[0000] Built cross stage deps: map[]                
[36mINFO[0m[0000] Downloading base image gcr.io/jenkinsxio/builder-base:0.0.44 
[36mINFO[0m[0001] Found sha256:f889e888c351a595832da82ebbc375d22984bab79073185de16affdfcef40f73 in local cache 
[36mINFO[0m[0001] Found manifest at /workspace/sha256:f889e888c351a595832da82ebbc375d22984bab79073185de16affdfcef40f73.json 
[36mINFO[0m[0001] Checking for cached layer gcr.io/jenkinsxio/cache:6a0116863371be36736d34925436e37a721fa8fe4a752a37b11090fb7f0ca814... 
[36mINFO[0m[0001] Using caching version of cmd: RUN echo $'[cudarepo]\nname=Cuda Repository\nbaseurl=https://developer.download.nvidia.com/compute/cuda/repos/rhel7/x86_64/\nenabled=1\ngpgcheck=1\ngpgkey=https://developer.download.nvidia.com/compute/cuda/repos/rhel7/x86_64/7fa2af80.pub\n'>/etc/yum.repos.d/cuda.repo 
[36mINFO[0m[0001] Checking for cached layer gcr.io/jenkinsxio/cache:d6d32630cde1ce3a77596fc0f691996baec9dc9cc56ff425c1979735d6da40b2... 
[36mINFO[0m[0002] Using caching version of cmd: RUN yum clean all && yum -y install cuda-toolkit-10-0 
[36mINFO[0m[0002] Checking for cached layer gcr.io/jenkinsxio/cache:15ecac086f2347de73a77d62ea65381bf1e8ec6a41b6b82d622aef4d89010195... 
[36mINFO[0m[0003] Using caching version of cmd: RUN echo "/usr/local/nvidia/lib" >> /etc/ld.so.conf.d/nvidia.conf &&     echo "/usr/local/nvidia/lib64" >> /etc/ld.so.conf.d/nvidia.conf 
[36mINFO[0m[0003] Checking for cached layer gcr.io/jenkinsxio/cache:e02bb2189d3f6d65cf55c7b58cf3a77235be55cb2d86476df5eaf82d232b7400... 
[36mINFO[0m[0003] Using caching version of cmd: RUN curl -fLo anaconda.sh https://repo.anaconda.com/archive/Anaconda${ANACONDAVERSION}-Linux-x86_64.sh && sh ./anaconda.sh -b && eval "$(/root/anaconda3/bin/conda shell.bash hook)" && conda init && conda install -c conda-forge -c pytorch onnx=1.5.0 flake8=3.7.7 hypothesis=4.10.0 pytorch=1.1.0 -y && rm anaconda.sh 
[36mINFO[0m[0003] Checking for cached layer gcr.io/jenkinsxio/cache:90b2923a5a781e59103ef27cbf1e26720defc8d0a4dd1291aa8b50d7516e2156... 
[36mINFO[0m[0004] Using caching version of cmd: RUN mkdir git-lfs && curl "https://api.github.com/repos/git-lfs/git-lfs/releases/latest" |     grep '"tag_name":' |     sed -E 's/.*"([^"]+)".*/\1/' |     xargs -I {} curl -fL 'https://github.com/git-lfs/git-lfs/releases/download/'{}'/git-lfs-linux-amd64-'{}'.tar.gz' | tar xzvC git-lfs && git-lfs/install.sh && rm -rf git-lfs 
[36mINFO[0m[0004] Checking for cached layer gcr.io/jenkinsxio/cache:ec1fa05dbc04095ba53a7214b90dbc23027c58c3f034d847af8031b97007a691... 
[36mINFO[0m[0005] Using caching version of cmd: RUN curl -f -L https://github.com/jenkins-x/**/releases/download/v${JX_VERSION}/**-linux-amd64.tar.gz | tar xzv &&   mv ** /usr/bin/ 
[36mINFO[0m[0005] Checking for cached layer gcr.io/jenkinsxio/cache:7ea5be8b1ce84b49fe2fd8cc97e9c62647c65d2139df60b8d16dd3ddeacbc49c... 
[36mINFO[0m[0005] Using caching version of cmd: RUN cp /root/.bash_profile /etc/profile.d/bash_profile.sh 
[36mINFO[0m[0005] Checking for cached layer gcr.io/jenkinsxio/cache:e12019d756a6baf96d3f9cf055a536419a7c9a41146e0d77ab95b913f8d211d5... 
[36mINFO[0m[0006] Using caching version of cmd: RUN mkdir -p /usr/src/app 
[36mINFO[0m[0006] Checking for cached layer gcr.io/jenkinsxio/cache:1aa213c60a7e0ea1bebe5ef21f0d6c8409ebbeae2c31e5a5dc16ce41e3f7bc35... 
[36mINFO[0m[0007] Using caching version of cmd: RUN rm /etc/profile.d/bash_profile.sh 
[36mINFO[0m[0007] Skipping unpacking as no commands require it. 
[36mINFO[0m[0007] Taking snapshot of full filesystem...        
[36mINFO[0m[0007] RUN echo $'[cudarepo]\nname=Cuda Repository\nbaseurl=https://developer.download.nvidia.com/compute/cuda/repos/rhel7/x86_64/\nenabled=1\ngpgcheck=1\ngpgkey=https://developer.download.nvidia.com/compute/cuda/repos/rhel7/x86_64/7fa2af80.pub\n'>/etc/yum.repos.d/cuda.repo 
[36mINFO[0m[0007] Found cached layer, extracting to filesystem 
[36mINFO[0m[0008] Taking snapshot of files...                  
[36mINFO[0m[0008] RUN yum clean all && yum -y install cuda-toolkit-10-0 
[36mINFO[0m[0008] Found cached layer, extracting to filesystem 
[36mINFO[0m[0074] Taking snapshot of files...                  
[36mINFO[0m[0162] RUN echo "/usr/local/nvidia/lib" >> /etc/ld.so.conf.d/nvidia.conf &&     echo "/usr/local/nvidia/lib64" >> /etc/ld.so.conf.d/nvidia.conf 
[36mINFO[0m[0162] Found cached layer, extracting to filesystem 
[36mINFO[0m[0162] Taking snapshot of files...                  
[36mINFO[0m[0162] ENV PATH /usr/local/nvidia/bin:/usr/local/cuda/bin:${PATH} 
[36mINFO[0m[0162] No files changed in this command, skipping snapshotting. 
[36mINFO[0m[0162] ENV LD_LIBRARY_PATH /usr/local/nvidia/lib:/usr/local/nvidia/lib64 
[36mINFO[0m[0162] No files changed in this command, skipping snapshotting. 
[36mINFO[0m[0162] ENV NVIDIA_VISIBLE_DEVICES all               
[36mINFO[0m[0162] No files changed in this command, skipping snapshotting. 
[36mINFO[0m[0162] ENV NVIDIA_DRIVER_CAPABILITIES compute,utility 
[36mINFO[0m[0162] No files changed in this command, skipping snapshotting. 
[36mINFO[0m[0162] ENV NVIDIA_REQUIRE_CUDA "cuda>=10.0 brand=tesla,driver>=384,driver<385 brand=tesla,driver>=410,driver<411" 
[36mINFO[0m[0162] No files changed in this command, skipping snapshotting. 
[36mINFO[0m[0162] ENV ANACONDAVERSION 3-2019.03                
[36mINFO[0m[0162] No files changed in this command, skipping snapshotting. 
[36mINFO[0m[0162] RUN curl -fLo anaconda.sh https://repo.anaconda.com/archive/Anaconda${ANACONDAVERSION}-Linux-x86_64.sh && sh ./anaconda.sh -b && eval "$(/root/anaconda3/bin/conda shell.bash hook)" && conda init && conda install -c conda-forge -c pytorch onnx=1.5.0 flake8=3.7.7 hypothesis=4.10.0 pytorch=1.1.0 -y && rm anaconda.sh 
[36mINFO[0m[0162] Found cached layer, extracting to filesystem 
[36mINFO[0m[0353] Taking snapshot of files...                  
[36mINFO[0m[0545] RUN mkdir git-lfs && curl "https://api.github.com/repos/git-lfs/git-lfs/releases/latest" |     grep '"tag_name":' |     sed -E 's/.*"([^"]+)".*/\1/' |     xargs -I {} curl -fL 'https://github.com/git-lfs/git-lfs/releases/download/'{}'/git-lfs-linux-amd64-'{}'.tar.gz' | tar xzvC git-lfs && git-lfs/install.sh && rm -rf git-lfs 
[36mINFO[0m[0545] Found cached layer, extracting to filesystem 
[36mINFO[0m[0546] Taking snapshot of files...                  
[36mINFO[0m[0546] ENV JX_VERSION 2.0.571                       
[36mINFO[0m[0546] No files changed in this command, skipping snapshotting. 
[36mINFO[0m[0546] RUN curl -f -L https://github.com/jenkins-x/**/releases/download/v${JX_VERSION}/**-linux-amd64.tar.gz | tar xzv &&   mv ** /usr/bin/ 
[36mINFO[0m[0546] Found cached layer, extracting to filesystem 
[36mINFO[0m[0551] Taking snapshot of files...                  
[36mINFO[0m[0557] RUN cp /root/.bash_profile /etc/profile.d/bash_profile.sh 
[36mINFO[0m[0557] Found cached layer, extracting to filesystem 
[36mINFO[0m[0557] Taking snapshot of files...                  
[36mINFO[0m[0557] RUN mkdir -p /usr/src/app                    
[36mINFO[0m[0557] Found cached layer, extracting to filesystem 
[36mINFO[0m[0558] Taking snapshot of files...                  
[36mINFO[0m[0558] RUN rm /etc/profile.d/bash_profile.sh        
[36mINFO[0m[0558] Found cached layer, extracting to filesystem 
[36mINFO[0m[0558] Taking snapshot of files...                  
[36mINFO[0m[0558] CMD ["conda", "--version"]                   
[36mINFO[0m[0558] No files changed in this command, skipping snapshotting. 
2019/08/08 15:21:03 existing blob: sha256:7c017636a6a609d8d318a4bebb3b6cc13feaf476f6a2ecc83d28e117314d5f6f
2019/08/08 15:21:03 existing blob: sha256:065e519718393bdd264839cafc4d57eb600832a903765af6d41af5819dd4d160
2019/08/08 15:21:03 existing blob: sha256:5069d699406c01c82af4f4e6147348dc551cb5d39e0d20dd1750bdce5b49c585
2019/08/08 15:21:03 existing blob: sha256:d773df446b2002f5750748d96b7929546effb66991006aa6fb556a70823be462
2019/08/08 15:21:03 existing blob: sha256:7ec2ffb56c90d8cad824dd30eeb4abbbc7321596c47a7dca90095935c3c2b656
2019/08/08 15:21:03 existing blob: sha256:b1587e65165c461940963893326da19b2bc15471f6191bfdd9194758cb886aa6
2019/08/08 15:21:03 existing blob: sha256:f25494c611ea091e11b157eb61a293f87abd08ed88d620a7c339749a5df70962
2019/08/08 15:21:03 existing blob: sha256:6d138d81df365a45ab5fcf8e3f3da8357c45afe495207ecd09d2af0eb98505c5
2019/08/08 15:21:03 existing blob: sha256:e5e2dacee7b09f7927bbd054ec3859e5555a27d569da5193f4cabac285053f9b
2019/08/08 15:21:03 existing blob: sha256:6756e87e029cdeb551ccf519eaebcf80e3441dd2bb37ed39b7c2268b4774b10b
2019/08/08 15:21:03 existing blob: sha256:7f205009ed1da43f1f35b5edc07400e345ce6c01cb46e1ae41365386e9434c45
2019/08/08 15:21:03 existing blob: sha256:05ee8f48257315be25616db5b2ef5381d577bdee423068b8408404125b64fde4
2019/08/08 15:21:03 existing blob: sha256:a8354d42e6911ab8001edfffa1934a1a9b357d1541f5cecc792b9a4172d76f46
2019/08/08 15:21:03 existing blob: sha256:94b3b7648b5544a05178b5994d088a23b3b253f02d4aa676b986f9e7fb36a10e
2019/08/08 15:21:03 existing blob: sha256:f92a8369d697ee4bd7673d9254752c241eecc4a23096bbb32f3034d11811b5a1
2019/08/08 15:21:03 existing blob: sha256:ce53723240799b4450ccf6661e55e7277a52d14666b060a129af4125a69ac70e
2019/08/08 15:21:03 existing blob: sha256:8ba884070f611d31cb2c42eddb691319dc9facf5e0ec67672fcfa135181ab3df
2019/08/08 15:21:03 existing blob: sha256:d8c575b2b52888c9ee09cee8dba37cd3b3035555769295d514229d43fbf47d8e
2019/08/08 15:21:03 existing blob: sha256:b6fba42ef133eece995deb10c314cf8baa51ec1bd7dbea9ab259a5d79dcdfda1
2019/08/08 15:21:03 existing blob: sha256:beeb2bddff350965322c530827ce314058a5af7f4f628d9ef9c97dd73e48d016
2019/08/08 15:21:03 existing blob: sha256:bee0a13648017886c5915ce5dec608f24dbea7b8a1e044c8fb2105ceea408afa
2019/08/08 15:21:03 existing blob: sha256:429b38434357f169ce8a79a4bb39ca386ccf658ae7482b6ff602a86e6191960e
2019/08/08 15:21:03 existing blob: sha256:2cde0a33cb63aa41a1ab3fbdc3afc787a086314a625c30f7b68bc7ac02c6660e
2019/08/08 15:21:03 existing blob: sha256:897e54f35a4b2ed07f22d316f09a9aa9ea68765f226654989a175bb51361e86e
2019/08/08 15:21:03 existing blob: sha256:5470abb626135f17b82fe46ee94962781a8aba7069a4c0b1898182daa4f429e3
2019/08/08 15:21:03 existing blob: sha256:f9443307d73a890bbffbe23bbf8ce9a8e5e6d99b3a206bbd1959c80ea2cea61f
2019/08/08 15:21:03 existing blob: sha256:b1c1d1dc3c9b9ab62839f55f0b0da8856c9afa9d6fd1df987a48f582cc28183c
2019/08/08 15:21:03 existing blob: sha256:f49b7820967adb88e448f3c2a00267d9ea953eabbd3a81db6b7906a4920623b4
2019/08/08 15:21:03 existing blob: sha256:92ade984df77a2da628fb1374cdf03f767152d12cd5df74465e4bc8bb39edb58
2019/08/08 15:21:03 existing blob: sha256:d1f08e18f79c532c470770e5fb7824e610deebfdcfe3775f6a1ad385b65e5e95
2019/08/08 15:21:06 pushed blob: sha256:aeb5f61a3d8eb0eea06a4b91e8b7a2204519b34b357a408b9fefae23bf1489bd
2019/08/08 15:21:06 pushed blob: sha256:b152cd757d0ddde406ffd8c197df17e11e0bc3342979437ec368ad41258b7253
2019/08/08 15:21:06 pushed blob: sha256:5120ad08173d84a6c446a4014e8ba9a0ba8fbdd92aa28fff55b45176df5e21fa
2019/08/08 15:21:06 pushed blob: sha256:678fc6195d31a9066e41059e1a7470220087393d3ef64facfdc2b0daf23e4b42
2019/08/08 15:21:06 pushed blob: sha256:2b0d377c47eaea6e682eb47ba32c2767ecd4caf7fac7acd027c1e399096125c3
2019/08/08 15:21:06 pushed blob: sha256:2d408e4bf32a42f3e0e0c76795a36c4efe94fc360b3d8711eae1c3181bcc0f5a
2019/08/08 15:21:09 pushed blob: sha256:7156433b45531b95f48908e892ed3c71574e5478313302035adb568e781a864f
2019/08/08 15:21:26 pushed blob: sha256:ce32b17f97f55d060d31584cee87b114cae9bb220434bbfa590c069bbd39297f
2019/08/08 15:26:13 pushed blob: sha256:62b62508545ea935f1384f805dc9240c62ad597293765f49040bd4e84968a4d0
2019/08/08 15:28:35 pushed blob: sha256:20c5ab9ceaeebb11925d836700838626988bf24bd29041bbb8fae6b7245ace92
2019/08/08 15:28:37 gcr.io/jenkinsxio/builder-machine-learning-gpu:0.1.594: digest: sha256:9e925e7af169593f7c5b992c8ade503e93a7dcf56d85018c7efb2ea97ed0fac7 size: 6656
Step: build-step-update-bot:

Using https://github.com/jenkins-x/jenkins-x-builders-ml as source for change discovered from git repo in /workspace/source
Created Pull Request: https://github.com/jenkins-x/jenkins-x-platform/pull/5843
Added label updatebot to Pull Request https://github.com/jenkins-x/jenkins-x-platform/pull/5843
Using https://github.com/jenkins-x/jenkins-x-builders-ml as source for change discovered from git repo in /workspace/source
Updated Pull Request: https://github.com/jenkins-x/jenkins-x-platform/pull/5843
Step: build-step-changelog:

Converted /workspace/source to an unshallow repository
DEBUG: Using helmBinary helm with feature flag: template-mode
Generating change log from git ref 7eefab5bc869c649ce3f388c7a0540e5fec044a0 => 6b430d3aea60366db1f010b0f663ccd80797929b
DEBUG: merging pipeline secrets with local secrets
DEBUG: merging pipeline secrets with local secrets
DEBUG: Found commits:
DEBUG:   commit 6b430d3aea60366db1f010b0f663ccd80797929b
DEBUG:   Author: ************* <35031835+*************@users.noreply.github.com>
DEBUG:   Date: Thu Aug  8 15:58:14 2019
DEBUG:       
Merge pull request #35 from *************/bump-docker-version-1f05a710-b9bf-11e9-8a85-d2b8799db409

chore(deps): bump https://github.com/jenkins-x/** from 2.0.569


DEBUG:   commit 3a6769aafcc96fe7c7cfccdf3d5c0865be3cccf9
DEBUG:   Author: ************* <jenkins-x@googlegroups.com>
DEBUG:   Date: Thu Aug  8 14:27:32 2019
DEBUG:       chore(deps): bump https://github.com/jenkins-x/** from 2.0.569 to 2.0.571

Command run was `./build/linux/** step create pr docker --name JX_VERSION --version 2.0.571 --repo https://github.com/jenkins-x/jenkins-x-builders.git --repo https://github.com/jenkins-x/jenkins-x-serverless.git --repo https://github.com/jenkins-x/dev-env-base.git --repo https://github.com/jenkins-x/jenkins-x-builders-ml.git`



DEBUG:   commit ec3a632ffd3179297919c427d8a483dd8bf22750
DEBUG:   Author: ************* <jenkins-x@googlegroups.com>
DEBUG:   Date: Thu Aug  8 09:30:12 2019
DEBUG:       chore(deps): bump https://github.com/jenkins-x/** from 2.0.569 to 2.0.570

Command run was `./build/linux/** step create pr docker --name JX_VERSION --version 2.0.570 --repo https://github.com/jenkins-x/jenkins-x-builders.git --repo https://github.com/jenkins-x/jenkins-x-serverless.git --repo https://github.com/jenkins-x/dev-env-base.git --repo https://github.com/jenkins-x/jenkins-x-builders-ml.git`



WARNING: Failed to enrich commit 3a6769aafcc96fe7c7cfccdf3d5c0865be3cccf9 with issues: users.jenkins.io "x-0" already exists
WARNING: Failed to enrich commit 3a6769aafcc96fe7c7cfccdf3d5c0865be3cccf9 with issues: users.jenkins.io "x-0" already exists
DEBUG: merging pipeline secrets with local secrets
Finding issues in commit messages using git format
WARNING: Failed to enrich commit ec3a632ffd3179297919c427d8a483dd8bf22750 with issues: users.jenkins.io "x-0" already exists
WARNING: Failed to enrich commit ec3a632ffd3179297919c427d8a483dd8bf22750 with issues: users.jenkins.io "x-0" already exists
DEBUG: merging pipeline secrets with local secrets
DEBUG: Generated release notes:

## Changes

### Chores

* deps: bump https://github.com/jenkins-x/** from 2.0.569 to 2.0.571
* deps: bump https://github.com/jenkins-x/** from 2.0.569 to 2.0.570

### Dependency Updates

| Dependency | Component | New Version | Old Version |
| ---------- | --------- | ----------- | ----------- |
| [jenkins-x/**](https://github.com/jenkins-x/**) |  | [2.0.571](https://github.com/jenkins-x/**/releases/tag/v2.0.571) | [2.0.569](https://github.com/jenkins-x/**/releases/tag/v2.0.569)|

WARNING: No release found for jenkins-x/jenkins-x-builders-ml and tag v0.1.594 so creating a new release
Updated the release information at https://github.com/jenkins-x/jenkins-x-builders-ml/releases/tag/v0.1.594
Uploaded /workspace/source/dependency-matrix/matrix.yaml to release asset https://github.com/jenkins-x/jenkins-x-builders-ml/releases/download/v0.1.594/dependency-matrix.yaml
Uploaded dependency-updates.yaml to release asset https://github.com/jenkins-x/jenkins-x-builders-ml/releases/download/v0.1.594/dependency-updates.yaml
generated: /workspace/source/templates/release.yaml
Created Release jenkins-x-builders-ml-0-1-594 resource in namespace **
Updating PipelineActivity jenkins-x-jenkins-x-builders-ml-master-56 with version 0.1.594
Updated PipelineActivities jenkins-x-jenkins-x-builders-ml-master-56 with release notes URL: https://github.com/jenkins-x/jenkins-x-builders-ml/releases/tag/v0.1.594
