Step: build-step-credential-initializer-mg2n7:

{"level":"warn","ts":1565283858.4578066,"logger":"fallback-logger","caller":"logging/config.go:65","msg":"Fetch GitHub commit ID from kodata failed: \"ref: refs/heads/master\" is not a valid GitHub commit ID"}
{"level":"info","ts":1565283858.458323,"logger":"fallback-logger","caller":"creds-init/main.go:40","msg":"Credentials initialized."}
Step: build-step-working-dir-initializer-4tftv:

{"level":"warn","ts":1565283860.123049,"logger":"fallback-logger","caller":"logging/config.go:65","msg":"Fetch GitHub commit ID from kodata failed: open /var/run/ko/HEAD: no such file or directory"}
{"level":"info","ts":1565283860.12463,"logger":"fallback-logger","caller":"bash/main.go:65","msg":"Successfully executed command \"mkdir -p /workspace/source\""}
Step: build-step-place-tools:

Step: build-step-git-source-jenkins-x-jenkins-x-builders-ml-r4vld:

{"level":"warn","ts":1565283861.8184133,"logger":"fallback-logger","caller":"logging/config.go:65","msg":"Fetch GitHub commit ID from kodata failed: \"ref: refs/heads/master\" is not a valid GitHub commit ID"}
{"level":"info","ts":1565283863.0114272,"logger":"fallback-logger","caller":"git/git.go:102","msg":"Successfully cloned https://github.com/jenkins-x/jenkins-x-builders-ml @ v0.1.595 in path /workspace/source"}
Step: build-step-git-merge:

Warning failed to load version: failed to parse version -dev+9e73adc0b: No Major.Minor.Patch elements found
time="2019-08-08T17:04:24Z" level=info msg="got "
Using SHAs from PULL_REFS=master:46a63f4ef034684001bf1a91fa01b1cc2e193148
time="2019-08-08T17:04:24Z" level=warning msg="no SHAs to merge, falling back to initial cloned commit"
Step: build-step-step2:

/builder/home/kaniko-secret.json
Step: build-step-warm-cache:

Step: build-step-build-and-push-machine-learning:

[36mINFO[0m[0006] Resolved base name gcr.io/jenkinsxio/builder-base:0.0.44 to gcr.io/jenkinsxio/builder-base:0.0.44 
[36mINFO[0m[0006] Resolved base name gcr.io/jenkinsxio/builder-base:0.0.44 to gcr.io/jenkinsxio/builder-base:0.0.44 
[36mINFO[0m[0006] Downloading base image gcr.io/jenkinsxio/builder-base:0.0.44 
[36mINFO[0m[0007] Found sha256:f889e888c351a595832da82ebbc375d22984bab79073185de16affdfcef40f73 in local cache 
[36mINFO[0m[0007] Found manifest at /workspace/sha256:f889e888c351a595832da82ebbc375d22984bab79073185de16affdfcef40f73.json 
[36mINFO[0m[0007] Built cross stage deps: map[]                
[36mINFO[0m[0007] Downloading base image gcr.io/jenkinsxio/builder-base:0.0.44 
[36mINFO[0m[0007] Found sha256:f889e888c351a595832da82ebbc375d22984bab79073185de16affdfcef40f73 in local cache 
[36mINFO[0m[0007] Found manifest at /workspace/sha256:f889e888c351a595832da82ebbc375d22984bab79073185de16affdfcef40f73.json 
[36mINFO[0m[0007] Checking for cached layer gcr.io/jenkinsxio/cache:be3cfe94fb272488aeb4220e009b4d5b8ee52676fd056eab0b5a5a24b57c5329... 
[36mINFO[0m[0008] Using caching version of cmd: RUN curl -fLo anaconda.sh https://repo.anaconda.com/archive/Anaconda${ANACONDAVERSION}-Linux-x86_64.sh && sh ./anaconda.sh -b && eval "$(/root/anaconda3/bin/conda shell.bash hook)" && conda init && conda install -c conda-forge -c pytorch onnx=1.4.1 flake8=3.7.7 hypothesis=4.10.0 pytorch=1.0.1 -y && rm anaconda.sh 
[36mINFO[0m[0008] Checking for cached layer gcr.io/jenkinsxio/cache:1151c0a402d63d5798732644b12728dabda842f69c8d6772f9dd4761a6eeb27e... 
[36mINFO[0m[0008] Using caching version of cmd: RUN mkdir git-lfs && curl "https://api.github.com/repos/git-lfs/git-lfs/releases/latest" |     grep '"tag_name":' |     sed -E 's/.*"([^"]+)".*/\1/' |     xargs -I {} curl -fL 'https://github.com/git-lfs/git-lfs/releases/download/'{}'/git-lfs-linux-amd64-'{}'.tar.gz' | tar xzvC git-lfs && git-lfs/install.sh && rm -rf git-lfs 
[36mINFO[0m[0008] Checking for cached layer gcr.io/jenkinsxio/cache:79f78be613948f81e5972ee66881130a2e351a4e99408856406856f224793270... 
[36mINFO[0m[0009] Using caching version of cmd: RUN curl -f -L https://github.com/jenkins-x/**/releases/download/v${JX_VERSION}/**-linux-amd64.tar.gz | tar xzv &&   mv ** /usr/bin/ 
[36mINFO[0m[0009] Checking for cached layer gcr.io/jenkinsxio/cache:cef78ab9741c1049ee15714dd19692839bac614becd29fec2b8f369279ed9fb7... 
[36mINFO[0m[0010] Using caching version of cmd: RUN cp /root/.bash_profile /etc/profile.d/bash_profile.sh 
[36mINFO[0m[0010] Checking for cached layer gcr.io/jenkinsxio/cache:4975e9ec9ba3c463d7e840b98c6902a431287e5ef0ffa5a6e049630ac2f7e490... 
[36mINFO[0m[0010] Using caching version of cmd: RUN mkdir -p /usr/src/app 
[36mINFO[0m[0010] Skipping unpacking as no commands require it. 
[36mINFO[0m[0010] Taking snapshot of full filesystem...        
[36mINFO[0m[0011] ENV ANACONDAVERSION 3-2019.03                
[36mINFO[0m[0011] No files changed in this command, skipping snapshotting. 
[36mINFO[0m[0011] RUN curl -fLo anaconda.sh https://repo.anaconda.com/archive/Anaconda${ANACONDAVERSION}-Linux-x86_64.sh && sh ./anaconda.sh -b && eval "$(/root/anaconda3/bin/conda shell.bash hook)" && conda init && conda install -c conda-forge -c pytorch onnx=1.4.1 flake8=3.7.7 hypothesis=4.10.0 pytorch=1.0.1 -y && rm anaconda.sh 
[36mINFO[0m[0011] Found cached layer, extracting to filesystem 
[36mINFO[0m[0185] Taking snapshot of files...                  
[36mINFO[0m[0380] RUN mkdir git-lfs && curl "https://api.github.com/repos/git-lfs/git-lfs/releases/latest" |     grep '"tag_name":' |     sed -E 's/.*"([^"]+)".*/\1/' |     xargs -I {} curl -fL 'https://github.com/git-lfs/git-lfs/releases/download/'{}'/git-lfs-linux-amd64-'{}'.tar.gz' | tar xzvC git-lfs && git-lfs/install.sh && rm -rf git-lfs 
[36mINFO[0m[0380] Found cached layer, extracting to filesystem 
[36mINFO[0m[0381] Taking snapshot of files...                  
[36mINFO[0m[0382] ENV JX_VERSION 2.0.573                       
[36mINFO[0m[0382] No files changed in this command, skipping snapshotting. 
[36mINFO[0m[0382] RUN curl -f -L https://github.com/jenkins-x/**/releases/download/v${JX_VERSION}/**-linux-amd64.tar.gz | tar xzv &&   mv ** /usr/bin/ 
[36mINFO[0m[0382] Found cached layer, extracting to filesystem 
[36mINFO[0m[0386] Taking snapshot of files...                  
[36mINFO[0m[0391] RUN cp /root/.bash_profile /etc/profile.d/bash_profile.sh 
[36mINFO[0m[0391] Found cached layer, extracting to filesystem 
[36mINFO[0m[0391] Taking snapshot of files...                  
[36mINFO[0m[0391] RUN mkdir -p /usr/src/app                    
[36mINFO[0m[0391] Found cached layer, extracting to filesystem 
[36mINFO[0m[0392] Taking snapshot of files...                  
[36mINFO[0m[0392] CMD ["conda", "--version"]                   
[36mINFO[0m[0392] No files changed in this command, skipping snapshotting. 
2019/08/08 17:11:32 existing blob: sha256:d773df446b2002f5750748d96b7929546effb66991006aa6fb556a70823be462
2019/08/08 17:11:32 existing blob: sha256:8ba884070f611d31cb2c42eddb691319dc9facf5e0ec67672fcfa135181ab3df
2019/08/08 17:11:32 existing blob: sha256:bee0a13648017886c5915ce5dec608f24dbea7b8a1e044c8fb2105ceea408afa
2019/08/08 17:11:32 existing blob: sha256:f25494c611ea091e11b157eb61a293f87abd08ed88d620a7c339749a5df70962
2019/08/08 17:11:32 existing blob: sha256:2cde0a33cb63aa41a1ab3fbdc3afc787a086314a625c30f7b68bc7ac02c6660e
2019/08/08 17:11:32 existing blob: sha256:7f205009ed1da43f1f35b5edc07400e345ce6c01cb46e1ae41365386e9434c45
2019/08/08 17:11:32 existing blob: sha256:d1f08e18f79c532c470770e5fb7824e610deebfdcfe3775f6a1ad385b65e5e95
2019/08/08 17:11:32 existing blob: sha256:05ee8f48257315be25616db5b2ef5381d577bdee423068b8408404125b64fde4
2019/08/08 17:11:32 existing blob: sha256:92ade984df77a2da628fb1374cdf03f767152d12cd5df74465e4bc8bb39edb58
2019/08/08 17:11:32 existing blob: sha256:b6fba42ef133eece995deb10c314cf8baa51ec1bd7dbea9ab259a5d79dcdfda1
2019/08/08 17:11:32 existing blob: sha256:beeb2bddff350965322c530827ce314058a5af7f4f628d9ef9c97dd73e48d016
2019/08/08 17:11:32 existing blob: sha256:6756e87e029cdeb551ccf519eaebcf80e3441dd2bb37ed39b7c2268b4774b10b
2019/08/08 17:11:32 existing blob: sha256:94b3b7648b5544a05178b5994d088a23b3b253f02d4aa676b986f9e7fb36a10e
2019/08/08 17:11:32 existing blob: sha256:b1587e65165c461940963893326da19b2bc15471f6191bfdd9194758cb886aa6
2019/08/08 17:11:32 existing blob: sha256:f49b7820967adb88e448f3c2a00267d9ea953eabbd3a81db6b7906a4920623b4
2019/08/08 17:11:32 existing blob: sha256:e5e2dacee7b09f7927bbd054ec3859e5555a27d569da5193f4cabac285053f9b
2019/08/08 17:11:32 existing blob: sha256:f92a8369d697ee4bd7673d9254752c241eecc4a23096bbb32f3034d11811b5a1
2019/08/08 17:11:32 existing blob: sha256:065e519718393bdd264839cafc4d57eb600832a903765af6d41af5819dd4d160
2019/08/08 17:11:32 existing blob: sha256:a8354d42e6911ab8001edfffa1934a1a9b357d1541f5cecc792b9a4172d76f46
2019/08/08 17:11:32 existing blob: sha256:5069d699406c01c82af4f4e6147348dc551cb5d39e0d20dd1750bdce5b49c585
2019/08/08 17:11:32 existing blob: sha256:7ec2ffb56c90d8cad824dd30eeb4abbbc7321596c47a7dca90095935c3c2b656
2019/08/08 17:11:32 existing blob: sha256:ce53723240799b4450ccf6661e55e7277a52d14666b060a129af4125a69ac70e
2019/08/08 17:11:32 existing blob: sha256:6d138d81df365a45ab5fcf8e3f3da8357c45afe495207ecd09d2af0eb98505c5
2019/08/08 17:11:32 existing blob: sha256:5470abb626135f17b82fe46ee94962781a8aba7069a4c0b1898182daa4f429e3
2019/08/08 17:11:32 existing blob: sha256:d8c575b2b52888c9ee09cee8dba37cd3b3035555769295d514229d43fbf47d8e
2019/08/08 17:11:32 existing blob: sha256:b1c1d1dc3c9b9ab62839f55f0b0da8856c9afa9d6fd1df987a48f582cc28183c
2019/08/08 17:11:32 existing blob: sha256:429b38434357f169ce8a79a4bb39ca386ccf658ae7482b6ff602a86e6191960e
2019/08/08 17:11:32 existing blob: sha256:f9443307d73a890bbffbe23bbf8ce9a8e5e6d99b3a206bbd1959c80ea2cea61f
2019/08/08 17:11:32 existing blob: sha256:897e54f35a4b2ed07f22d316f09a9aa9ea68765f226654989a175bb51361e86e
2019/08/08 17:11:32 existing blob: sha256:7c017636a6a609d8d318a4bebb3b6cc13feaf476f6a2ecc83d28e117314d5f6f
2019/08/08 17:11:35 pushed blob: sha256:0bc310fc2c5582718e369e1de8900ac10de94f1d2f8c53c4aaffd9f202655a09
2019/08/08 17:11:35 pushed blob: sha256:0edf87a634dcdf9efe7f1283aa04ed598b6c0d6a737425f28f8155896643d5c9
2019/08/08 17:11:35 pushed blob: sha256:e1a4e01ee51283f3e035f0a51c08c16ba30cadf039dbf08519bdab306a5d72c8
2019/08/08 17:11:36 pushed blob: sha256:a832396544d867e65e36acbd60c7557b86d71709edb5f86529c92205dfeab96f
2019/08/08 17:11:49 pushed blob: sha256:b73cfcf9671657d1ecac5ef49aea9ddbde9bfe798e7e0bcd760720453b36e513
2019/08/08 17:17:31 pushed blob: sha256:e3a533416d11c4b82de02a6c6506dca81cf8aac7dcf439a2f656758f41e5e332
2019/08/08 17:17:33 gcr.io/jenkinsxio/builder-machine-learning:0.1.595: digest: sha256:1b11cc7158b036f3c494c1fa7975e92622f8c716d03d9ff946ddafbb8e196733 size: 6009
Step: build-step-build-and-push-machine-learning-gpu:

[36mINFO[0m[0000] Resolved base name gcr.io/jenkinsxio/builder-base:0.0.44 to gcr.io/jenkinsxio/builder-base:0.0.44 
[36mINFO[0m[0000] Resolved base name gcr.io/jenkinsxio/builder-base:0.0.44 to gcr.io/jenkinsxio/builder-base:0.0.44 
[36mINFO[0m[0000] Downloading base image gcr.io/jenkinsxio/builder-base:0.0.44 
[36mINFO[0m[0001] Found sha256:f889e888c351a595832da82ebbc375d22984bab79073185de16affdfcef40f73 in local cache 
[36mINFO[0m[0001] Found manifest at /workspace/sha256:f889e888c351a595832da82ebbc375d22984bab79073185de16affdfcef40f73.json 
[36mINFO[0m[0001] Built cross stage deps: map[]                
[36mINFO[0m[0001] Downloading base image gcr.io/jenkinsxio/builder-base:0.0.44 
[36mINFO[0m[0001] Found sha256:f889e888c351a595832da82ebbc375d22984bab79073185de16affdfcef40f73 in local cache 
[36mINFO[0m[0001] Found manifest at /workspace/sha256:f889e888c351a595832da82ebbc375d22984bab79073185de16affdfcef40f73.json 
[36mINFO[0m[0001] Checking for cached layer gcr.io/jenkinsxio/cache:6a0116863371be36736d34925436e37a721fa8fe4a752a37b11090fb7f0ca814... 
[36mINFO[0m[0002] Using caching version of cmd: RUN echo $'[cudarepo]\nname=Cuda Repository\nbaseurl=https://developer.download.nvidia.com/compute/cuda/repos/rhel7/x86_64/\nenabled=1\ngpgcheck=1\ngpgkey=https://developer.download.nvidia.com/compute/cuda/repos/rhel7/x86_64/7fa2af80.pub\n'>/etc/yum.repos.d/cuda.repo 
[36mINFO[0m[0002] Checking for cached layer gcr.io/jenkinsxio/cache:d6d32630cde1ce3a77596fc0f691996baec9dc9cc56ff425c1979735d6da40b2... 
[36mINFO[0m[0002] Using caching version of cmd: RUN yum clean all && yum -y install cuda-toolkit-10-0 
[36mINFO[0m[0002] Checking for cached layer gcr.io/jenkinsxio/cache:15ecac086f2347de73a77d62ea65381bf1e8ec6a41b6b82d622aef4d89010195... 
[36mINFO[0m[0003] Using caching version of cmd: RUN echo "/usr/local/nvidia/lib" >> /etc/ld.so.conf.d/nvidia.conf &&     echo "/usr/local/nvidia/lib64" >> /etc/ld.so.conf.d/nvidia.conf 
[36mINFO[0m[0003] Checking for cached layer gcr.io/jenkinsxio/cache:e02bb2189d3f6d65cf55c7b58cf3a77235be55cb2d86476df5eaf82d232b7400... 
[36mINFO[0m[0004] Using caching version of cmd: RUN curl -fLo anaconda.sh https://repo.anaconda.com/archive/Anaconda${ANACONDAVERSION}-Linux-x86_64.sh && sh ./anaconda.sh -b && eval "$(/root/anaconda3/bin/conda shell.bash hook)" && conda init && conda install -c conda-forge -c pytorch onnx=1.5.0 flake8=3.7.7 hypothesis=4.10.0 pytorch=1.1.0 -y && rm anaconda.sh 
[36mINFO[0m[0004] Checking for cached layer gcr.io/jenkinsxio/cache:90b2923a5a781e59103ef27cbf1e26720defc8d0a4dd1291aa8b50d7516e2156... 
[36mINFO[0m[0004] Using caching version of cmd: RUN mkdir git-lfs && curl "https://api.github.com/repos/git-lfs/git-lfs/releases/latest" |     grep '"tag_name":' |     sed -E 's/.*"([^"]+)".*/\1/' |     xargs -I {} curl -fL 'https://github.com/git-lfs/git-lfs/releases/download/'{}'/git-lfs-linux-amd64-'{}'.tar.gz' | tar xzvC git-lfs && git-lfs/install.sh && rm -rf git-lfs 
[36mINFO[0m[0004] Checking for cached layer gcr.io/jenkinsxio/cache:088edb613d4784c36aaaee12fc4c8805058b5b2b760177a14b988d384ff00c92... 
[36mINFO[0m[0005] Using caching version of cmd: RUN curl -f -L https://github.com/jenkins-x/**/releases/download/v${JX_VERSION}/**-linux-amd64.tar.gz | tar xzv &&   mv ** /usr/bin/ 
[36mINFO[0m[0005] Checking for cached layer gcr.io/jenkinsxio/cache:01ac2b6ea91259e7420ce54e9ecc36e270e17805d2f8b6fbdb5115f9fd46dbdc... 
[36mINFO[0m[0006] Using caching version of cmd: RUN cp /root/.bash_profile /etc/profile.d/bash_profile.sh 
[36mINFO[0m[0006] Checking for cached layer gcr.io/jenkinsxio/cache:bc97072494e62b87e13264c89dff4a9fd396cebb5bf0bf44f3e635587f13e5e5... 
[36mINFO[0m[0006] Using caching version of cmd: RUN mkdir -p /usr/src/app 
[36mINFO[0m[0006] Checking for cached layer gcr.io/jenkinsxio/cache:05429ec80a1af42f9e3a79aaabe534589ff43ed274cd196748dadca554e0301e... 
[36mINFO[0m[0007] Using caching version of cmd: RUN rm /etc/profile.d/bash_profile.sh 
[36mINFO[0m[0007] Skipping unpacking as no commands require it. 
[36mINFO[0m[0007] Taking snapshot of full filesystem...        
[36mINFO[0m[0008] RUN echo $'[cudarepo]\nname=Cuda Repository\nbaseurl=https://developer.download.nvidia.com/compute/cuda/repos/rhel7/x86_64/\nenabled=1\ngpgcheck=1\ngpgkey=https://developer.download.nvidia.com/compute/cuda/repos/rhel7/x86_64/7fa2af80.pub\n'>/etc/yum.repos.d/cuda.repo 
[36mINFO[0m[0008] Found cached layer, extracting to filesystem 
[36mINFO[0m[0008] Taking snapshot of files...                  
[36mINFO[0m[0008] RUN yum clean all && yum -y install cuda-toolkit-10-0 
[36mINFO[0m[0008] Found cached layer, extracting to filesystem 
[36mINFO[0m[0084] Taking snapshot of files...                  
[36mINFO[0m[0185] RUN echo "/usr/local/nvidia/lib" >> /etc/ld.so.conf.d/nvidia.conf &&     echo "/usr/local/nvidia/lib64" >> /etc/ld.so.conf.d/nvidia.conf 
[36mINFO[0m[0185] Found cached layer, extracting to filesystem 
[36mINFO[0m[0185] Taking snapshot of files...                  
[36mINFO[0m[0185] ENV PATH /usr/local/nvidia/bin:/usr/local/cuda/bin:${PATH} 
[36mINFO[0m[0185] No files changed in this command, skipping snapshotting. 
[36mINFO[0m[0185] ENV LD_LIBRARY_PATH /usr/local/nvidia/lib:/usr/local/nvidia/lib64 
[36mINFO[0m[0185] No files changed in this command, skipping snapshotting. 
[36mINFO[0m[0185] ENV NVIDIA_VISIBLE_DEVICES all               
[36mINFO[0m[0185] No files changed in this command, skipping snapshotting. 
[36mINFO[0m[0185] ENV NVIDIA_DRIVER_CAPABILITIES compute,utility 
[36mINFO[0m[0185] No files changed in this command, skipping snapshotting. 
[36mINFO[0m[0185] ENV NVIDIA_REQUIRE_CUDA "cuda>=10.0 brand=tesla,driver>=384,driver<385 brand=tesla,driver>=410,driver<411" 
[36mINFO[0m[0185] No files changed in this command, skipping snapshotting. 
[36mINFO[0m[0185] ENV ANACONDAVERSION 3-2019.03                
[36mINFO[0m[0185] No files changed in this command, skipping snapshotting. 
[36mINFO[0m[0185] RUN curl -fLo anaconda.sh https://repo.anaconda.com/archive/Anaconda${ANACONDAVERSION}-Linux-x86_64.sh && sh ./anaconda.sh -b && eval "$(/root/anaconda3/bin/conda shell.bash hook)" && conda init && conda install -c conda-forge -c pytorch onnx=1.5.0 flake8=3.7.7 hypothesis=4.10.0 pytorch=1.1.0 -y && rm anaconda.sh 
[36mINFO[0m[0185] Found cached layer, extracting to filesystem 
[36mINFO[0m[0406] Taking snapshot of files...                  
[36mINFO[0m[0596] RUN mkdir git-lfs && curl "https://api.github.com/repos/git-lfs/git-lfs/releases/latest" |     grep '"tag_name":' |     sed -E 's/.*"([^"]+)".*/\1/' |     xargs -I {} curl -fL 'https://github.com/git-lfs/git-lfs/releases/download/'{}'/git-lfs-linux-amd64-'{}'.tar.gz' | tar xzvC git-lfs && git-lfs/install.sh && rm -rf git-lfs 
[36mINFO[0m[0596] Found cached layer, extracting to filesystem 
[36mINFO[0m[0597] Taking snapshot of files...                  
[36mINFO[0m[0597] ENV JX_VERSION 2.0.573                       
[36mINFO[0m[0597] No files changed in this command, skipping snapshotting. 
[36mINFO[0m[0597] RUN curl -f -L https://github.com/jenkins-x/**/releases/download/v${JX_VERSION}/**-linux-amd64.tar.gz | tar xzv &&   mv ** /usr/bin/ 
[36mINFO[0m[0597] Found cached layer, extracting to filesystem 
[36mINFO[0m[0601] Taking snapshot of files...                  
[36mINFO[0m[0607] RUN cp /root/.bash_profile /etc/profile.d/bash_profile.sh 
[36mINFO[0m[0607] Found cached layer, extracting to filesystem 
[36mINFO[0m[0607] Taking snapshot of files...                  
[36mINFO[0m[0607] RUN mkdir -p /usr/src/app                    
[36mINFO[0m[0607] Found cached layer, extracting to filesystem 
[36mINFO[0m[0608] Taking snapshot of files...                  
[36mINFO[0m[0608] RUN rm /etc/profile.d/bash_profile.sh        
[36mINFO[0m[0608] Found cached layer, extracting to filesystem 
[36mINFO[0m[0608] Taking snapshot of files...                  
[36mINFO[0m[0608] CMD ["conda", "--version"]                   
[36mINFO[0m[0608] No files changed in this command, skipping snapshotting. 
2019/08/08 17:28:04 existing blob: sha256:5069d699406c01c82af4f4e6147348dc551cb5d39e0d20dd1750bdce5b49c585
2019/08/08 17:28:04 existing blob: sha256:065e519718393bdd264839cafc4d57eb600832a903765af6d41af5819dd4d160
2019/08/08 17:28:04 existing blob: sha256:429b38434357f169ce8a79a4bb39ca386ccf658ae7482b6ff602a86e6191960e
2019/08/08 17:28:04 existing blob: sha256:5470abb626135f17b82fe46ee94962781a8aba7069a4c0b1898182daa4f429e3
2019/08/08 17:28:04 existing blob: sha256:8ba884070f611d31cb2c42eddb691319dc9facf5e0ec67672fcfa135181ab3df
2019/08/08 17:28:04 existing blob: sha256:bee0a13648017886c5915ce5dec608f24dbea7b8a1e044c8fb2105ceea408afa
2019/08/08 17:28:04 existing blob: sha256:d1f08e18f79c532c470770e5fb7824e610deebfdcfe3775f6a1ad385b65e5e95
2019/08/08 17:28:04 existing blob: sha256:f49b7820967adb88e448f3c2a00267d9ea953eabbd3a81db6b7906a4920623b4
2019/08/08 17:28:04 existing blob: sha256:92ade984df77a2da628fb1374cdf03f767152d12cd5df74465e4bc8bb39edb58
2019/08/08 17:28:04 existing blob: sha256:6756e87e029cdeb551ccf519eaebcf80e3441dd2bb37ed39b7c2268b4774b10b
2019/08/08 17:28:04 existing blob: sha256:b6fba42ef133eece995deb10c314cf8baa51ec1bd7dbea9ab259a5d79dcdfda1
2019/08/08 17:28:04 existing blob: sha256:ce53723240799b4450ccf6661e55e7277a52d14666b060a129af4125a69ac70e
2019/08/08 17:28:04 existing blob: sha256:897e54f35a4b2ed07f22d316f09a9aa9ea68765f226654989a175bb51361e86e
2019/08/08 17:28:04 existing blob: sha256:2cde0a33cb63aa41a1ab3fbdc3afc787a086314a625c30f7b68bc7ac02c6660e
2019/08/08 17:28:04 existing blob: sha256:7ec2ffb56c90d8cad824dd30eeb4abbbc7321596c47a7dca90095935c3c2b656
2019/08/08 17:28:04 existing blob: sha256:05ee8f48257315be25616db5b2ef5381d577bdee423068b8408404125b64fde4
2019/08/08 17:28:04 existing blob: sha256:f25494c611ea091e11b157eb61a293f87abd08ed88d620a7c339749a5df70962
2019/08/08 17:28:04 existing blob: sha256:7c017636a6a609d8d318a4bebb3b6cc13feaf476f6a2ecc83d28e117314d5f6f
2019/08/08 17:28:04 existing blob: sha256:a8354d42e6911ab8001edfffa1934a1a9b357d1541f5cecc792b9a4172d76f46
2019/08/08 17:28:04 existing blob: sha256:f9443307d73a890bbffbe23bbf8ce9a8e5e6d99b3a206bbd1959c80ea2cea61f
2019/08/08 17:28:04 existing blob: sha256:d773df446b2002f5750748d96b7929546effb66991006aa6fb556a70823be462
2019/08/08 17:28:04 existing blob: sha256:beeb2bddff350965322c530827ce314058a5af7f4f628d9ef9c97dd73e48d016
2019/08/08 17:28:04 existing blob: sha256:d8c575b2b52888c9ee09cee8dba37cd3b3035555769295d514229d43fbf47d8e
2019/08/08 17:28:04 existing blob: sha256:94b3b7648b5544a05178b5994d088a23b3b253f02d4aa676b986f9e7fb36a10e
2019/08/08 17:28:04 existing blob: sha256:f92a8369d697ee4bd7673d9254752c241eecc4a23096bbb32f3034d11811b5a1
2019/08/08 17:28:04 existing blob: sha256:b1587e65165c461940963893326da19b2bc15471f6191bfdd9194758cb886aa6
2019/08/08 17:28:04 existing blob: sha256:e5e2dacee7b09f7927bbd054ec3859e5555a27d569da5193f4cabac285053f9b
2019/08/08 17:28:04 existing blob: sha256:6d138d81df365a45ab5fcf8e3f3da8357c45afe495207ecd09d2af0eb98505c5
2019/08/08 17:28:04 existing blob: sha256:b1c1d1dc3c9b9ab62839f55f0b0da8856c9afa9d6fd1df987a48f582cc28183c
2019/08/08 17:28:04 existing blob: sha256:7f205009ed1da43f1f35b5edc07400e345ce6c01cb46e1ae41365386e9434c45
2019/08/08 17:28:07 pushed blob: sha256:e148e1c29ee17f14f29978675799eff69c87943811f3af34e9f374ddbd02dd11
2019/08/08 17:28:07 pushed blob: sha256:b92bc80a80614ae52b489b3d2ec93c3104111b707f9325260a2544bd4b94feb9
2019/08/08 17:28:07 pushed blob: sha256:6c15d417aa3a3c0079dd29b9dabf962c0ef1d9ecb0be592e29625cfecd8b5a84
2019/08/08 17:28:07 pushed blob: sha256:7f2ebc931729bf01921122ef10d3877a4b792d003a8b0038d73454d501823016
2019/08/08 17:28:07 pushed blob: sha256:83cc1d081505e6313443c95f8dd76f2e64ac3411708d2664c25504116efe8651
2019/08/08 17:28:07 pushed blob: sha256:aca10a914212f470300ad46037498a9bfabf8ec1f17abd547512b6b8bfb2060a
2019/08/08 17:28:09 pushed blob: sha256:e2542a136e374b9a5ac985bac33092b4826488a352aa27c3c2084f28a2505af2
2019/08/08 17:28:25 pushed blob: sha256:e45ea306f7c2a90f7436bdd53df82a2f876019ec446ae051e76d469f9a003c2d
2019/08/08 17:36:32 pushed blob: sha256:72b5c295ed2dc553714a0b5996a2049cb49946130d66e4ac5f0b49bfcb008005
2019/08/08 17:39:14 pushed blob: sha256:940d13e3b803b0ed04fa1f8cc21465bef355f09b8d40dce5a43d1ba627ffb867
2019/08/08 17:39:16 gcr.io/jenkinsxio/builder-machine-learning-gpu:0.1.595: digest: sha256:99cc0ca64e0ec7322b3b9bb97acfa630a0c99e6e1f64fe44a16a1b2ab5cba6be size: 6656
Step: build-step-update-bot:

Using https://github.com/jenkins-x/jenkins-x-builders-ml as source for change discovered from git repo in /workspace/source
Updated Pull Request: https://github.com/jenkins-x/jenkins-x-platform/pull/5845
Using https://github.com/jenkins-x/jenkins-x-builders-ml as source for change discovered from git repo in /workspace/source
Updated Pull Request: https://github.com/jenkins-x/jenkins-x-platform/pull/5845
Step: build-step-changelog:

Converted /workspace/source to an unshallow repository
DEBUG: Using helmBinary helm with feature flag: template-mode
Generating change log from git ref 6b430d3aea60366db1f010b0f663ccd80797929b => 46a63f4ef034684001bf1a91fa01b1cc2e193148
DEBUG: merging pipeline secrets with local secrets
DEBUG: merging pipeline secrets with local secrets
DEBUG: Found commits:
DEBUG:   commit 46a63f4ef034684001bf1a91fa01b1cc2e193148
DEBUG:   Author: ************* <35031835+*************@users.noreply.github.com>
DEBUG:   Date: Thu Aug  8 18:04:01 2019
DEBUG:       
Merge pull request #36 from *************/bump-docker-version-1215b4a1-b9fa-11e9-a79b-9e4ee7c094a4

chore(deps): bump https://github.com/jenkins-x/** from 2.0.571 to 2.0.573


DEBUG:   commit a68327554bea572cae70ce14b3d865dec2fa7eba
DEBUG:   Author: ************* <jenkins-x@googlegroups.com>
DEBUG:   Date: Thu Aug  8 16:32:10 2019
DEBUG:       chore(deps): bump https://github.com/jenkins-x/** from 2.0.571 to 2.0.573

Command run was `./build/linux/** step create pr docker --name JX_VERSION --version 2.0.573 --repo https://github.com/jenkins-x/jenkins-x-builders.git --repo https://github.com/jenkins-x/jenkins-x-serverless.git --repo https://github.com/jenkins-x/dev-env-base.git --repo https://github.com/jenkins-x/jenkins-x-builders-ml.git`



WARNING: Failed to enrich commit a68327554bea572cae70ce14b3d865dec2fa7eba with issues: users.jenkins.io "x-0" already exists
WARNING: Failed to enrich commit a68327554bea572cae70ce14b3d865dec2fa7eba with issues: users.jenkins.io "x-0" already exists
DEBUG: merging pipeline secrets with local secrets
Finding issues in commit messages using git format
DEBUG: Generated release notes:

## Changes

### Chores

* deps: bump https://github.com/jenkins-x/** from 2.0.571 to 2.0.573

### Dependency Updates

| Dependency | Component | New Version | Old Version |
| ---------- | --------- | ----------- | ----------- |
| [jenkins-x/**](https://github.com/jenkins-x/**) |  | [2.0.573](https://github.com/jenkins-x/**/releases/tag/v2.0.573) | [2.0.571](https://github.com/jenkins-x/**/releases/tag/v2.0.571)|

WARNING: No release found for jenkins-x/jenkins-x-builders-ml and tag v0.1.595 so creating a new release
Updated the release information at https://github.com/jenkins-x/jenkins-x-builders-ml/releases/tag/v0.1.595
Uploaded /workspace/source/dependency-matrix/matrix.yaml to release asset https://github.com/jenkins-x/jenkins-x-builders-ml/releases/download/v0.1.595/dependency-matrix.yaml
Uploaded dependency-updates.yaml to release asset https://github.com/jenkins-x/jenkins-x-builders-ml/releases/download/v0.1.595/dependency-updates.yaml
generated: /workspace/source/templates/release.yaml
Created Release jenkins-x-builders-ml-0-1-595 resource in namespace **
Updating PipelineActivity jenkins-x-jenkins-x-builders-ml-master-57 with version 0.1.595
Updated PipelineActivities jenkins-x-jenkins-x-builders-ml-master-57 with release notes URL: https://github.com/jenkins-x/jenkins-x-builders-ml/releases/tag/v0.1.595
