Step: build-step-credential-initializer-7r58x:

{"level":"warn","ts":1565288538.2079418,"logger":"fallback-logger","caller":"logging/config.go:65","msg":"Fetch GitHub commit ID from kodata failed: \"ref: refs/heads/master\" is not a valid GitHub commit ID"}
{"level":"info","ts":1565288538.2094524,"logger":"fallback-logger","caller":"creds-init/main.go:40","msg":"Credentials initialized."}
Step: build-step-working-dir-initializer-j6vmg:

{"level":"warn","ts":1565288539.1938007,"logger":"fallback-logger","caller":"logging/config.go:65","msg":"Fetch GitHub commit ID from kodata failed: open /var/run/ko/HEAD: no such file or directory"}
{"level":"info","ts":1565288539.2761269,"logger":"fallback-logger","caller":"bash/main.go:65","msg":"Successfully executed command \"mkdir -p /workspace/source\""}
Step: build-step-place-tools:

Step: build-step-git-source-jenkins-x-jenkins-x-builders-ml-pwbhp:

{"level":"warn","ts":1565288541.1973963,"logger":"fallback-logger","caller":"logging/config.go:65","msg":"Fetch GitHub commit ID from kodata failed: \"ref: refs/heads/master\" is not a valid GitHub commit ID"}
{"level":"info","ts":1565288543.14079,"logger":"fallback-logger","caller":"git/git.go:102","msg":"Successfully cloned https://github.com/jenkins-x/jenkins-x-builders-ml @ 37f907ccff3c47b5ff273ef127da3117536e805b in path /workspace/source"}
Step: build-step-git-merge:

Warning failed to load version: failed to parse version -dev+9e73adc0b: No Major.Minor.Patch elements found
time="2019-08-08T18:22:26Z" level=info msg="got "
Using SHAs from PULL_REFS=master:46a63f4ef034684001bf1a91fa01b1cc2e193148,37:37f907ccff3c47b5ff273ef127da3117536e805b
ran git fetch --unshallow origin 37f907ccff3c47b5ff273ef127da3117536e805b: 46a63f4ef034684001bf1a91fa01b1cc2e193148: in 
ran git checkout master in 
ran git reset --hard 46a63f4ef034684001bf1a91fa01b1cc2e193148 in 
ran clean --force -d . in 
ran git merge 37f907ccff3c47b5ff273ef127da3117536e805b in 
Step: build-step-step2:

/builder/home/kaniko-secret.json
Step: build-step-warm-cache:

Step: build-step-build-and-push-machine-learning-gpu:

[36mINFO[0m[0001] Resolved base name gcr.io/jenkinsxio/builder-base:0.0.44 to gcr.io/jenkinsxio/builder-base:0.0.44 
[36mINFO[0m[0001] Resolved base name gcr.io/jenkinsxio/builder-base:0.0.44 to gcr.io/jenkinsxio/builder-base:0.0.44 
[36mINFO[0m[0001] Downloading base image gcr.io/jenkinsxio/builder-base:0.0.44 
[36mINFO[0m[0001] Found sha256:f889e888c351a595832da82ebbc375d22984bab79073185de16affdfcef40f73 in local cache 
[36mINFO[0m[0001] Found manifest at /workspace/sha256:f889e888c351a595832da82ebbc375d22984bab79073185de16affdfcef40f73.json 
[36mINFO[0m[0001] Built cross stage deps: map[]                
[36mINFO[0m[0001] Downloading base image gcr.io/jenkinsxio/builder-base:0.0.44 
[36mINFO[0m[0002] Found sha256:f889e888c351a595832da82ebbc375d22984bab79073185de16affdfcef40f73 in local cache 
[36mINFO[0m[0002] Found manifest at /workspace/sha256:f889e888c351a595832da82ebbc375d22984bab79073185de16affdfcef40f73.json 
[36mINFO[0m[0002] Checking for cached layer gcr.io/jenkinsxio/cache:6a0116863371be36736d34925436e37a721fa8fe4a752a37b11090fb7f0ca814... 
[36mINFO[0m[0002] Using caching version of cmd: RUN echo $'[cudarepo]\nname=Cuda Repository\nbaseurl=https://developer.download.nvidia.com/compute/cuda/repos/rhel7/x86_64/\nenabled=1\ngpgcheck=1\ngpgkey=https://developer.download.nvidia.com/compute/cuda/repos/rhel7/x86_64/7fa2af80.pub\n'>/etc/yum.repos.d/cuda.repo 
[36mINFO[0m[0002] Checking for cached layer gcr.io/jenkinsxio/cache:d6d32630cde1ce3a77596fc0f691996baec9dc9cc56ff425c1979735d6da40b2... 
[36mINFO[0m[0003] Using caching version of cmd: RUN yum clean all && yum -y install cuda-toolkit-10-0 
[36mINFO[0m[0003] Checking for cached layer gcr.io/jenkinsxio/cache:15ecac086f2347de73a77d62ea65381bf1e8ec6a41b6b82d622aef4d89010195... 
[36mINFO[0m[0004] Using caching version of cmd: RUN echo "/usr/local/nvidia/lib" >> /etc/ld.so.conf.d/nvidia.conf &&     echo "/usr/local/nvidia/lib64" >> /etc/ld.so.conf.d/nvidia.conf 
[36mINFO[0m[0004] Checking for cached layer gcr.io/jenkinsxio/cache:e02bb2189d3f6d65cf55c7b58cf3a77235be55cb2d86476df5eaf82d232b7400... 
[36mINFO[0m[0004] Using caching version of cmd: RUN curl -fLo anaconda.sh https://repo.anaconda.com/archive/Anaconda${ANACONDAVERSION}-Linux-x86_64.sh && sh ./anaconda.sh -b && eval "$(/root/anaconda3/bin/conda shell.bash hook)" && conda init && conda install -c conda-forge -c pytorch onnx=1.5.0 flake8=3.7.7 hypothesis=4.10.0 pytorch=1.1.0 -y && rm anaconda.sh 
[36mINFO[0m[0004] Checking for cached layer gcr.io/jenkinsxio/cache:90b2923a5a781e59103ef27cbf1e26720defc8d0a4dd1291aa8b50d7516e2156... 
[36mINFO[0m[0005] Using caching version of cmd: RUN mkdir git-lfs && curl "https://api.github.com/repos/git-lfs/git-lfs/releases/latest" |     grep '"tag_name":' |     sed -E 's/.*"([^"]+)".*/\1/' |     xargs -I {} curl -fL 'https://github.com/git-lfs/git-lfs/releases/download/'{}'/git-lfs-linux-amd64-'{}'.tar.gz' | tar xzvC git-lfs && git-lfs/install.sh && rm -rf git-lfs 
[36mINFO[0m[0005] Checking for cached layer gcr.io/jenkinsxio/cache:62cf38f96b9ad076cfeaeb47d67458bc84abcfeaf7633f1b1a935b8fe7442b8f... 
[36mINFO[0m[0005] No cached layer found for cmd RUN curl -f -L https://github.com/jenkins-x/**/releases/download/v${JX_VERSION}/**-linux-amd64.tar.gz | tar xzv &&   mv ** /usr/bin/ 
[36mINFO[0m[0005] Unpacking rootfs as cmd RUN curl -f -L https://github.com/jenkins-x/**/releases/download/v${JX_VERSION}/**-linux-amd64.tar.gz | tar xzv &&   mv ** /usr/bin/ requires it. 
[36mINFO[0m[0058] Taking snapshot of full filesystem...        
[36mINFO[0m[0112] RUN echo $'[cudarepo]\nname=Cuda Repository\nbaseurl=https://developer.download.nvidia.com/compute/cuda/repos/rhel7/x86_64/\nenabled=1\ngpgcheck=1\ngpgkey=https://developer.download.nvidia.com/compute/cuda/repos/rhel7/x86_64/7fa2af80.pub\n'>/etc/yum.repos.d/cuda.repo 
[36mINFO[0m[0112] Found cached layer, extracting to filesystem 
[36mINFO[0m[0112] Taking snapshot of files...                  
[36mINFO[0m[0112] RUN yum clean all && yum -y install cuda-toolkit-10-0 
[36mINFO[0m[0112] Found cached layer, extracting to filesystem 
[36mINFO[0m[0173] Taking snapshot of files...                  
[36mINFO[0m[0251] RUN echo "/usr/local/nvidia/lib" >> /etc/ld.so.conf.d/nvidia.conf &&     echo "/usr/local/nvidia/lib64" >> /etc/ld.so.conf.d/nvidia.conf 
[36mINFO[0m[0251] Found cached layer, extracting to filesystem 
[36mINFO[0m[0251] Taking snapshot of files...                  
[36mINFO[0m[0251] ENV PATH /usr/local/nvidia/bin:/usr/local/cuda/bin:${PATH} 
[36mINFO[0m[0251] No files changed in this command, skipping snapshotting. 
[36mINFO[0m[0251] ENV LD_LIBRARY_PATH /usr/local/nvidia/lib:/usr/local/nvidia/lib64 
[36mINFO[0m[0251] No files changed in this command, skipping snapshotting. 
[36mINFO[0m[0251] ENV NVIDIA_VISIBLE_DEVICES all               
[36mINFO[0m[0251] No files changed in this command, skipping snapshotting. 
[36mINFO[0m[0251] ENV NVIDIA_DRIVER_CAPABILITIES compute,utility 
[36mINFO[0m[0251] No files changed in this command, skipping snapshotting. 
[36mINFO[0m[0251] ENV NVIDIA_REQUIRE_CUDA "cuda>=10.0 brand=tesla,driver>=384,driver<385 brand=tesla,driver>=410,driver<411" 
[36mINFO[0m[0251] No files changed in this command, skipping snapshotting. 
[36mINFO[0m[0251] ENV ANACONDAVERSION 3-2019.03                
[36mINFO[0m[0251] No files changed in this command, skipping snapshotting. 
[36mINFO[0m[0251] RUN curl -fLo anaconda.sh https://repo.anaconda.com/archive/Anaconda${ANACONDAVERSION}-Linux-x86_64.sh && sh ./anaconda.sh -b && eval "$(/root/anaconda3/bin/conda shell.bash hook)" && conda init && conda install -c conda-forge -c pytorch onnx=1.5.0 flake8=3.7.7 hypothesis=4.10.0 pytorch=1.1.0 -y && rm anaconda.sh 
[36mINFO[0m[0251] Found cached layer, extracting to filesystem 
[36mINFO[0m[0430] Taking snapshot of files...                  
[36mINFO[0m[0601] RUN mkdir git-lfs && curl "https://api.github.com/repos/git-lfs/git-lfs/releases/latest" |     grep '"tag_name":' |     sed -E 's/.*"([^"]+)".*/\1/' |     xargs -I {} curl -fL 'https://github.com/git-lfs/git-lfs/releases/download/'{}'/git-lfs-linux-amd64-'{}'.tar.gz' | tar xzvC git-lfs && git-lfs/install.sh && rm -rf git-lfs 
[36mINFO[0m[0601] Found cached layer, extracting to filesystem 
[36mINFO[0m[0602] Taking snapshot of files...                  
[36mINFO[0m[0602] ENV JX_VERSION 2.0.574                       
[36mINFO[0m[0602] No files changed in this command, skipping snapshotting. 
[36mINFO[0m[0602] RUN curl -f -L https://github.com/jenkins-x/**/releases/download/v${JX_VERSION}/**-linux-amd64.tar.gz | tar xzv &&   mv ** /usr/bin/ 
[36mINFO[0m[0602] cmd: /bin/sh                                 
[36mINFO[0m[0602] args: [-c curl -f -L https://github.com/jenkins-x/**/releases/download/v${JX_VERSION}/**-linux-amd64.tar.gz | tar xzv &&   mv ** /usr/bin/] 
  % Total    % Received % Xferd  Average Speed   Time    Time     Time  Current
                                 Dload  Upload   Total   Spent    Left  Speed
  0     0    0     0    0     0      0      0 --:--:-- --:--:-- --:--:--     0  0     0    0     0    0     0      0      0 --:--:-- --:--:-- --:--:--     0100   612    0   612    0     0    977      0 --:--:-- --:--:-- --:--:--   977
LICENSE
README.md
changelog.md
**
  2 65.6M    2 1783k    0     0  1188k      0  0:00:56  0:00:01  0:00:55 1188k 40 65.6M   40 26.3M    0     0  10.5M      0  0:00:06  0:00:02  0:00:04 24.6M 85 65.6M   85 55.9M    0     0  15.8M      0  0:00:04  0:00:03  0:00:01 26.6M100 65.6M  100 65.6M    0     0  16.8M      0  0:00:03  0:00:03 --:--:-- 26.5M
[36mINFO[0m[0606] Taking snapshot of full filesystem...        
[36mINFO[0m[0609] Adding whiteout for /var/cache/yum/x86_64/7/epel/67524caa6631e887a5ec38e3facaaa685101876958e16bcb69c6e7a5f77aa607-primary.sqlite.bz2 
[36mINFO[0m[0609] Adding whiteout for /var/cache/yum/x86_64/7/base/gen/filelists_db.sqlite 
[36mINFO[0m[0609] Adding whiteout for /var/cache/yum/x86_64/7/updates/c317d43ffabba63436dd2fd246cd83fb0fef9cce712f8b67ef371e29e81aef4a-primary.sqlite.bz2 
[36mINFO[0m[0609] Adding whiteout for /var/cache/yum/x86_64/7/base/a0ec5a4708a1026db100d4799c404c9ed48a9371a4bab234a1355f86628a244a-filelists.sqlite.bz2 
[36mINFO[0m[0609] Adding whiteout for /var/cache/yum/x86_64/7/epel/gen/comps.xml 
[36mINFO[0m[0609] Adding whiteout for /var/cache/yum/x86_64/7/updates/gen/filelists_db.sqlite 
[36mINFO[0m[0609] Adding whiteout for /var/cache/yum/x86_64/7/updates/7303cbcc9806f8d266e12f27067a972b40e736f13800129e79d035fdd8883df6-primary.sqlite.bz2 
[36mINFO[0m[0609] Adding whiteout for /var/cache/yum/x86_64/7/epel/d2d16b74b98b26292868d49413181da81c791150ce460be98bcf0628f3005bc7-updateinfo.xml.bz2 
[36mINFO[0m[0609] Adding whiteout for /var/cache/yum/x86_64/7/epel/5bcd966a5e87d03e75963c79096fb0e5d5ad89a705a9f220c998fea556d32255-updateinfo.xml.bz2 
[36mINFO[0m[0609] Adding whiteout for /var/cache/yum/x86_64/7/base/gen/comps.xml 
[36mINFO[0m[0609] Adding whiteout for /var/cache/yum/x86_64/7/updates/2c2cf8e196fcaafe88087e86175911120578086d4648cb8260fbffc9326e2bcb-filelists.sqlite.bz2 
[36mINFO[0m[0609] Adding whiteout for /var/cache/yum/x86_64/7/epel/90a58610660455abd8f6aa587347a572e9ebc7bf949fd777fd9358d3d7c0b481-primary.sqlite.bz2 
[36mINFO[0m[0678] Pushing layer gcr.io/jenkinsxio/cache:62cf38f96b9ad076cfeaeb47d67458bc84abcfeaf7633f1b1a935b8fe7442b8f to cache now 
[36mINFO[0m[0678] RUN cp /root/.bash_profile /etc/profile.d/bash_profile.sh 
[36mINFO[0m[0678] cmd: /bin/sh                                 
[36mINFO[0m[0678] args: [-c cp /root/.bash_profile /etc/profile.d/bash_profile.sh] 
[36mINFO[0m[0678] Taking snapshot of full filesystem...        
2019/08/08 18:34:16 pushed blob: sha256:4223d64d65c35cdea6377b69d0ef434ecaa3de520788e156909bac2ee7b5f738
2019/08/08 18:34:25 pushed blob: sha256:9856f0cea0aab664fd39d2875b7cc3402d7e59e51c77766de99d0c6fd524a45a
2019/08/08 18:34:26 gcr.io/jenkinsxio/cache:62cf38f96b9ad076cfeaeb47d67458bc84abcfeaf7633f1b1a935b8fe7442b8f: digest: sha256:ab6a4eb3b30684e79c2b9bc271a7f82edfb3b527cbf879aa0192a88964733aad size: 429
[36mINFO[0m[0744] RUN mkdir -p /usr/src/app                    
[36mINFO[0m[0744] cmd: /bin/sh                                 
[36mINFO[0m[0744] args: [-c mkdir -p /usr/src/app]             
[36mINFO[0m[0744] Pushing layer gcr.io/jenkinsxio/cache:775a8225d2be108653ea55dd79931ba8ef581e2a0aa9e919e7090476821f7f98 to cache now 
[36mINFO[0m[0744] Taking snapshot of full filesystem...        
2019/08/08 18:35:23 pushed blob: sha256:da5fef3ed8c9cc8468e2c697a9032b9d97d7a583be3e4eec786284df63c1083e
2019/08/08 18:35:23 pushed blob: sha256:be5d887855ded0386ea5423ddc4b9cabe03e7211c1b0cd6f325e8b0d1abf7b9f
2019/08/08 18:35:24 gcr.io/jenkinsxio/cache:775a8225d2be108653ea55dd79931ba8ef581e2a0aa9e919e7090476821f7f98: digest: sha256:97cf04e40c5ebea4e433865ef477e50608fbf9ffc7443d901f72851b90b0cbb4 size: 424
[36mINFO[0m[0809] RUN rm /etc/profile.d/bash_profile.sh        
[36mINFO[0m[0809] cmd: /bin/sh                                 
[36mINFO[0m[0809] args: [-c rm /etc/profile.d/bash_profile.sh] 
[36mINFO[0m[0809] Pushing layer gcr.io/jenkinsxio/cache:7698d2e0758fc8f45a0476b0ec9d5a8da3fabc53b62270e33ffc7acf46abc741 to cache now 
[36mINFO[0m[0809] Taking snapshot of full filesystem...        
[36mINFO[0m[0811] Adding whiteout for /etc/profile.d/bash_profile.sh 
2019/08/08 18:36:28 pushed blob: sha256:6419e0abce5a833ffda7c5ba98021bb204fa89e4c5cb851b764e21bf83dc7b3a
2019/08/08 18:36:28 pushed blob: sha256:4eaa615252ba842c37f03aad9a0cac1e32fe64c79449cf220de4a9a59157ac00
2019/08/08 18:36:29 gcr.io/jenkinsxio/cache:7698d2e0758fc8f45a0476b0ec9d5a8da3fabc53b62270e33ffc7acf46abc741: digest: sha256:b50d43f409bf813c64fe52c826b2456ca1342a168291351686b1b98f50c97d3c size: 424
[36mINFO[0m[0876] CMD ["conda", "--version"]                   
[36mINFO[0m[0876] No files changed in this command, skipping snapshotting. 
[36mINFO[0m[0876] Pushing layer gcr.io/jenkinsxio/cache:81ffdba453d37a7bd0d7d747c62e4ad7ce76817ca828819819d969969bd375f5 to cache now 
2019/08/08 18:37:34 pushed blob: sha256:26ede975594aa717b0ac571637e98b4eb9af6db514b3d0323d0099c291a88a0d
2019/08/08 18:37:34 pushed blob: sha256:006e2821e1b2becc41a22922ea1c8654c02c9e70cf87e1e282cbf13732a0bc51
2019/08/08 18:37:35 gcr.io/jenkinsxio/cache:81ffdba453d37a7bd0d7d747c62e4ad7ce76817ca828819819d969969bd375f5: digest: sha256:2d6963823b593d6516cf89877cc4c9de99243d19ec55bcd626ed43a6ea77929f size: 424
2019/08/08 18:37:36 existing blob: sha256:92ade984df77a2da628fb1374cdf03f767152d12cd5df74465e4bc8bb39edb58
2019/08/08 18:37:36 existing blob: sha256:b1587e65165c461940963893326da19b2bc15471f6191bfdd9194758cb886aa6
2019/08/08 18:37:36 existing blob: sha256:006e2821e1b2becc41a22922ea1c8654c02c9e70cf87e1e282cbf13732a0bc51
2019/08/08 18:37:36 existing blob: sha256:7ec2ffb56c90d8cad824dd30eeb4abbbc7321596c47a7dca90095935c3c2b656
2019/08/08 18:37:36 existing blob: sha256:94b3b7648b5544a05178b5994d088a23b3b253f02d4aa676b986f9e7fb36a10e
2019/08/08 18:37:36 existing blob: sha256:beeb2bddff350965322c530827ce314058a5af7f4f628d9ef9c97dd73e48d016
2019/08/08 18:37:36 existing blob: sha256:4eaa615252ba842c37f03aad9a0cac1e32fe64c79449cf220de4a9a59157ac00
2019/08/08 18:37:36 existing blob: sha256:5069d699406c01c82af4f4e6147348dc551cb5d39e0d20dd1750bdce5b49c585
2019/08/08 18:37:36 existing blob: sha256:2cde0a33cb63aa41a1ab3fbdc3afc787a086314a625c30f7b68bc7ac02c6660e
2019/08/08 18:37:36 existing blob: sha256:6d138d81df365a45ab5fcf8e3f3da8357c45afe495207ecd09d2af0eb98505c5
2019/08/08 18:37:36 existing blob: sha256:d8c575b2b52888c9ee09cee8dba37cd3b3035555769295d514229d43fbf47d8e
2019/08/08 18:37:36 existing blob: sha256:be5d887855ded0386ea5423ddc4b9cabe03e7211c1b0cd6f325e8b0d1abf7b9f
2019/08/08 18:37:36 existing blob: sha256:f49b7820967adb88e448f3c2a00267d9ea953eabbd3a81db6b7906a4920623b4
2019/08/08 18:37:36 existing blob: sha256:6756e87e029cdeb551ccf519eaebcf80e3441dd2bb37ed39b7c2268b4774b10b
2019/08/08 18:37:36 existing blob: sha256:b6fba42ef133eece995deb10c314cf8baa51ec1bd7dbea9ab259a5d79dcdfda1
2019/08/08 18:37:36 existing blob: sha256:8ba884070f611d31cb2c42eddb691319dc9facf5e0ec67672fcfa135181ab3df
2019/08/08 18:37:36 existing blob: sha256:7c017636a6a609d8d318a4bebb3b6cc13feaf476f6a2ecc83d28e117314d5f6f
2019/08/08 18:37:36 existing blob: sha256:897e54f35a4b2ed07f22d316f09a9aa9ea68765f226654989a175bb51361e86e
2019/08/08 18:37:36 existing blob: sha256:d1f08e18f79c532c470770e5fb7824e610deebfdcfe3775f6a1ad385b65e5e95
2019/08/08 18:37:36 existing blob: sha256:f92a8369d697ee4bd7673d9254752c241eecc4a23096bbb32f3034d11811b5a1
2019/08/08 18:37:36 existing blob: sha256:05ee8f48257315be25616db5b2ef5381d577bdee423068b8408404125b64fde4
2019/08/08 18:37:36 existing blob: sha256:7f205009ed1da43f1f35b5edc07400e345ce6c01cb46e1ae41365386e9434c45
2019/08/08 18:37:36 existing blob: sha256:f9443307d73a890bbffbe23bbf8ce9a8e5e6d99b3a206bbd1959c80ea2cea61f
2019/08/08 18:37:36 existing blob: sha256:9856f0cea0aab664fd39d2875b7cc3402d7e59e51c77766de99d0c6fd524a45a
2019/08/08 18:37:36 existing blob: sha256:e5e2dacee7b09f7927bbd054ec3859e5555a27d569da5193f4cabac285053f9b
2019/08/08 18:37:36 existing blob: sha256:5470abb626135f17b82fe46ee94962781a8aba7069a4c0b1898182daa4f429e3
2019/08/08 18:37:36 existing blob: sha256:b1c1d1dc3c9b9ab62839f55f0b0da8856c9afa9d6fd1df987a48f582cc28183c
2019/08/08 18:37:36 existing blob: sha256:429b38434357f169ce8a79a4bb39ca386ccf658ae7482b6ff602a86e6191960e
2019/08/08 18:37:36 existing blob: sha256:ce53723240799b4450ccf6661e55e7277a52d14666b060a129af4125a69ac70e
2019/08/08 18:37:36 existing blob: sha256:a8354d42e6911ab8001edfffa1934a1a9b357d1541f5cecc792b9a4172d76f46
2019/08/08 18:37:36 existing blob: sha256:d773df446b2002f5750748d96b7929546effb66991006aa6fb556a70823be462
2019/08/08 18:37:36 existing blob: sha256:bee0a13648017886c5915ce5dec608f24dbea7b8a1e044c8fb2105ceea408afa
2019/08/08 18:37:36 existing blob: sha256:f25494c611ea091e11b157eb61a293f87abd08ed88d620a7c339749a5df70962
2019/08/08 18:37:36 existing blob: sha256:065e519718393bdd264839cafc4d57eb600832a903765af6d41af5819dd4d160
2019/08/08 18:37:39 pushed blob: sha256:28efec70c8afb3a294b6042e22efb28e0b714f0dc029c915fb81d7fb1ba61983
2019/08/08 18:37:39 pushed blob: sha256:b8a2af59f7de1beb96a9be33a1bae5bb568b4026f7edf4e04c58a37487ff8b41
2019/08/08 18:37:39 pushed blob: sha256:4ff0cb97b68d07ae9d10f9b7764a7ebf795f9364af4aa473ba99e23e6390db6d
2019/08/08 18:37:41 pushed blob: sha256:4a5890f5171ae9e6c476123161b20b2c48c31baf709cb2e943e1dad26bdf8e04
2019/08/08 18:42:18 pushed blob: sha256:59504bdeec6c85941629f1d30f43a5b20184e0911290f0e2d5df7c71c1a01061
2019/08/08 18:44:42 pushed blob: sha256:4b691c12aa4391d540c1a1893a66c3776f48366ab86159de8517bc45ea7c60ff
2019/08/08 18:44:44 gcr.io/jenkinsxio/builder-machine-learning-gpu:0.0.0-SNAPSHOT-PR-37-2: digest: sha256:f95e1e0a97332735822d2538120fc1fdd30344050581b38eb38a3908049deb3c size: 6656
