Step: build-step-credential-initializer-pkrqv:

{"level":"warn","ts":1565274496.0007677,"logger":"fallback-logger","caller":"logging/config.go:65","msg":"Fetch GitHub commit ID from kodata failed: \"ref: refs/heads/master\" is not a valid GitHub commit ID"}
{"level":"info","ts":1565274496.0014207,"logger":"fallback-logger","caller":"creds-init/main.go:40","msg":"Credentials initialized."}
Step: build-step-working-dir-initializer-8mz57:

{"level":"warn","ts":1565274498.3667607,"logger":"fallback-logger","caller":"logging/config.go:65","msg":"Fetch GitHub commit ID from kodata failed: open /var/run/ko/HEAD: no such file or directory"}
{"level":"info","ts":1565274498.3683503,"logger":"fallback-logger","caller":"bash/main.go:65","msg":"Successfully executed command \"mkdir -p /workspace/source\""}
Step: build-step-place-tools:

Step: build-step-git-source-jenkins-x-jenkins-x-builders-ml-c4xxl:

{"level":"warn","ts":1565274501.3999603,"logger":"fallback-logger","caller":"logging/config.go:65","msg":"Fetch GitHub commit ID from kodata failed: \"ref: refs/heads/master\" is not a valid GitHub commit ID"}
{"level":"info","ts":1565274502.5945253,"logger":"fallback-logger","caller":"git/git.go:102","msg":"Successfully cloned https://github.com/jenkins-x/jenkins-x-builders-ml @ 3a6769aafcc96fe7c7cfccdf3d5c0865be3cccf9 in path /workspace/source"}
Step: build-step-git-merge:

Warning failed to load version: failed to parse version -dev+9e73adc0b: No Major.Minor.Patch elements found
time="2019-08-08T14:28:23Z" level=info msg="got "
Using SHAs from PULL_REFS=master:7eefab5bc869c649ce3f388c7a0540e5fec044a0,35:3a6769aafcc96fe7c7cfccdf3d5c0865be3cccf9
ran git fetch --unshallow origin 3a6769aafcc96fe7c7cfccdf3d5c0865be3cccf9: 7eefab5bc869c649ce3f388c7a0540e5fec044a0: in 
ran git checkout master in 
ran git reset --hard 7eefab5bc869c649ce3f388c7a0540e5fec044a0 in 
ran clean --force -d . in 
ran git merge 3a6769aafcc96fe7c7cfccdf3d5c0865be3cccf9 in 
Step: build-step-step2:

/builder/home/kaniko-secret.json
Step: build-step-warm-cache:

Step: build-step-build-and-push-machine-learning:

[36mINFO[0m[0007] Resolved base name gcr.io/jenkinsxio/builder-base:0.0.44 to gcr.io/jenkinsxio/builder-base:0.0.44 
[36mINFO[0m[0007] Resolved base name gcr.io/jenkinsxio/builder-base:0.0.44 to gcr.io/jenkinsxio/builder-base:0.0.44 
[36mINFO[0m[0007] Downloading base image gcr.io/jenkinsxio/builder-base:0.0.44 
[36mINFO[0m[0007] Found sha256:f889e888c351a595832da82ebbc375d22984bab79073185de16affdfcef40f73 in local cache 
[36mINFO[0m[0007] Found manifest at /workspace/sha256:f889e888c351a595832da82ebbc375d22984bab79073185de16affdfcef40f73.json 
[36mINFO[0m[0007] Built cross stage deps: map[]                
[36mINFO[0m[0007] Downloading base image gcr.io/jenkinsxio/builder-base:0.0.44 
[36mINFO[0m[0008] Found sha256:f889e888c351a595832da82ebbc375d22984bab79073185de16affdfcef40f73 in local cache 
[36mINFO[0m[0008] Found manifest at /workspace/sha256:f889e888c351a595832da82ebbc375d22984bab79073185de16affdfcef40f73.json 
[36mINFO[0m[0008] Checking for cached layer gcr.io/jenkinsxio/cache:be3cfe94fb272488aeb4220e009b4d5b8ee52676fd056eab0b5a5a24b57c5329... 
[36mINFO[0m[0008] Using caching version of cmd: RUN curl -fLo anaconda.sh https://repo.anaconda.com/archive/Anaconda${ANACONDAVERSION}-Linux-x86_64.sh && sh ./anaconda.sh -b && eval "$(/root/anaconda3/bin/conda shell.bash hook)" && conda init && conda install -c conda-forge -c pytorch onnx=1.4.1 flake8=3.7.7 hypothesis=4.10.0 pytorch=1.0.1 -y && rm anaconda.sh 
[36mINFO[0m[0008] Checking for cached layer gcr.io/jenkinsxio/cache:1151c0a402d63d5798732644b12728dabda842f69c8d6772f9dd4761a6eeb27e... 
[36mINFO[0m[0009] Using caching version of cmd: RUN mkdir git-lfs && curl "https://api.github.com/repos/git-lfs/git-lfs/releases/latest" |     grep '"tag_name":' |     sed -E 's/.*"([^"]+)".*/\1/' |     xargs -I {} curl -fL 'https://github.com/git-lfs/git-lfs/releases/download/'{}'/git-lfs-linux-amd64-'{}'.tar.gz' | tar xzvC git-lfs && git-lfs/install.sh && rm -rf git-lfs 
[36mINFO[0m[0009] Checking for cached layer gcr.io/jenkinsxio/cache:9846e38277870abf205641c2317b7d5cdca516e9b32a654a68bf3c04fc67498e... 
[36mINFO[0m[0010] No cached layer found for cmd RUN curl -f -L https://github.com/jenkins-x/**/releases/download/v${JX_VERSION}/**-linux-amd64.tar.gz | tar xzv &&   mv ** /usr/bin/ 
[36mINFO[0m[0010] Unpacking rootfs as cmd RUN curl -f -L https://github.com/jenkins-x/**/releases/download/v${JX_VERSION}/**-linux-amd64.tar.gz | tar xzv &&   mv ** /usr/bin/ requires it. 
[36mINFO[0m[0084] Taking snapshot of full filesystem...        
[36mINFO[0m[0132] ENV ANACONDAVERSION 3-2019.03                
[36mINFO[0m[0132] No files changed in this command, skipping snapshotting. 
[36mINFO[0m[0132] RUN curl -fLo anaconda.sh https://repo.anaconda.com/archive/Anaconda${ANACONDAVERSION}-Linux-x86_64.sh && sh ./anaconda.sh -b && eval "$(/root/anaconda3/bin/conda shell.bash hook)" && conda init && conda install -c conda-forge -c pytorch onnx=1.4.1 flake8=3.7.7 hypothesis=4.10.0 pytorch=1.0.1 -y && rm anaconda.sh 
[36mINFO[0m[0132] Found cached layer, extracting to filesystem 
[36mINFO[0m[0584] Taking snapshot of files...                  
[36mINFO[0m[0813] RUN mkdir git-lfs && curl "https://api.github.com/repos/git-lfs/git-lfs/releases/latest" |     grep '"tag_name":' |     sed -E 's/.*"([^"]+)".*/\1/' |     xargs -I {} curl -fL 'https://github.com/git-lfs/git-lfs/releases/download/'{}'/git-lfs-linux-amd64-'{}'.tar.gz' | tar xzvC git-lfs && git-lfs/install.sh && rm -rf git-lfs 
[36mINFO[0m[0813] Found cached layer, extracting to filesystem 
[36mINFO[0m[0813] Taking snapshot of files...                  
[36mINFO[0m[0813] ENV JX_VERSION 2.0.571                       
[36mINFO[0m[0813] No files changed in this command, skipping snapshotting. 
[36mINFO[0m[0813] RUN curl -f -L https://github.com/jenkins-x/**/releases/download/v${JX_VERSION}/**-linux-amd64.tar.gz | tar xzv &&   mv ** /usr/bin/ 
[36mINFO[0m[0813] cmd: /bin/sh                                 
[36mINFO[0m[0813] args: [-c curl -f -L https://github.com/jenkins-x/**/releases/download/v${JX_VERSION}/**-linux-amd64.tar.gz | tar xzv &&   mv ** /usr/bin/] 
  % Total    % Received % Xferd  Average Speed   Time    Time     Time  Current
                                 Dload  Upload   Total   Spent    Left  Speed
  0     0    0     0    0     0      0      0 --:--:-- --:--:-- --:--:--     0  0     0    0     0    0     0      0      0 --:--:-- --:--:-- --:--:--     0100   612    0   612    0     0   1736      0 --:--:-- --:--:-- --:--:--  1733
  0 65.6M    0  288k    0     0   280k      0  0:03:59  0:00:01  0:03:58  280k 29 65.6M   29 19.6M    0     0  9917k      0  0:00:06  0:00:02  0:00:04 19.3M 76 65.6M   76 49.9M    0     0  16.3M      0  0:00:04  0:00:03  0:00:01 24.5M100 65.6M  100 65.6M    0     0  18.4M      0  0:00:03  0:00:03 --:--:-- 25.8M
[36mINFO[0m[0817] Taking snapshot of full filesystem...        
LICENSE
README.md
changelog.md
**
[36mINFO[0m[0886] RUN cp /root/.bash_profile /etc/profile.d/bash_profile.sh 
[36mINFO[0m[0886] cmd: /bin/sh                                 
[36mINFO[0m[0886] args: [-c cp /root/.bash_profile /etc/profile.d/bash_profile.sh] 
[36mINFO[0m[0886] Taking snapshot of full filesystem...        
[36mINFO[0m[0886] Pushing layer gcr.io/jenkinsxio/cache:9846e38277870abf205641c2317b7d5cdca516e9b32a654a68bf3c04fc67498e to cache now 
2019/08/08 14:43:40 pushed blob: sha256:9651a83abbe40d172415715760cc6a7713652b7a5dc07096d0fbe1096b605362
2019/08/08 14:43:49 pushed blob: sha256:78ee75cb632aec5c027d816de34231a16d5dca2acc1d1856862cef3e9a42ce14
2019/08/08 14:43:50 gcr.io/jenkinsxio/cache:9846e38277870abf205641c2317b7d5cdca516e9b32a654a68bf3c04fc67498e: digest: sha256:a27274d284115d2ba8eded9d5b82fe73f140385fe941730d702297aaec6c9555 size: 429
[36mINFO[0m[1046] RUN mkdir -p /usr/src/app                    
[36mINFO[0m[1046] cmd: /bin/sh                                 
[36mINFO[0m[1046] args: [-c mkdir -p /usr/src/app]             
[36mINFO[0m[1046] Pushing layer gcr.io/jenkinsxio/cache:1f284ea14dbb18d8e9efb9ce10ef6b07895dc652ec0c45c383a21ec0c8361376 to cache now 
[36mINFO[0m[1046] Taking snapshot of full filesystem...        
2019/08/08 14:46:21 pushed blob: sha256:01f13d6588dd7ac3c9caf0263aa8048327532797ac44784dbb31f7a5748320f6
2019/08/08 14:46:21 pushed blob: sha256:8a587d3ba11b131943f598c263e767cfbddb259e1ce1e7883fccf8b33b4322fa
2019/08/08 14:46:22 gcr.io/jenkinsxio/cache:1f284ea14dbb18d8e9efb9ce10ef6b07895dc652ec0c45c383a21ec0c8361376: digest: sha256:f6c33cc2908521db993f5ede2a24c9e224ac731de5d02751916273ce21955f86 size: 424
[36mINFO[0m[1328] CMD ["conda", "--version"]                   
[36mINFO[0m[1328] No files changed in this command, skipping snapshotting. 
[36mINFO[0m[1328] Pushing layer gcr.io/jenkinsxio/cache:8e2bda94bb8131e18f703d7f17374109bc6c9694d0f97bf93ed8a2297e34e84e to cache now 
2019/08/08 14:51:03 pushed blob: sha256:42973bd5e3c87ef51e58159a6de155341a39c79f33185598da3b99e7fc3d1084
2019/08/08 14:51:03 pushed blob: sha256:6ee1c72991015af897e6599fc58297a9a9cc47f36fe93bc32e1f870998560af9
2019/08/08 14:51:04 gcr.io/jenkinsxio/cache:8e2bda94bb8131e18f703d7f17374109bc6c9694d0f97bf93ed8a2297e34e84e: digest: sha256:6e2a2aa6869c7c10c6245e78b15214b31ee280428d893075ce8756b54dbaf4ba size: 424
2019/08/08 14:51:05 existing blob: sha256:7c017636a6a609d8d318a4bebb3b6cc13feaf476f6a2ecc83d28e117314d5f6f
2019/08/08 14:51:05 existing blob: sha256:8ba884070f611d31cb2c42eddb691319dc9facf5e0ec67672fcfa135181ab3df
2019/08/08 14:51:05 existing blob: sha256:d8c575b2b52888c9ee09cee8dba37cd3b3035555769295d514229d43fbf47d8e
2019/08/08 14:51:05 existing blob: sha256:ce53723240799b4450ccf6661e55e7277a52d14666b060a129af4125a69ac70e
2019/08/08 14:51:05 existing blob: sha256:92ade984df77a2da628fb1374cdf03f767152d12cd5df74465e4bc8bb39edb58
2019/08/08 14:51:05 existing blob: sha256:065e519718393bdd264839cafc4d57eb600832a903765af6d41af5819dd4d160
2019/08/08 14:51:05 existing blob: sha256:d1f08e18f79c532c470770e5fb7824e610deebfdcfe3775f6a1ad385b65e5e95
2019/08/08 14:51:05 existing blob: sha256:7f205009ed1da43f1f35b5edc07400e345ce6c01cb46e1ae41365386e9434c45
2019/08/08 14:51:05 existing blob: sha256:05ee8f48257315be25616db5b2ef5381d577bdee423068b8408404125b64fde4
2019/08/08 14:51:05 existing blob: sha256:d773df446b2002f5750748d96b7929546effb66991006aa6fb556a70823be462
2019/08/08 14:51:05 existing blob: sha256:f49b7820967adb88e448f3c2a00267d9ea953eabbd3a81db6b7906a4920623b4
2019/08/08 14:51:05 existing blob: sha256:2cde0a33cb63aa41a1ab3fbdc3afc787a086314a625c30f7b68bc7ac02c6660e
2019/08/08 14:51:05 existing blob: sha256:6d138d81df365a45ab5fcf8e3f3da8357c45afe495207ecd09d2af0eb98505c5
2019/08/08 14:51:05 existing blob: sha256:b1587e65165c461940963893326da19b2bc15471f6191bfdd9194758cb886aa6
2019/08/08 14:51:05 existing blob: sha256:897e54f35a4b2ed07f22d316f09a9aa9ea68765f226654989a175bb51361e86e
2019/08/08 14:51:05 existing blob: sha256:f92a8369d697ee4bd7673d9254752c241eecc4a23096bbb32f3034d11811b5a1
2019/08/08 14:51:05 existing blob: sha256:e5e2dacee7b09f7927bbd054ec3859e5555a27d569da5193f4cabac285053f9b
2019/08/08 14:51:05 existing blob: sha256:8a587d3ba11b131943f598c263e767cfbddb259e1ce1e7883fccf8b33b4322fa
2019/08/08 14:51:05 existing blob: sha256:94b3b7648b5544a05178b5994d088a23b3b253f02d4aa676b986f9e7fb36a10e
2019/08/08 14:51:05 existing blob: sha256:7ec2ffb56c90d8cad824dd30eeb4abbbc7321596c47a7dca90095935c3c2b656
2019/08/08 14:51:05 existing blob: sha256:6756e87e029cdeb551ccf519eaebcf80e3441dd2bb37ed39b7c2268b4774b10b
2019/08/08 14:51:05 existing blob: sha256:5470abb626135f17b82fe46ee94962781a8aba7069a4c0b1898182daa4f429e3
2019/08/08 14:51:05 existing blob: sha256:6ee1c72991015af897e6599fc58297a9a9cc47f36fe93bc32e1f870998560af9
2019/08/08 14:51:05 existing blob: sha256:429b38434357f169ce8a79a4bb39ca386ccf658ae7482b6ff602a86e6191960e
2019/08/08 14:51:05 existing blob: sha256:a8354d42e6911ab8001edfffa1934a1a9b357d1541f5cecc792b9a4172d76f46
2019/08/08 14:51:05 existing blob: sha256:b6fba42ef133eece995deb10c314cf8baa51ec1bd7dbea9ab259a5d79dcdfda1
2019/08/08 14:51:05 existing blob: sha256:78ee75cb632aec5c027d816de34231a16d5dca2acc1d1856862cef3e9a42ce14
2019/08/08 14:51:05 existing blob: sha256:bee0a13648017886c5915ce5dec608f24dbea7b8a1e044c8fb2105ceea408afa
2019/08/08 14:51:05 existing blob: sha256:b1c1d1dc3c9b9ab62839f55f0b0da8856c9afa9d6fd1df987a48f582cc28183c
2019/08/08 14:51:05 existing blob: sha256:5069d699406c01c82af4f4e6147348dc551cb5d39e0d20dd1750bdce5b49c585
2019/08/08 14:51:05 existing blob: sha256:f25494c611ea091e11b157eb61a293f87abd08ed88d620a7c339749a5df70962
2019/08/08 14:51:05 existing blob: sha256:beeb2bddff350965322c530827ce314058a5af7f4f628d9ef9c97dd73e48d016
2019/08/08 14:51:05 existing blob: sha256:f9443307d73a890bbffbe23bbf8ce9a8e5e6d99b3a206bbd1959c80ea2cea61f
2019/08/08 14:51:07 pushed blob: sha256:eaaeeddefe920210724884ff62d7806dfb0d17611bc24c7b41590d3af9fd69cb
2019/08/08 14:51:09 pushed blob: sha256:b9010949d59c4ffa4aaf81cd2964752ae06517246516bd93276467152d8570ae
2019/08/08 14:56:18 pushed blob: sha256:203feed8e65795d401f89e41b16966512f6a751757d90ec5f4582ee330379ae0
2019/08/08 14:56:19 gcr.io/jenkinsxio/builder-machine-learning:0.0.0-SNAPSHOT-PR-35-55: digest: sha256:2fa01140a0fd7e05abfbb2a4cd50dc7dc8f540283319168b3e4f30fe32e4f468 size: 6009
