Step: build-step-credential-initializer-8vssz:

{"level":"warn","ts":1565282072.7508945,"logger":"fallback-logger","caller":"logging/config.go:65","msg":"Fetch GitHub commit ID from kodata failed: \"ref: refs/heads/master\" is not a valid GitHub commit ID"}
{"level":"info","ts":1565282072.7516077,"logger":"fallback-logger","caller":"creds-init/main.go:40","msg":"Credentials initialized."}
Step: build-step-working-dir-initializer-6zr2v:

{"level":"warn","ts":1565282073.5115168,"logger":"fallback-logger","caller":"logging/config.go:65","msg":"Fetch GitHub commit ID from kodata failed: open /var/run/ko/HEAD: no such file or directory"}
{"level":"info","ts":1565282073.513213,"logger":"fallback-logger","caller":"bash/main.go:65","msg":"Successfully executed command \"mkdir -p /workspace/source\""}
Step: build-step-place-tools:

Step: build-step-git-source-jenkins-x-jenkins-x-builders-ml-vmqcs:

{"level":"warn","ts":1565282075.6958954,"logger":"fallback-logger","caller":"logging/config.go:65","msg":"Fetch GitHub commit ID from kodata failed: \"ref: refs/heads/master\" is not a valid GitHub commit ID"}
{"level":"info","ts":1565282076.881066,"logger":"fallback-logger","caller":"git/git.go:102","msg":"Successfully cloned https://github.com/jenkins-x/jenkins-x-builders-ml @ a68327554bea572cae70ce14b3d865dec2fa7eba in path /workspace/source"}
Step: build-step-git-merge:

Warning failed to load version: failed to parse version -dev+9e73adc0b: No Major.Minor.Patch elements found
time="2019-08-08T16:34:38Z" level=info msg="got "
Using SHAs from PULL_REFS=master:6b430d3aea60366db1f010b0f663ccd80797929b,36:a68327554bea572cae70ce14b3d865dec2fa7eba
ran git fetch --unshallow origin a68327554bea572cae70ce14b3d865dec2fa7eba: 6b430d3aea60366db1f010b0f663ccd80797929b: in 
ran git checkout master in 
ran git reset --hard 6b430d3aea60366db1f010b0f663ccd80797929b in 
ran clean --force -d . in 
ran git merge a68327554bea572cae70ce14b3d865dec2fa7eba in 
Step: build-step-step2:

/builder/home/kaniko-secret.json
Step: build-step-warm-cache:

Step: build-step-build-and-push-machine-learning-gpu:

[36mINFO[0m[0009] Resolved base name gcr.io/jenkinsxio/builder-base:0.0.44 to gcr.io/jenkinsxio/builder-base:0.0.44 
[36mINFO[0m[0009] Resolved base name gcr.io/jenkinsxio/builder-base:0.0.44 to gcr.io/jenkinsxio/builder-base:0.0.44 
[36mINFO[0m[0009] Downloading base image gcr.io/jenkinsxio/builder-base:0.0.44 
[36mINFO[0m[0009] Found sha256:f889e888c351a595832da82ebbc375d22984bab79073185de16affdfcef40f73 in local cache 
[36mINFO[0m[0009] Found manifest at /workspace/sha256:f889e888c351a595832da82ebbc375d22984bab79073185de16affdfcef40f73.json 
[36mINFO[0m[0009] Built cross stage deps: map[]                
[36mINFO[0m[0009] Downloading base image gcr.io/jenkinsxio/builder-base:0.0.44 
[36mINFO[0m[0009] Found sha256:f889e888c351a595832da82ebbc375d22984bab79073185de16affdfcef40f73 in local cache 
[36mINFO[0m[0009] Found manifest at /workspace/sha256:f889e888c351a595832da82ebbc375d22984bab79073185de16affdfcef40f73.json 
[36mINFO[0m[0009] Checking for cached layer gcr.io/jenkinsxio/cache:6a0116863371be36736d34925436e37a721fa8fe4a752a37b11090fb7f0ca814... 
[36mINFO[0m[0010] Using caching version of cmd: RUN echo $'[cudarepo]\nname=Cuda Repository\nbaseurl=https://developer.download.nvidia.com/compute/cuda/repos/rhel7/x86_64/\nenabled=1\ngpgcheck=1\ngpgkey=https://developer.download.nvidia.com/compute/cuda/repos/rhel7/x86_64/7fa2af80.pub\n'>/etc/yum.repos.d/cuda.repo 
[36mINFO[0m[0010] Checking for cached layer gcr.io/jenkinsxio/cache:d6d32630cde1ce3a77596fc0f691996baec9dc9cc56ff425c1979735d6da40b2... 
[36mINFO[0m[0011] Using caching version of cmd: RUN yum clean all && yum -y install cuda-toolkit-10-0 
[36mINFO[0m[0011] Checking for cached layer gcr.io/jenkinsxio/cache:15ecac086f2347de73a77d62ea65381bf1e8ec6a41b6b82d622aef4d89010195... 
[36mINFO[0m[0011] Using caching version of cmd: RUN echo "/usr/local/nvidia/lib" >> /etc/ld.so.conf.d/nvidia.conf &&     echo "/usr/local/nvidia/lib64" >> /etc/ld.so.conf.d/nvidia.conf 
[36mINFO[0m[0011] Checking for cached layer gcr.io/jenkinsxio/cache:e02bb2189d3f6d65cf55c7b58cf3a77235be55cb2d86476df5eaf82d232b7400... 
[36mINFO[0m[0012] Using caching version of cmd: RUN curl -fLo anaconda.sh https://repo.anaconda.com/archive/Anaconda${ANACONDAVERSION}-Linux-x86_64.sh && sh ./anaconda.sh -b && eval "$(/root/anaconda3/bin/conda shell.bash hook)" && conda init && conda install -c conda-forge -c pytorch onnx=1.5.0 flake8=3.7.7 hypothesis=4.10.0 pytorch=1.1.0 -y && rm anaconda.sh 
[36mINFO[0m[0012] Checking for cached layer gcr.io/jenkinsxio/cache:90b2923a5a781e59103ef27cbf1e26720defc8d0a4dd1291aa8b50d7516e2156... 
[36mINFO[0m[0012] Using caching version of cmd: RUN mkdir git-lfs && curl "https://api.github.com/repos/git-lfs/git-lfs/releases/latest" |     grep '"tag_name":' |     sed -E 's/.*"([^"]+)".*/\1/' |     xargs -I {} curl -fL 'https://github.com/git-lfs/git-lfs/releases/download/'{}'/git-lfs-linux-amd64-'{}'.tar.gz' | tar xzvC git-lfs && git-lfs/install.sh && rm -rf git-lfs 
[36mINFO[0m[0012] Checking for cached layer gcr.io/jenkinsxio/cache:088edb613d4784c36aaaee12fc4c8805058b5b2b760177a14b988d384ff00c92... 
[36mINFO[0m[0013] No cached layer found for cmd RUN curl -f -L https://github.com/jenkins-x/**/releases/download/v${JX_VERSION}/**-linux-amd64.tar.gz | tar xzv &&   mv ** /usr/bin/ 
[36mINFO[0m[0013] Unpacking rootfs as cmd RUN curl -f -L https://github.com/jenkins-x/**/releases/download/v${JX_VERSION}/**-linux-amd64.tar.gz | tar xzv &&   mv ** /usr/bin/ requires it. 
[36mINFO[0m[0080] Taking snapshot of full filesystem...        
[36mINFO[0m[0170] RUN echo $'[cudarepo]\nname=Cuda Repository\nbaseurl=https://developer.download.nvidia.com/compute/cuda/repos/rhel7/x86_64/\nenabled=1\ngpgcheck=1\ngpgkey=https://developer.download.nvidia.com/compute/cuda/repos/rhel7/x86_64/7fa2af80.pub\n'>/etc/yum.repos.d/cuda.repo 
[36mINFO[0m[0170] Found cached layer, extracting to filesystem 
[36mINFO[0m[0170] Taking snapshot of files...                  
[36mINFO[0m[0170] RUN yum clean all && yum -y install cuda-toolkit-10-0 
[36mINFO[0m[0170] Found cached layer, extracting to filesystem 
[36mINFO[0m[0247] Taking snapshot of files...                  
[36mINFO[0m[0337] RUN echo "/usr/local/nvidia/lib" >> /etc/ld.so.conf.d/nvidia.conf &&     echo "/usr/local/nvidia/lib64" >> /etc/ld.so.conf.d/nvidia.conf 
[36mINFO[0m[0337] Found cached layer, extracting to filesystem 
[36mINFO[0m[0337] Taking snapshot of files...                  
[36mINFO[0m[0337] ENV PATH /usr/local/nvidia/bin:/usr/local/cuda/bin:${PATH} 
[36mINFO[0m[0337] No files changed in this command, skipping snapshotting. 
[36mINFO[0m[0337] ENV LD_LIBRARY_PATH /usr/local/nvidia/lib:/usr/local/nvidia/lib64 
[36mINFO[0m[0337] No files changed in this command, skipping snapshotting. 
[36mINFO[0m[0337] ENV NVIDIA_VISIBLE_DEVICES all               
[36mINFO[0m[0337] No files changed in this command, skipping snapshotting. 
[36mINFO[0m[0337] ENV NVIDIA_DRIVER_CAPABILITIES compute,utility 
[36mINFO[0m[0337] No files changed in this command, skipping snapshotting. 
[36mINFO[0m[0337] ENV NVIDIA_REQUIRE_CUDA "cuda>=10.0 brand=tesla,driver>=384,driver<385 brand=tesla,driver>=410,driver<411" 
[36mINFO[0m[0337] No files changed in this command, skipping snapshotting. 
[36mINFO[0m[0337] ENV ANACONDAVERSION 3-2019.03                
[36mINFO[0m[0337] No files changed in this command, skipping snapshotting. 
[36mINFO[0m[0337] RUN curl -fLo anaconda.sh https://repo.anaconda.com/archive/Anaconda${ANACONDAVERSION}-Linux-x86_64.sh && sh ./anaconda.sh -b && eval "$(/root/anaconda3/bin/conda shell.bash hook)" && conda init && conda install -c conda-forge -c pytorch onnx=1.5.0 flake8=3.7.7 hypothesis=4.10.0 pytorch=1.1.0 -y && rm anaconda.sh 
[36mINFO[0m[0337] Found cached layer, extracting to filesystem 
[36mINFO[0m[0682] Taking snapshot of files...                  
[36mINFO[0m[0881] RUN mkdir git-lfs && curl "https://api.github.com/repos/git-lfs/git-lfs/releases/latest" |     grep '"tag_name":' |     sed -E 's/.*"([^"]+)".*/\1/' |     xargs -I {} curl -fL 'https://github.com/git-lfs/git-lfs/releases/download/'{}'/git-lfs-linux-amd64-'{}'.tar.gz' | tar xzvC git-lfs && git-lfs/install.sh && rm -rf git-lfs 
[36mINFO[0m[0881] Found cached layer, extracting to filesystem 
[36mINFO[0m[0882] Taking snapshot of files...                  
[36mINFO[0m[0882] ENV JX_VERSION 2.0.573                       
[36mINFO[0m[0882] No files changed in this command, skipping snapshotting. 
[36mINFO[0m[0882] RUN curl -f -L https://github.com/jenkins-x/**/releases/download/v${JX_VERSION}/**-linux-amd64.tar.gz | tar xzv &&   mv ** /usr/bin/ 
[36mINFO[0m[0882] cmd: /bin/sh                                 
[36mINFO[0m[0882] args: [-c curl -f -L https://github.com/jenkins-x/**/releases/download/v${JX_VERSION}/**-linux-amd64.tar.gz | tar xzv &&   mv ** /usr/bin/] 
  % Total    % Received % Xferd  Average Speed   Time    Time     Time  Current
                                 Dload  Upload   Total   Spent    Left  Speed
  0     0    0     0    0     0      0      0 --:--:-- --:--:-- --:--:--     0100   612    0   612    0     0   1796      0 --:--:-- --:--:-- --:--:--  1800
LICENSE
README.md
changelog.md
**
  0 65.6M    0 16967    0     0  21235      0  0:54:00 --:--:--  0:54:00 21235 21 65.6M   21 13.9M    0     0  8187k      0  0:00:08  0:00:01  0:00:07 14.7M 59 65.6M   59 39.0M    0     0  14.0M      0  0:00:04  0:00:02  0:00:02 19.7M 99 65.6M   99 65.5M    0     0  17.4M      0  0:00:03  0:00:03 --:--:-- 22.2M100 65.6M  100 65.6M    0     0  17.4M      0  0:00:03  0:00:03 --:--:-- 22.1M
[36mINFO[0m[0886] Taking snapshot of full filesystem...        
[36mINFO[0m[0889] Adding whiteout for /var/cache/yum/x86_64/7/base/gen/filelists_db.sqlite 
[36mINFO[0m[0889] Adding whiteout for /var/cache/yum/x86_64/7/epel/5bcd966a5e87d03e75963c79096fb0e5d5ad89a705a9f220c998fea556d32255-updateinfo.xml.bz2 
[36mINFO[0m[0889] Adding whiteout for /var/cache/yum/x86_64/7/epel/67524caa6631e887a5ec38e3facaaa685101876958e16bcb69c6e7a5f77aa607-primary.sqlite.bz2 
[36mINFO[0m[0889] Adding whiteout for /var/cache/yum/x86_64/7/updates/gen/filelists_db.sqlite 
[36mINFO[0m[0889] Adding whiteout for /var/cache/yum/x86_64/7/epel/d2d16b74b98b26292868d49413181da81c791150ce460be98bcf0628f3005bc7-updateinfo.xml.bz2 
[36mINFO[0m[0889] Adding whiteout for /var/cache/yum/x86_64/7/epel/gen/comps.xml 
[36mINFO[0m[0889] Adding whiteout for /var/cache/yum/x86_64/7/base/gen/comps.xml 
[36mINFO[0m[0889] Adding whiteout for /var/cache/yum/x86_64/7/updates/c317d43ffabba63436dd2fd246cd83fb0fef9cce712f8b67ef371e29e81aef4a-primary.sqlite.bz2 
[36mINFO[0m[0889] Adding whiteout for /var/cache/yum/x86_64/7/updates/7303cbcc9806f8d266e12f27067a972b40e736f13800129e79d035fdd8883df6-primary.sqlite.bz2 
[36mINFO[0m[0889] Adding whiteout for /var/cache/yum/x86_64/7/base/a0ec5a4708a1026db100d4799c404c9ed48a9371a4bab234a1355f86628a244a-filelists.sqlite.bz2 
[36mINFO[0m[0889] Adding whiteout for /var/cache/yum/x86_64/7/epel/90a58610660455abd8f6aa587347a572e9ebc7bf949fd777fd9358d3d7c0b481-primary.sqlite.bz2 
[36mINFO[0m[0889] Adding whiteout for /var/cache/yum/x86_64/7/updates/2c2cf8e196fcaafe88087e86175911120578086d4648cb8260fbffc9326e2bcb-filelists.sqlite.bz2 
[36mINFO[0m[0964] RUN cp /root/.bash_profile /etc/profile.d/bash_profile.sh 
[36mINFO[0m[0964] cmd: /bin/sh                                 
[36mINFO[0m[0964] args: [-c cp /root/.bash_profile /etc/profile.d/bash_profile.sh] 
[36mINFO[0m[0964] Taking snapshot of full filesystem...        
[36mINFO[0m[0964] Pushing layer gcr.io/jenkinsxio/cache:088edb613d4784c36aaaee12fc4c8805058b5b2b760177a14b988d384ff00c92 to cache now 
2019/08/08 16:51:15 pushed blob: sha256:998c61af04e50263121649cc433e534fb69617a4ed07faf7406b924a11ddbcf1
2019/08/08 16:51:24 pushed blob: sha256:a0e9612a75883d0a51213ed29c129e81cc9072f9c1f292c15c294e7b3e05eab7
2019/08/08 16:51:25 gcr.io/jenkinsxio/cache:088edb613d4784c36aaaee12fc4c8805058b5b2b760177a14b988d384ff00c92: digest: sha256:c45c39035b441498e31716ce5b2de5bb3ae8f22b3710da67ddba0b2498d19144 size: 429
[36mINFO[0m[1036] Pushing layer gcr.io/jenkinsxio/cache:01ac2b6ea91259e7420ce54e9ecc36e270e17805d2f8b6fbdb5115f9fd46dbdc to cache now 
[36mINFO[0m[1036] RUN mkdir -p /usr/src/app                    
[36mINFO[0m[1036] cmd: /bin/sh                                 
[36mINFO[0m[1036] args: [-c mkdir -p /usr/src/app]             
[36mINFO[0m[1036] Taking snapshot of full filesystem...        
2019/08/08 16:52:27 pushed blob: sha256:183374337d446eda6756e93f4fbe0506c303989950b4a150e9c11068a1d019b5
2019/08/08 16:52:27 pushed blob: sha256:99c3924764729ede61ec906e76218e36634360baf31f9867003a57f3c74c7e33
2019/08/08 16:52:28 gcr.io/jenkinsxio/cache:01ac2b6ea91259e7420ce54e9ecc36e270e17805d2f8b6fbdb5115f9fd46dbdc: digest: sha256:1dd4fa08e44cc57599f41e37000f71d626204fba234434d555c805fbf7bfbc25 size: 424
[36mINFO[0m[1106] RUN rm /etc/profile.d/bash_profile.sh        
[36mINFO[0m[1106] cmd: /bin/sh                                 
[36mINFO[0m[1106] args: [-c rm /etc/profile.d/bash_profile.sh] 
[36mINFO[0m[1106] Pushing layer gcr.io/jenkinsxio/cache:bc97072494e62b87e13264c89dff4a9fd396cebb5bf0bf44f3e635587f13e5e5 to cache now 
[36mINFO[0m[1106] Taking snapshot of full filesystem...        
[36mINFO[0m[1108] Adding whiteout for /etc/profile.d/bash_profile.sh 
2019/08/08 16:53:37 pushed blob: sha256:b785603dcf4c85bdafe841a9cdc188057624b1bd4cf16104099f2ae0ff30debb
2019/08/08 16:53:38 pushed blob: sha256:b42dfffba186de0d32b6465725710c47f7e6c6a0a162a3ee5e70322404a10100
2019/08/08 16:53:39 gcr.io/jenkinsxio/cache:bc97072494e62b87e13264c89dff4a9fd396cebb5bf0bf44f3e635587f13e5e5: digest: sha256:0599166a67808147153ec37677ccc2bde4c05a6702967609dcfb826b816c2114 size: 424
[36mINFO[0m[1177] CMD ["conda", "--version"]                   
[36mINFO[0m[1177] Pushing layer gcr.io/jenkinsxio/cache:05429ec80a1af42f9e3a79aaabe534589ff43ed274cd196748dadca554e0301e to cache now 
[36mINFO[0m[1177] No files changed in this command, skipping snapshotting. 
2019/08/08 16:54:48 pushed blob: sha256:52ddeca4e8aad1f9452172068efd7abce3ec9389f9ee4450355f9c0867a7b066
2019/08/08 16:54:48 pushed blob: sha256:663fface3ffe96ec30e190fcb10018e8df2ab0054ebac1eb55b5be82e2b20005
2019/08/08 16:54:49 gcr.io/jenkinsxio/cache:05429ec80a1af42f9e3a79aaabe534589ff43ed274cd196748dadca554e0301e: digest: sha256:ea47d0469c7efd1c3167b7858aa8eb975d4a239ccfd5f6640b0bf7d1c96d977b size: 424
2019/08/08 16:54:50 existing blob: sha256:7c017636a6a609d8d318a4bebb3b6cc13feaf476f6a2ecc83d28e117314d5f6f
2019/08/08 16:54:50 existing blob: sha256:8ba884070f611d31cb2c42eddb691319dc9facf5e0ec67672fcfa135181ab3df
2019/08/08 16:54:50 existing blob: sha256:065e519718393bdd264839cafc4d57eb600832a903765af6d41af5819dd4d160
2019/08/08 16:54:50 existing blob: sha256:bee0a13648017886c5915ce5dec608f24dbea7b8a1e044c8fb2105ceea408afa
2019/08/08 16:54:50 existing blob: sha256:52ddeca4e8aad1f9452172068efd7abce3ec9389f9ee4450355f9c0867a7b066
2019/08/08 16:54:50 existing blob: sha256:b1587e65165c461940963893326da19b2bc15471f6191bfdd9194758cb886aa6
2019/08/08 16:54:50 existing blob: sha256:f49b7820967adb88e448f3c2a00267d9ea953eabbd3a81db6b7906a4920623b4
2019/08/08 16:54:50 existing blob: sha256:f9443307d73a890bbffbe23bbf8ce9a8e5e6d99b3a206bbd1959c80ea2cea61f
2019/08/08 16:54:50 existing blob: sha256:ce53723240799b4450ccf6661e55e7277a52d14666b060a129af4125a69ac70e
2019/08/08 16:54:50 existing blob: sha256:b42dfffba186de0d32b6465725710c47f7e6c6a0a162a3ee5e70322404a10100
2019/08/08 16:54:50 existing blob: sha256:a0e9612a75883d0a51213ed29c129e81cc9072f9c1f292c15c294e7b3e05eab7
2019/08/08 16:54:50 existing blob: sha256:beeb2bddff350965322c530827ce314058a5af7f4f628d9ef9c97dd73e48d016
2019/08/08 16:54:50 existing blob: sha256:6d138d81df365a45ab5fcf8e3f3da8357c45afe495207ecd09d2af0eb98505c5
2019/08/08 16:54:50 existing blob: sha256:6756e87e029cdeb551ccf519eaebcf80e3441dd2bb37ed39b7c2268b4774b10b
2019/08/08 16:54:50 existing blob: sha256:f25494c611ea091e11b157eb61a293f87abd08ed88d620a7c339749a5df70962
2019/08/08 16:54:50 existing blob: sha256:897e54f35a4b2ed07f22d316f09a9aa9ea68765f226654989a175bb51361e86e
2019/08/08 16:54:50 existing blob: sha256:d1f08e18f79c532c470770e5fb7824e610deebfdcfe3775f6a1ad385b65e5e95
2019/08/08 16:54:50 existing blob: sha256:d773df446b2002f5750748d96b7929546effb66991006aa6fb556a70823be462
2019/08/08 16:54:50 existing blob: sha256:05ee8f48257315be25616db5b2ef5381d577bdee423068b8408404125b64fde4
2019/08/08 16:54:50 existing blob: sha256:f92a8369d697ee4bd7673d9254752c241eecc4a23096bbb32f3034d11811b5a1
2019/08/08 16:54:50 existing blob: sha256:5470abb626135f17b82fe46ee94962781a8aba7069a4c0b1898182daa4f429e3
2019/08/08 16:54:50 existing blob: sha256:d8c575b2b52888c9ee09cee8dba37cd3b3035555769295d514229d43fbf47d8e
2019/08/08 16:54:50 existing blob: sha256:5069d699406c01c82af4f4e6147348dc551cb5d39e0d20dd1750bdce5b49c585
2019/08/08 16:54:50 existing blob: sha256:429b38434357f169ce8a79a4bb39ca386ccf658ae7482b6ff602a86e6191960e
2019/08/08 16:54:50 existing blob: sha256:7ec2ffb56c90d8cad824dd30eeb4abbbc7321596c47a7dca90095935c3c2b656
2019/08/08 16:54:50 existing blob: sha256:99c3924764729ede61ec906e76218e36634360baf31f9867003a57f3c74c7e33
2019/08/08 16:54:50 existing blob: sha256:2cde0a33cb63aa41a1ab3fbdc3afc787a086314a625c30f7b68bc7ac02c6660e
2019/08/08 16:54:50 existing blob: sha256:a8354d42e6911ab8001edfffa1934a1a9b357d1541f5cecc792b9a4172d76f46
2019/08/08 16:54:50 existing blob: sha256:e5e2dacee7b09f7927bbd054ec3859e5555a27d569da5193f4cabac285053f9b
2019/08/08 16:54:50 existing blob: sha256:7f205009ed1da43f1f35b5edc07400e345ce6c01cb46e1ae41365386e9434c45
2019/08/08 16:54:50 existing blob: sha256:94b3b7648b5544a05178b5994d088a23b3b253f02d4aa676b986f9e7fb36a10e
2019/08/08 16:54:50 existing blob: sha256:92ade984df77a2da628fb1374cdf03f767152d12cd5df74465e4bc8bb39edb58
2019/08/08 16:54:50 existing blob: sha256:b6fba42ef133eece995deb10c314cf8baa51ec1bd7dbea9ab259a5d79dcdfda1
2019/08/08 16:54:50 existing blob: sha256:b1c1d1dc3c9b9ab62839f55f0b0da8856c9afa9d6fd1df987a48f582cc28183c
2019/08/08 16:54:53 pushed blob: sha256:6177ead4abf7f036f2b1ceae1289558505ffd1602b759dc07c793efa779cd0dc
2019/08/08 16:54:53 pushed blob: sha256:b256c46c850e43fc7c405c86ed2f72c9a63981118553d94feb37d630e2396bf1
2019/08/08 16:54:53 pushed blob: sha256:bb5ab9b1c6dab334664d3c9819b052979497b1f25bd30bb35018fc7e0c82b0ed
2019/08/08 16:54:55 pushed blob: sha256:44b35ccff2b41dfba28a54a8255bc66f7604405f3fdc0cdbf5fa088d9cd995cc
2019/08/08 16:59:30 pushed blob: sha256:b5636ca347fa2cb6bc45d7b30136f37c2fdbd243f7ac92d658da88a548f938da
2019/08/08 17:02:12 pushed blob: sha256:ad4fc247341facc7ccb8faf9b020be12a15c53f193489fc836650c8c17a801a3
2019/08/08 17:02:13 gcr.io/jenkinsxio/builder-machine-learning-gpu:0.0.0-SNAPSHOT-PR-36-1: digest: sha256:6785451877359dbe049e2e0af22edc4eba09d9ea8babc224fdcc255bd09146a7 size: 6656
