Step: build-step-credential-initializer-l5ts4:

Unable to retrieve container logs for docker://2d2b2618c196741fa373e23b7a093206cf4db2bc706b26060e541f0941672803
Step: build-step-working-dir-initializer-mblq6:

Unable to retrieve container logs for docker://c6bdfbb298e71773d7c032451e113f5d595e539454fddb7b8423451fb6bd1e19
Step: build-step-place-tools:

Unable to retrieve container logs for docker://558ae101772c3106655ea59632acee38327ce9df8916796b0444aeb0bd991811
Step: build-step-git-source-jenkins-x-jenkins-x-builders-ml-ttqzc:

{"level":"warn","ts":1565210835.7323208,"logger":"fallback-logger","caller":"logging/config.go:65","msg":"Fetch GitHub commit ID from kodata failed: \"ref: refs/heads/master\" is not a valid GitHub commit ID"}
{"level":"info","ts":1565210837.4295866,"logger":"fallback-logger","caller":"git/git.go:102","msg":"Successfully cloned https://github.com/jenkins-x/jenkins-x-builders-ml @ 5adbb4b9f252194f6020b660b84df1e8f8f3d8b0 in path /workspace/source"}
Step: build-step-git-merge:

Warning failed to load version: failed to parse version -dev+9e73adc0b: No Major.Minor.Patch elements found
time="2019-08-07T20:47:21Z" level=info msg="got "
Using SHAs from PULL_REFS=master:740e32efda5469f7d602d3000f54c3f550e2be97,33:5adbb4b9f252194f6020b660b84df1e8f8f3d8b0
ran git fetch --unshallow origin 5adbb4b9f252194f6020b660b84df1e8f8f3d8b0: 740e32efda5469f7d602d3000f54c3f550e2be97: in 
ran git checkout master in 
ran git reset --hard 740e32efda5469f7d602d3000f54c3f550e2be97 in 
ran clean --force -d . in 
ran git merge 5adbb4b9f252194f6020b660b84df1e8f8f3d8b0 in 
Step: build-step-step2:

/builder/home/kaniko-secret.json
Step: build-step-warm-cache:

Step: build-step-build-and-push-machine-learning-gpu:

[36mINFO[0m[0000] Resolved base name gcr.io/jenkinsxio/builder-base:0.0.44 to gcr.io/jenkinsxio/builder-base:0.0.44 
[36mINFO[0m[0000] Resolved base name gcr.io/jenkinsxio/builder-base:0.0.44 to gcr.io/jenkinsxio/builder-base:0.0.44 
[36mINFO[0m[0000] Downloading base image gcr.io/jenkinsxio/builder-base:0.0.44 
[36mINFO[0m[0000] Found sha256:f889e888c351a595832da82ebbc375d22984bab79073185de16affdfcef40f73 in local cache 
[36mINFO[0m[0000] Found manifest at /workspace/sha256:f889e888c351a595832da82ebbc375d22984bab79073185de16affdfcef40f73.json 
[36mINFO[0m[0000] Built cross stage deps: map[]                
[36mINFO[0m[0000] Downloading base image gcr.io/jenkinsxio/builder-base:0.0.44 
[36mINFO[0m[0001] Found sha256:f889e888c351a595832da82ebbc375d22984bab79073185de16affdfcef40f73 in local cache 
[36mINFO[0m[0001] Found manifest at /workspace/sha256:f889e888c351a595832da82ebbc375d22984bab79073185de16affdfcef40f73.json 
[36mINFO[0m[0001] Checking for cached layer gcr.io/jenkinsxio/cache:6a0116863371be36736d34925436e37a721fa8fe4a752a37b11090fb7f0ca814... 
[36mINFO[0m[0001] Using caching version of cmd: RUN echo $'[cudarepo]\nname=Cuda Repository\nbaseurl=https://developer.download.nvidia.com/compute/cuda/repos/rhel7/x86_64/\nenabled=1\ngpgcheck=1\ngpgkey=https://developer.download.nvidia.com/compute/cuda/repos/rhel7/x86_64/7fa2af80.pub\n'>/etc/yum.repos.d/cuda.repo 
[36mINFO[0m[0001] Checking for cached layer gcr.io/jenkinsxio/cache:d6d32630cde1ce3a77596fc0f691996baec9dc9cc56ff425c1979735d6da40b2... 
[36mINFO[0m[0002] Using caching version of cmd: RUN yum clean all && yum -y install cuda-toolkit-10-0 
[36mINFO[0m[0002] Checking for cached layer gcr.io/jenkinsxio/cache:15ecac086f2347de73a77d62ea65381bf1e8ec6a41b6b82d622aef4d89010195... 
[36mINFO[0m[0003] Using caching version of cmd: RUN echo "/usr/local/nvidia/lib" >> /etc/ld.so.conf.d/nvidia.conf &&     echo "/usr/local/nvidia/lib64" >> /etc/ld.so.conf.d/nvidia.conf 
[36mINFO[0m[0003] Checking for cached layer gcr.io/jenkinsxio/cache:e02bb2189d3f6d65cf55c7b58cf3a77235be55cb2d86476df5eaf82d232b7400... 
[36mINFO[0m[0003] Using caching version of cmd: RUN curl -fLo anaconda.sh https://repo.anaconda.com/archive/Anaconda${ANACONDAVERSION}-Linux-x86_64.sh && sh ./anaconda.sh -b && eval "$(/root/anaconda3/bin/conda shell.bash hook)" && conda init && conda install -c conda-forge -c pytorch onnx=1.5.0 flake8=3.7.7 hypothesis=4.10.0 pytorch=1.1.0 -y && rm anaconda.sh 
[36mINFO[0m[0003] Checking for cached layer gcr.io/jenkinsxio/cache:90b2923a5a781e59103ef27cbf1e26720defc8d0a4dd1291aa8b50d7516e2156... 
[36mINFO[0m[0004] Using caching version of cmd: RUN mkdir git-lfs && curl "https://api.github.com/repos/git-lfs/git-lfs/releases/latest" |     grep '"tag_name":' |     sed -E 's/.*"([^"]+)".*/\1/' |     xargs -I {} curl -fL 'https://github.com/git-lfs/git-lfs/releases/download/'{}'/git-lfs-linux-amd64-'{}'.tar.gz' | tar xzvC git-lfs && git-lfs/install.sh && rm -rf git-lfs 
[36mINFO[0m[0004] Checking for cached layer gcr.io/jenkinsxio/cache:3c7e0f30cb4cdf191e5047369d6207ed970390794bffc1adb53395582f46676c... 
[36mINFO[0m[0004] No cached layer found for cmd RUN curl -f -L https://github.com/jenkins-x/**/releases/download/v${JX_VERSION}/**-linux-amd64.tar.gz | tar xzv &&   mv ** /usr/bin/ 
[36mINFO[0m[0004] Unpacking rootfs as cmd RUN curl -f -L https://github.com/jenkins-x/**/releases/download/v${JX_VERSION}/**-linux-amd64.tar.gz | tar xzv &&   mv ** /usr/bin/ requires it. 
[36mINFO[0m[0072] Taking snapshot of full filesystem...        
[36mINFO[0m[0113] RUN echo $'[cudarepo]\nname=Cuda Repository\nbaseurl=https://developer.download.nvidia.com/compute/cuda/repos/rhel7/x86_64/\nenabled=1\ngpgcheck=1\ngpgkey=https://developer.download.nvidia.com/compute/cuda/repos/rhel7/x86_64/7fa2af80.pub\n'>/etc/yum.repos.d/cuda.repo 
[36mINFO[0m[0113] Found cached layer, extracting to filesystem 
[36mINFO[0m[0114] Taking snapshot of files...                  
[36mINFO[0m[0114] RUN yum clean all && yum -y install cuda-toolkit-10-0 
[36mINFO[0m[0114] Found cached layer, extracting to filesystem 
[36mINFO[0m[0188] Taking snapshot of files...                  
[36mINFO[0m[0278] RUN echo "/usr/local/nvidia/lib" >> /etc/ld.so.conf.d/nvidia.conf &&     echo "/usr/local/nvidia/lib64" >> /etc/ld.so.conf.d/nvidia.conf 
[36mINFO[0m[0278] Found cached layer, extracting to filesystem 
[36mINFO[0m[0278] Taking snapshot of files...                  
[36mINFO[0m[0278] ENV PATH /usr/local/nvidia/bin:/usr/local/cuda/bin:${PATH} 
[36mINFO[0m[0278] No files changed in this command, skipping snapshotting. 
[36mINFO[0m[0278] ENV LD_LIBRARY_PATH /usr/local/nvidia/lib:/usr/local/nvidia/lib64 
[36mINFO[0m[0278] No files changed in this command, skipping snapshotting. 
[36mINFO[0m[0278] ENV NVIDIA_VISIBLE_DEVICES all               
[36mINFO[0m[0278] No files changed in this command, skipping snapshotting. 
[36mINFO[0m[0278] ENV NVIDIA_DRIVER_CAPABILITIES compute,utility 
[36mINFO[0m[0278] No files changed in this command, skipping snapshotting. 
[36mINFO[0m[0278] ENV NVIDIA_REQUIRE_CUDA "cuda>=10.0 brand=tesla,driver>=384,driver<385 brand=tesla,driver>=410,driver<411" 
[36mINFO[0m[0278] No files changed in this command, skipping snapshotting. 
[36mINFO[0m[0278] ENV ANACONDAVERSION 3-2019.03                
[36mINFO[0m[0278] No files changed in this command, skipping snapshotting. 
[36mINFO[0m[0278] RUN curl -fLo anaconda.sh https://repo.anaconda.com/archive/Anaconda${ANACONDAVERSION}-Linux-x86_64.sh && sh ./anaconda.sh -b && eval "$(/root/anaconda3/bin/conda shell.bash hook)" && conda init && conda install -c conda-forge -c pytorch onnx=1.5.0 flake8=3.7.7 hypothesis=4.10.0 pytorch=1.1.0 -y && rm anaconda.sh 
[36mINFO[0m[0278] Found cached layer, extracting to filesystem 
[36mINFO[0m[0475] Taking snapshot of files...                  
[36mINFO[0m[0669] RUN mkdir git-lfs && curl "https://api.github.com/repos/git-lfs/git-lfs/releases/latest" |     grep '"tag_name":' |     sed -E 's/.*"([^"]+)".*/\1/' |     xargs -I {} curl -fL 'https://github.com/git-lfs/git-lfs/releases/download/'{}'/git-lfs-linux-amd64-'{}'.tar.gz' | tar xzvC git-lfs && git-lfs/install.sh && rm -rf git-lfs 
[36mINFO[0m[0669] Found cached layer, extracting to filesystem 
[36mINFO[0m[0669] Taking snapshot of files...                  
[36mINFO[0m[0670] ENV JX_VERSION 2.0.568                       
[36mINFO[0m[0670] No files changed in this command, skipping snapshotting. 
[36mINFO[0m[0670] RUN curl -f -L https://github.com/jenkins-x/**/releases/download/v${JX_VERSION}/**-linux-amd64.tar.gz | tar xzv &&   mv ** /usr/bin/ 
[36mINFO[0m[0670] cmd: /bin/sh                                 
[36mINFO[0m[0670] args: [-c curl -f -L https://github.com/jenkins-x/**/releases/download/v${JX_VERSION}/**-linux-amd64.tar.gz | tar xzv &&   mv ** /usr/bin/] 
  % Total    % Received % Xferd  Average Speed   Time    Time     Time  Current
                                 Dload  Upload   Total   Spent    Left  Speed
  0     0    0     0    0     0      0      0 --:--:-- --:--:-- --:--:--     0100   612    0   612    0     0   1784      0 --:--:-- --:--:-- --:--:--  1789
LICENSE
README.md
changelog.md
**
  0     0    0     0    0     0      0      0 --:--:-- --:--:-- --:--:--     0 14 65.6M   14 9776k    0     0  6056k      0  0:00:11  0:00:01  0:00:10 9905k 49 65.6M   49 32.7M    0     0  12.5M      0  0:00:05  0:00:02  0:00:03 16.4M 92 65.6M   92 60.7M    0     0  16.7M      0  0:00:03  0:00:03 --:--:-- 20.2M100 65.6M  100 65.6M    0     0  16.8M      0  0:00:03  0:00:03 --:--:-- 20.0M
[36mINFO[0m[0674] Taking snapshot of full filesystem...        
[36mINFO[0m[0677] Adding whiteout for /var/cache/yum/x86_64/7/epel/d2d16b74b98b26292868d49413181da81c791150ce460be98bcf0628f3005bc7-updateinfo.xml.bz2 
[36mINFO[0m[0677] Adding whiteout for /var/cache/yum/x86_64/7/updates/gen/filelists_db.sqlite 
[36mINFO[0m[0677] Adding whiteout for /var/cache/yum/x86_64/7/epel/90a58610660455abd8f6aa587347a572e9ebc7bf949fd777fd9358d3d7c0b481-primary.sqlite.bz2 
[36mINFO[0m[0677] Adding whiteout for /var/cache/yum/x86_64/7/updates/2c2cf8e196fcaafe88087e86175911120578086d4648cb8260fbffc9326e2bcb-filelists.sqlite.bz2 
[36mINFO[0m[0677] Adding whiteout for /var/cache/yum/x86_64/7/epel/67524caa6631e887a5ec38e3facaaa685101876958e16bcb69c6e7a5f77aa607-primary.sqlite.bz2 
[36mINFO[0m[0677] Adding whiteout for /var/cache/yum/x86_64/7/epel/gen/comps.xml 
[36mINFO[0m[0677] Adding whiteout for /var/cache/yum/x86_64/7/epel/5bcd966a5e87d03e75963c79096fb0e5d5ad89a705a9f220c998fea556d32255-updateinfo.xml.bz2 
[36mINFO[0m[0677] Adding whiteout for /var/cache/yum/x86_64/7/base/a0ec5a4708a1026db100d4799c404c9ed48a9371a4bab234a1355f86628a244a-filelists.sqlite.bz2 
[36mINFO[0m[0677] Adding whiteout for /var/cache/yum/x86_64/7/base/gen/filelists_db.sqlite 
[36mINFO[0m[0677] Adding whiteout for /var/cache/yum/x86_64/7/updates/c317d43ffabba63436dd2fd246cd83fb0fef9cce712f8b67ef371e29e81aef4a-primary.sqlite.bz2 
[36mINFO[0m[0677] Adding whiteout for /var/cache/yum/x86_64/7/updates/7303cbcc9806f8d266e12f27067a972b40e736f13800129e79d035fdd8883df6-primary.sqlite.bz2 
[36mINFO[0m[0677] Adding whiteout for /var/cache/yum/x86_64/7/base/gen/comps.xml 
[36mINFO[0m[0754] Pushing layer gcr.io/jenkinsxio/cache:3c7e0f30cb4cdf191e5047369d6207ed970390794bffc1adb53395582f46676c to cache now 
[36mINFO[0m[0754] RUN cp /root/.bash_profile /etc/profile.d/bash_profile.sh 
[36mINFO[0m[0754] cmd: /bin/sh                                 
[36mINFO[0m[0754] args: [-c cp /root/.bash_profile /etc/profile.d/bash_profile.sh] 
[36mINFO[0m[0754] Taking snapshot of full filesystem...        
2019/08/07 21:00:27 pushed blob: sha256:331f70d5e0972709eca83454070ec50ee5280d0dc5b358d691706afa636351a9
2019/08/07 21:00:36 pushed blob: sha256:add805be825365a6586264591e79c7cc8245d96928e266bb05c84bb4d44fccc8
2019/08/07 21:00:37 gcr.io/jenkinsxio/cache:3c7e0f30cb4cdf191e5047369d6207ed970390794bffc1adb53395582f46676c: digest: sha256:591e1fe2981cf972585436c353410ac5e737d556ad918853b7529523f32bdd3f size: 429
[36mINFO[0m[0829] RUN mkdir -p /usr/src/app                    
[36mINFO[0m[0829] cmd: /bin/sh                                 
[36mINFO[0m[0829] args: [-c mkdir -p /usr/src/app]             
[36mINFO[0m[0829] Pushing layer gcr.io/jenkinsxio/cache:aae48f79e00450f16e576e57c6574396108444efdcf079340adc7e68f68da985 to cache now 
[36mINFO[0m[0829] Taking snapshot of full filesystem...        
2019/08/07 21:01:42 pushed blob: sha256:b9786cac17be104ba6fd994664ae6db0ee0a50a2f0eb87e174e03ef6d17da0bb
2019/08/07 21:01:42 pushed blob: sha256:6293cb0ebb6ba83eb4d971d4b4e3c1a0e2f39f89ba8c0554d63c7965423195da
2019/08/07 21:01:43 gcr.io/jenkinsxio/cache:aae48f79e00450f16e576e57c6574396108444efdcf079340adc7e68f68da985: digest: sha256:47b6c923e0d70e66edada0eed9bcddd18938bfab017c0c81a0e122893913a5cf size: 424
[36mINFO[0m[0914] RUN rm /etc/profile.d/bash_profile.sh        
[36mINFO[0m[0914] cmd: /bin/sh                                 
[36mINFO[0m[0914] args: [-c rm /etc/profile.d/bash_profile.sh] 
[36mINFO[0m[0914] Pushing layer gcr.io/jenkinsxio/cache:bb90538b840d56b7f0afa5e59523f6aaa0ac4c6dae74038dbb8cf7ddaef54b34 to cache now 
[36mINFO[0m[0914] Taking snapshot of full filesystem...        
2019/08/07 21:03:07 pushed blob: sha256:12d290868f91be1ecea03747b6afb8aca0937f7f45a73a4abaf2f1c04fc606c2
2019/08/07 21:03:07 pushed blob: sha256:7bf57c43c735734f55d57b5b1161856eddccb2593039498b976096b6fe193fc1
2019/08/07 21:03:08 gcr.io/jenkinsxio/cache:bb90538b840d56b7f0afa5e59523f6aaa0ac4c6dae74038dbb8cf7ddaef54b34: digest: sha256:74fb76a996e5387d1b11182b83202980e71adb96d7b579296f65c27264baac0a size: 424
[36mINFO[0m[0923] Adding whiteout for /etc/profile.d/bash_profile.sh 
[36mINFO[0m[0993] CMD ["conda", "--version"]                   
[36mINFO[0m[0993] No files changed in this command, skipping snapshotting. 
[36mINFO[0m[0993] Pushing layer gcr.io/jenkinsxio/cache:ec43d15183f0c64e538858ea9190f9ab7f0676659dfdb9c46e2fc4ad43c76581 to cache now 
2019/08/07 21:04:26 pushed blob: sha256:970fc30ed9b2f9ddee735804ffef4c6db701708e8c838a4b0041490348c899b1
2019/08/07 21:04:26 pushed blob: sha256:f7a8e64dc1e97e3dbcbe1ebdf904d741a4f9ef1f8999ce2409eed982f9eb20c4
2019/08/07 21:04:27 gcr.io/jenkinsxio/cache:ec43d15183f0c64e538858ea9190f9ab7f0676659dfdb9c46e2fc4ad43c76581: digest: sha256:46a6007267fc45acab8c5b6fc69196b4f876a0f2b9e41b39ff8d24cbfee5f19b size: 424
2019/08/07 21:04:28 existing blob: sha256:e5e2dacee7b09f7927bbd054ec3859e5555a27d569da5193f4cabac285053f9b
2019/08/07 21:04:28 existing blob: sha256:897e54f35a4b2ed07f22d316f09a9aa9ea68765f226654989a175bb51361e86e
2019/08/07 21:04:28 existing blob: sha256:ce53723240799b4450ccf6661e55e7277a52d14666b060a129af4125a69ac70e
2019/08/07 21:04:28 existing blob: sha256:d8c575b2b52888c9ee09cee8dba37cd3b3035555769295d514229d43fbf47d8e
2019/08/07 21:04:28 existing blob: sha256:d1f08e18f79c532c470770e5fb7824e610deebfdcfe3775f6a1ad385b65e5e95
2019/08/07 21:04:28 existing blob: sha256:7f205009ed1da43f1f35b5edc07400e345ce6c01cb46e1ae41365386e9434c45
2019/08/07 21:04:28 existing blob: sha256:d773df446b2002f5750748d96b7929546effb66991006aa6fb556a70823be462
2019/08/07 21:04:28 existing blob: sha256:065e519718393bdd264839cafc4d57eb600832a903765af6d41af5819dd4d160
2019/08/07 21:04:28 existing blob: sha256:429b38434357f169ce8a79a4bb39ca386ccf658ae7482b6ff602a86e6191960e
2019/08/07 21:04:28 existing blob: sha256:add805be825365a6586264591e79c7cc8245d96928e266bb05c84bb4d44fccc8
2019/08/07 21:04:28 existing blob: sha256:f25494c611ea091e11b157eb61a293f87abd08ed88d620a7c339749a5df70962
2019/08/07 21:04:28 existing blob: sha256:f9443307d73a890bbffbe23bbf8ce9a8e5e6d99b3a206bbd1959c80ea2cea61f
2019/08/07 21:04:28 existing blob: sha256:92ade984df77a2da628fb1374cdf03f767152d12cd5df74465e4bc8bb39edb58
2019/08/07 21:04:28 existing blob: sha256:7ec2ffb56c90d8cad824dd30eeb4abbbc7321596c47a7dca90095935c3c2b656
2019/08/07 21:04:28 existing blob: sha256:6756e87e029cdeb551ccf519eaebcf80e3441dd2bb37ed39b7c2268b4774b10b
2019/08/07 21:04:28 existing blob: sha256:f49b7820967adb88e448f3c2a00267d9ea953eabbd3a81db6b7906a4920623b4
2019/08/07 21:04:28 existing blob: sha256:f92a8369d697ee4bd7673d9254752c241eecc4a23096bbb32f3034d11811b5a1
2019/08/07 21:04:28 existing blob: sha256:2cde0a33cb63aa41a1ab3fbdc3afc787a086314a625c30f7b68bc7ac02c6660e
2019/08/07 21:04:28 existing blob: sha256:beeb2bddff350965322c530827ce314058a5af7f4f628d9ef9c97dd73e48d016
2019/08/07 21:04:28 existing blob: sha256:a8354d42e6911ab8001edfffa1934a1a9b357d1541f5cecc792b9a4172d76f46
2019/08/07 21:04:28 existing blob: sha256:7c017636a6a609d8d318a4bebb3b6cc13feaf476f6a2ecc83d28e117314d5f6f
2019/08/07 21:04:28 existing blob: sha256:bee0a13648017886c5915ce5dec608f24dbea7b8a1e044c8fb2105ceea408afa
2019/08/07 21:04:28 existing blob: sha256:05ee8f48257315be25616db5b2ef5381d577bdee423068b8408404125b64fde4
2019/08/07 21:04:28 existing blob: sha256:b1587e65165c461940963893326da19b2bc15471f6191bfdd9194758cb886aa6
2019/08/07 21:04:28 existing blob: sha256:b9786cac17be104ba6fd994664ae6db0ee0a50a2f0eb87e174e03ef6d17da0bb
2019/08/07 21:04:28 existing blob: sha256:7bf57c43c735734f55d57b5b1161856eddccb2593039498b976096b6fe193fc1
2019/08/07 21:04:28 existing blob: sha256:970fc30ed9b2f9ddee735804ffef4c6db701708e8c838a4b0041490348c899b1
2019/08/07 21:04:28 existing blob: sha256:b6fba42ef133eece995deb10c314cf8baa51ec1bd7dbea9ab259a5d79dcdfda1
2019/08/07 21:04:28 existing blob: sha256:5069d699406c01c82af4f4e6147348dc551cb5d39e0d20dd1750bdce5b49c585
2019/08/07 21:04:28 existing blob: sha256:94b3b7648b5544a05178b5994d088a23b3b253f02d4aa676b986f9e7fb36a10e
2019/08/07 21:04:28 existing blob: sha256:8ba884070f611d31cb2c42eddb691319dc9facf5e0ec67672fcfa135181ab3df
2019/08/07 21:04:28 existing blob: sha256:6d138d81df365a45ab5fcf8e3f3da8357c45afe495207ecd09d2af0eb98505c5
2019/08/07 21:04:28 existing blob: sha256:b1c1d1dc3c9b9ab62839f55f0b0da8856c9afa9d6fd1df987a48f582cc28183c
2019/08/07 21:04:28 existing blob: sha256:5470abb626135f17b82fe46ee94962781a8aba7069a4c0b1898182daa4f429e3
2019/08/07 21:04:30 pushed blob: sha256:4182a3f7fa7011a77fedd33d24617d36b90c2c745cd25240207069126d28d1ac
2019/08/07 21:04:31 pushed blob: sha256:4fb1debbfd2be87fff2fec95bb650c224cc7436197b03906d06281b0b5b679d8
2019/08/07 21:04:31 pushed blob: sha256:c61af98093e48c94c2a4d931664b63cedfc53c2d4eb5baa8a2709a18313c5556
2019/08/07 21:04:32 pushed blob: sha256:eea491e42a966068416983c8e212b2daaadf700385074e5f0edbe65ed3748ebb
2019/08/07 21:09:54 pushed blob: sha256:e6855e9a63818db424815692d4130c54d043f4d99ac22b673ee005c89029b872
2019/08/07 21:11:58 pushed blob: sha256:3714e54fcc302458e1f20db17b3b685fe4b9973480c052dbd9b25d820d495af5
2019/08/07 21:12:00 gcr.io/jenkinsxio/builder-machine-learning-gpu:0.0.0-SNAPSHOT-PR-33-51: digest: sha256:9774f51e786921fd0619a412d1f18731c9ccc770fd0a8d684f28e79cae82f14c size: 6656
